<?xml version="1.0" encoding="UTF-8"?>
<!-- Generated by org.testng.reporters.JUnitReportReporter -->
<testsuite hostname="DESKTOP-5OD0AA6" failures="0" tests="1" name="testCases.TC_169_WalidacjaZakładkiKsiążkaAdresowa_MyAccountPage" time="16.007" errors="0" timestamp="2024-09-24T20:02:39 CEST" skipped="0">
  <testcase classname="testCases.TC_169_WalidacjaZakładkiKsiążkaAdresowa_MyAccountPage" name="WalidacjaZakładkiMojaListaŻyczeń_MyAccountPage" time="16.007"/>
  <system-out/>
</testsuite> <!-- testCases.TC_169_WalidacjaZakładkiKsiążkaAdresowa_MyAccountPage -->
