<?xml version="1.0" encoding="UTF-8"?>
<!-- Generated by org.testng.reporters.JUnitReportReporter -->
<testsuite hostname="DESKTOP-5OD0AA6" failures="0" tests="1" name="testCases.TC_197_WalidacjaCheckBoxZmieńAdressEmail_MyAccountPage" time="9.824" errors="0" timestamp="2024-09-25T19:14:10 CEST" skipped="0">
  <testcase classname="testCases.TC_197_WalidacjaCheckBoxZmieńAdressEmail_MyAccountPage" name="WalidacjaCheckBoxZmieńAdressEmail_MyAccountPage" time="9.824"/>
  <system-out/>
</testsuite> <!-- testCases.TC_197_WalidacjaCheckBoxZmieńAdressEmail_MyAccountPage -->
