<?xml version="1.0" encoding="UTF-8"?>
<!-- Generated by org.testng.reporters.JUnitReportReporter -->
<testsuite hostname="DESKTOP-5OD0AA6" failures="0" tests="1" name="testCases.TC_005_WalidacjaNazwyStronyWhatsNew" time="3.993" errors="0" timestamp="2024-11-01T13:08:24 CET" skipped="0">
  <testcase classname="testCases.TC_005_WalidacjaNazwyStronyWhatsNew" name="WalidacjaNazwyStronyWhatsNew" time="3.993"/>
  <system-out/>
</testsuite> <!-- testCases.TC_005_WalidacjaNazwyStronyWhatsNew -->
