<?xml version="1.0" encoding="UTF-8"?>
<!-- Generated by org.testng.reporters.JUnitReportReporter -->
<testsuite hostname="DESKTOP-5OD0AA6" failures="0" tests="1" name="testCases.TC_150_WalidacjaTekstuKsiążkaAdresowa_MyAccountPage" time="5.247" errors="0" timestamp="2024-09-24T13:24:12 CEST" skipped="0">
  <testcase classname="testCases.TC_150_WalidacjaTekstuKsiążkaAdresowa_MyAccountPage" name="WalidacjaTekstuKsiążkaAdresowa_MyAccountPage" time="5.247"/>
  <system-out/>
</testsuite> <!-- testCases.TC_150_WalidacjaTekstuKsiążkaAdresowa_MyAccountPage -->
