<?xml version="1.0" encoding="UTF-8"?>
<!-- Generated by org.testng.reporters.JUnitReportReporter -->
<testsuite hostname="DESKTOP-FE26MCT" failures="0" tests="1" name="testCases.TC_039_WalidacjaNazwyStrony_Pants_M_MainMenu" time="5.426" errors="0" timestamp="2024-08-25T13:25:06 CEST" skipped="0">
  <testcase classname="testCases.TC_039_WalidacjaNazwyStrony_Pants_M_MainMenu" name="WalidacjaNazwyStrony_Pants_M_MainMenu" time="5.426"/>
  <system-out/>
</testsuite> <!-- testCases.TC_039_WalidacjaNazwyStrony_Pants_M_MainMenu -->
