<?xml version="1.0" encoding="UTF-8"?>
<!-- Generated by org.testng.reporters.JUnitReportReporter -->
<testsuite hostname="DESKTOP-FE26MCT" failures="0" tests="1" name="testCases.TC_037_WalidacjaNazwyStrony_Tees_M_MainMenu" time="5.095" errors="0" timestamp="2024-08-25T13:20:14 CEST" skipped="0">
  <testcase classname="testCases.TC_037_WalidacjaNazwyStrony_Tees_M_MainMenu" name="WalidacjaNazwyStrony_Tees_M_MainMenu" time="5.095"/>
  <system-out/>
</testsuite> <!-- testCases.TC_037_WalidacjaNazwyStrony_Tees_M_MainMenu -->
