<?xml version="1.0" encoding="UTF-8"?>
<!-- Generated by org.testng.reporters.JUnitReportReporter -->
<testsuite hostname="DESKTOP-5OD0AA6" failures="0" tests="1" name="testCases.TC_104_WalidacjaFunkcjonalności_LinkuKontakt_FooterPage" time="11.771" errors="0" timestamp="2024-09-07T13:48:38 CEST" skipped="0">
  <testcase classname="testCases.TC_104_WalidacjaFunkcjonalności_LinkuKontakt_FooterPage" name="WalidacjaFunkcjonalności_LinkuKontakt_FooterPage" time="11.771"/>
  <system-out/>
</testsuite> <!-- testCases.TC_104_WalidacjaFunkcjonalności_LinkuKontakt_FooterPage -->
