<?xml version="1.0" encoding="UTF-8"?>
<!-- Generated by org.testng.reporters.JUnitReportReporter -->
<testsuite hostname="DESKTOP-5OD0AA6" failures="0" tests="1" name="testCases.TC_021_WalidacjaNazwyStrony_Men" time="4.611" errors="0" timestamp="2024-11-07T22:03:39 CET" skipped="0">
  <testcase classname="testCases.TC_021_WalidacjaNazwyStrony_Men" name="WalidacjaNazwyStrony_Men" time="4.611"/>
  <system-out/>
</testsuite> <!-- testCases.TC_021_WalidacjaNazwyStrony_Men -->
