<?xml version="1.0" encoding="UTF-8"?>
<!-- Generated by org.testng.reporters.JUnitReportReporter -->
<testsuite hostname="DESKTOP-5OD0AA6" failures="0" tests="1" name="testCases.TC_201_WalidacjaWyświetlaniaTekstuOpcjiZakupów_Tops_M" time="5.583" errors="0" timestamp="2024-09-26T13:57:33 CEST" skipped="0">
  <testcase classname="testCases.TC_201_WalidacjaWyświetlaniaTekstuOpcjiZakupów_Tops_M" name="WalidacjaWyświetlaniaTekstuOpcjiZakupów_Tops_M" time="5.583"/>
  <system-out/>
</testsuite> <!-- testCases.TC_201_WalidacjaWyświetlaniaTekstuOpcjiZakupów_Tops_M -->
