<?xml version="1.0" encoding="UTF-8"?>
<!-- Generated by org.testng.reporters.JUnitReportReporter -->
<testsuite hostname="DESKTOP-5OD0AA6" failures="0" tests="1" name="testCases.TC_200_WalidacjaCheckBoxZdalnyAsystent_MyAccountPage" time="5.287" errors="0" timestamp="2024-11-01T13:08:24 CET" skipped="0">
  <testcase classname="testCases.TC_200_WalidacjaCheckBoxZdalnyAsystent_MyAccountPage" name="WalidacjaCheckBoxZdalnyAsystent_MyAccountPage" time="5.287"/>
  <system-out/>
</testsuite> <!-- testCases.TC_200_WalidacjaCheckBoxZdalnyAsystent_MyAccountPage -->
