<?xml version="1.0" encoding="UTF-8"?>
<!-- Generated by org.testng.reporters.JUnitReportReporter -->
<testsuite hostname="DESKTOP-5OD0AA6" failures="0" tests="1" name="testCases.TC_218_ValidationOfOptionsInSize_TopsPage_M" time="11.610" errors="0" timestamp="2025-01-04T14:34:56 CET" skipped="0">
  <testcase classname="testCases.TC_218_ValidationOfOptionsInSize_TopsPage_M" name="ValidationOfOptionsInSize_TopsPage_M" time="11.610"/>
  <system-out/>
</testsuite> <!-- testCases.TC_218_ValidationOfOptionsInSize_TopsPage_M -->
