<?xml version="1.0" encoding="UTF-8"?>
<!-- Generated by org.testng.reporters.JUnitReportReporter -->
<testsuite hostname="DESKTOP-5OD0AA6" failures="0" tests="1" name="testCases.TC_189_WalidacjaFunkcjonalnościUdostępnijWishList_MyAccountPage" time="15.612" errors="0" timestamp="2024-11-07T22:03:39 CET" skipped="0">
  <testcase classname="testCases.TC_189_WalidacjaFunkcjonalnościUdostępnijWishList_MyAccountPage" name="WalidacjaFunkcjonalnościUdostępnijWishList_MyAccountPage" time="15.612"/>
  <system-out/>
</testsuite> <!-- testCases.TC_189_WalidacjaFunkcjonalnościUdostępnijWishList_MyAccountPage -->
