<?xml version="1.0" encoding="UTF-8"?>
<!-- Generated by org.testng.reporters.JUnitReportReporter -->
<testsuite hostname="DESKTOP-5OD0AA6" failures="0" tests="1" name="testCases.TC_115_WalidacjaWyświetlaniaNagłówkówh2_PrivacyPage" time="5.475" errors="0" timestamp="2024-09-08T14:04:54 CEST" skipped="0">
  <testcase classname="testCases.TC_115_WalidacjaWyświetlaniaNagłówkówh2_PrivacyPage" name="WalidacjaWyświetlaniaNagłówkówh2_PrivacyPage" time="5.475"/>
  <system-out/>
</testsuite> <!-- testCases.TC_115_WalidacjaWyświetlaniaNagłówkówh2_PrivacyPage -->
