<?xml version="1.0" encoding="UTF-8"?>
<!-- Generated by org.testng.reporters.JUnitReportReporter -->
<testsuite hostname="DESKTOP-5OD0AA6" failures="0" tests="1" name="testCases.TC_006_ValidationOfDisplayingName_WhatsNew_NewInWomen" time="4.275" errors="0" timestamp="2025-01-05T10:47:51 CET" skipped="0">
  <testcase classname="testCases.TC_006_ValidationOfDisplayingName_WhatsNew_NewInWomen" name="ValidationOfDisplayingName_WhatsNew_NewInWomen" time="4.275"/>
  <system-out/>
</testsuite> <!-- testCases.TC_006_ValidationOfDisplayingName_WhatsNew_NewInWomen -->
