<?xml version="1.0" encoding="UTF-8"?>
<!-- Generated by org.testng.reporters.JUnitReportReporter -->
<testsuite hostname="DESKTOP-5OD0AA6" failures="0" tests="1" name="testCases.TC_066_WalidacjaZakładkiSzczegóły_PageProduct" time="4.704" errors="0" timestamp="2024-10-30T09:39:19 CET" skipped="0">
  <testcase classname="testCases.TC_066_WalidacjaZakładkiSzczegóły_PageProduct" name="WalidacjaPrzeglądaniaZdjęć_RightArrow_PageProduct" time="4.704"/>
  <system-out/>
</testsuite> <!-- testCases.TC_066_WalidacjaZakładkiSzczegóły_PageProduct -->
