<?xml version="1.0" encoding="UTF-8"?>
<!-- Generated by org.testng.reporters.JUnitReportReporter -->
<testsuite hostname="DESKTOP-5OD0AA6" failures="0" tests="1" name="testCases.TC_216_WalidacjaOpcjiWClimate_TopsPage_M" time="13.340" errors="0" timestamp="2024-09-29T12:15:45 CEST" skipped="0">
  <testcase classname="testCases.TC_216_WalidacjaOpcjiWClimate_TopsPage_M" name="WalidacjaOpcjiWClimate_TopsPage_M" time="13.340"/>
  <system-out/>
</testsuite> <!-- testCases.TC_216_WalidacjaOpcjiWClimate_TopsPage_M -->
