<?xml version="1.0" encoding="UTF-8"?>
<!-- Generated by org.testng.reporters.JUnitReportReporter -->
<testsuite hostname="DESKTOP-FE26MCT" failures="0" tests="1" name="testCases.TC_021_WalidacjaNazwyStrony_Men" time="7.347" errors="0" timestamp="2024-08-25T09:04:58 CEST" skipped="0">
  <testcase classname="testCases.TC_021_WalidacjaNazwyStrony_Men" name="WalidacjaNazwyStrony_Women" time="7.347"/>
  <system-out/>
</testsuite> <!-- testCases.TC_021_WalidacjaNazwyStrony_Men -->
