<?xml version="1.0" encoding="UTF-8"?>
<!-- Generated by org.testng.reporters.JUnitReportReporter -->
<testsuite hostname="DESKTOP-5OD0AA6" failures="0" tests="1" name="testCases.TC_185_WalidacjaLicznikaProduktówWZamówienia_MyAccountPage" time="6.965" errors="0" timestamp="2024-09-25T12:47:56 CEST" skipped="0">
  <testcase classname="testCases.TC_185_WalidacjaLicznikaProduktówWZamówienia_MyAccountPage" name="WalidacjaLicznikaProduktówWZamówienia_MyAccountPage" time="6.965"/>
  <system-out/>
</testsuite> <!-- testCases.TC_185_WalidacjaLicznikaProduktówWZamówienia_MyAccountPage -->
