<?xml version="1.0" encoding="UTF-8"?>
<!-- Generated by org.testng.reporters.JUnitReportReporter -->
<testsuite hostname="DESKTOP-FE26MCT" failures="0" tests="1" name="testCases.TC_044_WalidacjaNazwyStrony_Video_MainMenu" time="4.364" errors="0" timestamp="2024-08-25T16:42:53 CEST" skipped="0">
  <testcase classname="testCases.TC_044_WalidacjaNazwyStrony_Video_MainMenu" name="WalidacjaNazwyStrony_Video_MainMenu" time="4.364"/>
  <system-out/>
</testsuite> <!-- testCases.TC_044_WalidacjaNazwyStrony_Video_MainMenu -->
