<?xml version="1.0" encoding="UTF-8"?>
<!-- Generated by org.testng.reporters.JUnitReportReporter -->
<testsuite hostname="DESKTOP-5OD0AA6" failures="0" tests="1" name="testCases.TC_202_WalidacjaWyświetlaniaLicznikaPrzedmiotów_Tops_M" time="5.849" errors="0" timestamp="2024-09-26T14:14:25 CEST" skipped="0">
  <testcase classname="testCases.TC_202_WalidacjaWyświetlaniaLicznikaPrzedmiotów_Tops_M" name="WalidacjaWyświetlaniaLicznikaPrzedmiotów_Tops_M" time="5.849"/>
  <system-out/>
</testsuite> <!-- testCases.TC_202_WalidacjaWyświetlaniaLicznikaPrzedmiotów_Tops_M -->
