<?xml version="1.0" encoding="UTF-8"?>
<!-- Generated by org.testng.reporters.JUnitReportReporter -->
<testsuite hostname="DESKTOP-5OD0AA6" failures="0" tests="1" name="testCases.TC_113_WalidacjaWyświetlaniaDanychNagłówkaWTabeli_CustomerServicePage" time="4.983" errors="0" timestamp="2024-09-08T14:01:11 CEST" skipped="0">
  <testcase classname="testCases.TC_113_WalidacjaWyświetlaniaDanychNagłówkaWTabeli_CustomerServicePage" name="WalidacjaWyświetlaniaDanychNagłówkaWTabeli_CustomerServicePage" time="4.983"/>
  <system-out/>
</testsuite> <!-- testCases.TC_113_WalidacjaWyświetlaniaDanychNagłówkaWTabeli_CustomerServicePage -->
