<?xml version="1.0" encoding="UTF-8"?>
<!-- Generated by org.testng.reporters.JUnitReportReporter -->
<testsuite hostname="DESKTOP-5OD0AA6" failures="0" tests="1" name="testCases.TC_109_WalidacjaKlikalnonościLinkuShopLumaLuma_AboutUsPage" time="5.024" errors="0" timestamp="2024-09-08T10:41:17 CEST" skipped="0">
  <testcase classname="testCases.TC_109_WalidacjaKlikalnonościLinkuShopLumaLuma_AboutUsPage" name="WalidacjaKlikalnonościLinkuPrivacyLuma_AboutUsPage" time="5.024"/>
  <system-out/>
</testsuite> <!-- testCases.TC_109_WalidacjaKlikalnonościLinkuShopLumaLuma_AboutUsPage -->
