<?xml version="1.0" encoding="UTF-8"?>
<!-- Generated by org.testng.reporters.JUnitReportReporter -->
<testsuite hostname="DESKTOP-5OD0AA6" failures="0" tests="1" name="testCases.TC_091_WalidacjaTekstu_LinkuAboutUs_FooterPage" time="4.776" errors="0" timestamp="2024-09-05T11:53:22 CEST" skipped="0">
  <testcase classname="testCases.TC_091_WalidacjaTekstu_LinkuAboutUs_FooterPage" name="WalidacjaTekstu_LinkuAboutUs_FooterPage" time="4.776"/>
  <system-out/>
</testsuite> <!-- testCases.TC_091_WalidacjaTekstu_LinkuAboutUs_FooterPage -->
