<?xml version="1.0" encoding="UTF-8"?>
<!-- Generated by org.testng.reporters.JUnitReportReporter -->
<testsuite hostname="DESKTOP-5OD0AA6" failures="0" tests="1" name="testCases.TC_205_ValidationOfDropdownItemOptionByPrice_Tops_M" time="6.008" errors="0" timestamp="2025-01-03T18:06:47 CET" skipped="0">
  <testcase classname="testCases.TC_205_ValidationOfDropdownItemOptionByPrice_Tops_M" name="ValidationOfDropdownItemOptionByPrice_Tops_M" time="6.008"/>
  <system-out/>
</testsuite> <!-- testCases.TC_205_ValidationOfDropdownItemOptionByPrice_Tops_M -->
