<?xml version="1.0" encoding="UTF-8"?>
<!-- Generated by org.testng.reporters.JUnitReportReporter -->
<testsuite hostname="DESKTOP-5OD0AA6" failures="0" tests="1" name="testCases.TC_218_WalidacjaOpcjiWRozmiar_TopsPage_M" time="10.020" errors="0" timestamp="2024-09-30T11:43:41 CEST" skipped="0">
  <testcase classname="testCases.TC_218_WalidacjaOpcjiWRozmiar_TopsPage_M" name="WalidacjaOpcjiWRozmiar_TopsPage_M" time="10.020"/>
  <system-out/>
</testsuite> <!-- testCases.TC_218_WalidacjaOpcjiWRozmiar_TopsPage_M -->
