<?xml version="1.0" encoding="UTF-8"?>
<!-- Generated by org.testng.reporters.JUnitReportReporter -->
<testsuite hostname="DESKTOP-5OD0AA6" failures="0" tests="1" name="testCases.TC_181_WalidacjaWyświetlaniaPierwszegoProduktuWZakładceZamówienia_MyAccountPage" time="7.120" errors="0" timestamp="2024-09-25T10:49:46 CEST" skipped="0">
  <testcase classname="testCases.TC_181_WalidacjaWyświetlaniaPierwszegoProduktuWZakładceZamówienia_MyAccountPage" name="WalidacjaWyświetlaniaPierwszegoProduktuWZakładceZamówienia_MyAccountPage" time="7.120"/>
  <system-out/>
</testsuite> <!-- testCases.TC_181_WalidacjaWyświetlaniaPierwszegoProduktuWZakładceZamówienia_MyAccountPage -->
