<?xml version="1.0" encoding="UTF-8"?>
<!-- Generated by org.testng.reporters.JUnitReportReporter -->
<testsuite hostname="DESKTOP-5OD0AA6" failures="0" tests="1" name="testCases.TC_152_WalidacjaTekstuAdresDostawy_MyAccountPage" time="5.981" errors="0" timestamp="2024-09-25T12:39:17 CEST" skipped="0">
  <testcase classname="testCases.TC_152_WalidacjaTekstuAdresDostawy_MyAccountPage" name="WalidacjaTekstuAdresDostawy_MyAccountPage" time="5.981"/>
  <system-out/>
</testsuite> <!-- testCases.TC_152_WalidacjaTekstuAdresDostawy_MyAccountPage -->
