<?xml version="1.0" encoding="UTF-8"?>
<!-- Generated by org.testng.reporters.JUnitReportReporter -->
<testsuite hostname="DESKTOP-5OD0AA6" failures="0" tests="1" name="testCases.TC_049_WalidacjaNazwyStrony_Performence" time="4.773" errors="0" timestamp="2024-11-07T22:03:39 CET" skipped="0">
  <testcase classname="testCases.TC_049_WalidacjaNazwyStrony_Performence" name="WalidacjaNazwyStrony_Performence" time="4.773"/>
  <system-out/>
</testsuite> <!-- testCases.TC_049_WalidacjaNazwyStrony_Performence -->
