<?xml version="1.0" encoding="UTF-8"?>
<!-- Generated by org.testng.reporters.JUnitReportReporter -->
<testsuite hostname="DESKTOP-5OD0AA6" failures="0" tests="1" name="testCases.TC_161_WalidacjaLinkuZmieńNewslettery_MyAccountPage" time="6.754" errors="0" timestamp="2024-09-24T18:52:40 CEST" skipped="0">
  <testcase classname="testCases.TC_161_WalidacjaLinkuZmieńNewslettery_MyAccountPage" name="WalidacjaLinkuZmieńNewslettery_MyAccountPage" time="6.754"/>
  <system-out/>
</testsuite> <!-- testCases.TC_161_WalidacjaLinkuZmieńNewslettery_MyAccountPage -->
