<?xml version="1.0" encoding="UTF-8"?>
<!-- Generated by org.testng.reporters.JUnitReportReporter -->
<testsuite hostname="DESKTOP-5OD0AA6" failures="0" tests="1" name="testCases.TC_139_WalidacjaWyświetlaniaPrzyciskuZmianyJęzyka" time="4.874" errors="0" timestamp="2024-09-18T11:58:54 CEST" skipped="0">
  <testcase classname="testCases.TC_139_WalidacjaWyświetlaniaPrzyciskuZmianyJęzyka" name="WalidacjaWyświetlaniaPrzyciskuZmianyJęzyka" time="4.874"/>
  <system-out/>
</testsuite> <!-- testCases.TC_139_WalidacjaWyświetlaniaPrzyciskuZmianyJęzyka -->
