<?xml version="1.0" encoding="UTF-8"?>
<!-- Generated by org.testng.reporters.JUnitReportReporter -->
<testsuite hostname="DESKTOP-5OD0AA6" failures="0" tests="1" name="testCases.TC_149_WalidacjaTekstuNewslettery_MyAccountPage" time="5.625" errors="0" timestamp="2024-09-24T13:22:58 CEST" skipped="0">
  <testcase classname="testCases.TC_149_WalidacjaTekstuNewslettery_MyAccountPage" name="WalidacjaTekstuNewslettery_MyAccountPage" time="5.625"/>
  <system-out/>
</testsuite> <!-- testCases.TC_149_WalidacjaTekstuNewslettery_MyAccountPage -->
