<?xml version="1.0" encoding="UTF-8"?>
<!-- Generated by org.testng.reporters.JUnitReportReporter -->
<testsuite hostname="DESKTOP-5OD0AA6" failures="0" tests="1" name="testCases.TC_073_WalidacjaNazwProdukt贸w_ProductPage" time="4.743" errors="0" timestamp="2024-09-01T19:18:47 CEST" skipped="0">
  <testcase classname="testCases.TC_073_WalidacjaNazwProdukt贸w_ProductPage" name="WalidacjaNazwProdukt贸w_ProductPage" time="4.743"/>
  <system-out/>
</testsuite> <!-- testCases.TC_073_WalidacjaNazwProdukt贸w_ProductPage -->
