<?xml version="1.0" encoding="UTF-8"?>
<!-- Generated by org.testng.reporters.JUnitReportReporter -->
<testsuite hostname="DESKTOP-FE26MCT" failures="0" tests="1" name="testCases.TC_011_WalidacjaKategorii_WhatsNew_WPants" time="5.665" errors="0" timestamp="2024-08-24T12:42:57 CEST" skipped="0">
  <testcase classname="testCases.TC_011_WalidacjaKategorii_WhatsNew_WPants" name="WalidacjaKategorii_WhatsNew_WPants" time="5.665"/>
  <system-out/>
</testsuite> <!-- testCases.TC_011_WalidacjaKategorii_WhatsNew_WPants -->
