<?xml version="1.0" encoding="UTF-8"?>
<!-- Generated by org.testng.reporters.JUnitReportReporter -->
<testsuite hostname="DESKTOP-5OD0AA6" failures="0" tests="1" name="testCases.TC_078_WalidacjaKlikalnościTekstDodajOpinie_ProductPage" time="14.471" errors="0" timestamp="2024-09-02T18:14:44 CEST" skipped="0">
  <testcase classname="testCases.TC_078_WalidacjaKlikalnościTekstDodajOpinie_ProductPage" name="WalidacjaKlikalnościTekstDodajOpinie_ProductPage" time="14.471"/>
  <system-out/>
</testsuite> <!-- testCases.TC_078_WalidacjaKlikalnościTekstDodajOpinie_ProductPage -->
