<?xml version="1.0" encoding="UTF-8"?>
<!-- Generated by org.testng.reporters.JUnitReportReporter -->
<testsuite hostname="DESKTOP-FE26MCT" failures="0" tests="1" name="testCases.TC_013_Walidacja_NewInMens" time="4.946" errors="0" timestamp="2024-08-24T13:00:06 CEST" skipped="0">
  <testcase classname="testCases.TC_013_Walidacja_NewInMens" name="Walidacja_WhatsNew_NewInWomen" time="4.946"/>
  <system-out/>
</testsuite> <!-- testCases.TC_013_Walidacja_NewInMens -->
