<?xml version="1.0" encoding="UTF-8"?>
<!-- Generated by org.testng.reporters.JUnitReportReporter -->
<testsuite hostname="DESKTOP-FE26MCT" failures="0" tests="1" name="testCases.TC_030_WalidacjaNazwyStrony_BrasAndTanks_Kobiety_MainMenu" time="4.598" errors="0" timestamp="2024-08-25T12:14:27 CEST" skipped="0">
  <testcase classname="testCases.TC_030_WalidacjaNazwyStrony_BrasAndTanks_Kobiety_MainMenu" name="WalidacjaNazwyStrony_Tees_Kobiety_MainMenu" time="4.598"/>
  <system-out/>
</testsuite> <!-- testCases.TC_030_WalidacjaNazwyStrony_BrasAndTanks_Kobiety_MainMenu -->
