<?xml version="1.0" encoding="UTF-8"?>
<!-- Generated by org.testng.reporters.JUnitReportReporter -->
<testsuite hostname="DESKTOP-5OD0AA6" failures="0" tests="1" name="testCases.TC_001_WalidacjaPoprawnegoLogowania" time="5.365" errors="0" timestamp="2024-10-28T16:32:21 CET" skipped="0">
  <testcase classname="testCases.TC_001_WalidacjaPoprawnegoLogowania" name="WalidacjaPoprawnegoLogowania" time="5.365"/>
  <system-out/>
</testsuite> <!-- testCases.TC_001_WalidacjaPoprawnegoLogowania -->
