<?xml version="1.0" encoding="UTF-8"?>
<!-- Generated by org.testng.reporters.JUnitReportReporter -->
<testsuite hostname="DESKTOP-FE26MCT" failures="0" tests="1" name="testCases.TC_052_WalidacjaOpisu_HotSeller" time="5.241" errors="0" timestamp="2024-08-26T18:03:49 CEST" skipped="0">
  <testcase classname="testCases.TC_052_WalidacjaOpisu_HotSeller" name="WalidacjaNazwy_HotSeller" time="5.241"/>
  <system-out/>
</testsuite> <!-- testCases.TC_052_WalidacjaOpisu_HotSeller -->
