<?xml version="1.0" encoding="UTF-8"?>
<!-- Generated by org.testng.reporters.JUnitReportReporter -->
<testsuite hostname="DESKTOP-5OD0AA6" failures="0" tests="1" name="testCases.TC_165_WalidacjaLinkuZobaczWszystkie_MyAccountPage" time="6.605" errors="0" timestamp="2024-09-24T19:08:43 CEST" skipped="0">
  <testcase classname="testCases.TC_165_WalidacjaLinkuZobaczWszystkie_MyAccountPage" name="WalidacjaLinkuZobaczWszystkie_MyAccountPage" time="6.605"/>
  <system-out/>
</testsuite> <!-- testCases.TC_165_WalidacjaLinkuZobaczWszystkie_MyAccountPage -->
