<?xml version="1.0" encoding="UTF-8"?>
<!-- Generated by org.testng.reporters.JUnitReportReporter -->
<testsuite hostname="DESKTOP-5OD0AA6" failures="0" tests="1" name="testCases.TC_118_WalidacjaDanychTabeli_PrivacyPage" time="4.917" errors="0" timestamp="2024-09-08T14:54:51 CEST" skipped="0">
  <testcase classname="testCases.TC_118_WalidacjaDanychTabeli_PrivacyPage" name="WalidacjaDanychTabeli_PrivacyPage" time="4.917"/>
  <system-out/>
</testsuite> <!-- testCases.TC_118_WalidacjaDanychTabeli_PrivacyPage -->
