<?xml version="1.0" encoding="UTF-8"?>
<!-- Generated by org.testng.reporters.JUnitReportReporter -->
<testsuite hostname="DESKTOP-FE26MCT" failures="0" tests="1" name="testCases.TC_034_WalidacjaNazwyStrony_Bottom_M" time="8.530" errors="0" timestamp="2024-08-25T13:05:21 CEST" skipped="0">
  <testcase classname="testCases.TC_034_WalidacjaNazwyStrony_Bottom_M" name="WalidacjaNazwyStrony_Training" time="8.530"/>
  <system-out/>
</testsuite> <!-- testCases.TC_034_WalidacjaNazwyStrony_Bottom_M -->
