<?xml version="1.0" encoding="UTF-8"?>
<!-- Generated by org.testng.reporters.JUnitReportReporter -->
<testsuite hostname="DESKTOP-5OD0AA6" failures="0" tests="1" name="testCases.TC_196_ValidationOfFunctionalitySubscribeNewsletterCheckBox_MyAccountPage" time="8.456" errors="0" timestamp="2025-01-03T10:56:09 CET" skipped="0">
  <testcase classname="testCases.TC_196_ValidationOfFunctionalitySubscribeNewsletterCheckBox_MyAccountPage" name="ValidationOfFunctionalitySubscribeNewsletterCheckBox_MyAccountPage" time="8.456"/>
  <system-out/>
</testsuite> <!-- testCases.TC_196_ValidationOfFunctionalitySubscribeNewsletterCheckBox_MyAccountPage -->
