<?xml version="1.0" encoding="UTF-8"?>
<!-- Generated by org.testng.reporters.JUnitReportReporter -->
<testsuite hostname="DESKTOP-5OD0AA6" failures="0" tests="1" name="testCases.TC_067_WalidacjaModułuWięcejInfo_PageProduct" time="4.725" errors="0" timestamp="2024-09-01T16:04:38 CEST" skipped="0">
  <testcase classname="testCases.TC_067_WalidacjaModułuWięcejInfo_PageProduct" name="WalidacjaModułuWięcejInfo_PageProduct" time="4.725"/>
  <system-out/>
</testsuite> <!-- testCases.TC_067_WalidacjaModułuWięcejInfo_PageProduct -->
