<?xml version="1.0" encoding="UTF-8"?>
<!-- Generated by org.testng.reporters.JUnitReportReporter -->
<testsuite hostname="DESKTOP-5OD0AA6" failures="0" tests="1" name="testCases.TC_072_WalidacjaNazwProdukt贸w_ProductPage" time="10.887" errors="0" timestamp="2024-09-01T19:16:22 CEST" skipped="0">
  <testcase classname="testCases.TC_072_WalidacjaNazwProdukt贸w_ProductPage" name="WalidacjaNazwProdukt贸w_ProductPage" time="10.887"/>
  <system-out/>
</testsuite> <!-- testCases.TC_072_WalidacjaNazwProdukt贸w_ProductPage -->
