<?xml version="1.0" encoding="UTF-8"?>
<!-- Generated by org.testng.reporters.JUnitReportReporter -->
<testsuite hostname="DESKTOP-5OD0AA6" failures="0" tests="1" name="testCases.TC_112_WalidacjaWyświetlaniaNagłówków_h3_CustomerServicePage" time="5.068" errors="0" timestamp="2024-09-08T14:00:50 CEST" skipped="0">
  <testcase classname="testCases.TC_112_WalidacjaWyświetlaniaNagłówków_h3_CustomerServicePage" name="WalidacjaWyświetlaniaNagłówków_h3_CustomerServicePage" time="5.068"/>
  <system-out/>
</testsuite> <!-- testCases.TC_112_WalidacjaWyświetlaniaNagłówków_h3_CustomerServicePage -->
