<?xml version="1.0" encoding="UTF-8"?>
<!-- Generated by org.testng.reporters.JUnitReportReporter -->
<testsuite hostname="DESKTOP-5OD0AA6" failures="0" tests="1" name="testCases.TC_159_WalidacjaLinkuPozwalającyZmienićDaneKonta" time="6.957" errors="0" timestamp="2024-09-24T18:46:33 CEST" skipped="0">
  <testcase classname="testCases.TC_159_WalidacjaLinkuPozwalającyZmienićDaneKonta" name="WalidacjaLinkuPozwalającyZmienićDaneKonta" time="6.957"/>
  <system-out/>
</testsuite> <!-- testCases.TC_159_WalidacjaLinkuPozwalającyZmienićDaneKonta -->
