<?xml version="1.0" encoding="UTF-8"?>
<!-- Generated by org.testng.reporters.JUnitReportReporter -->
<testsuite hostname="DESKTOP-FE26MCT" failures="0" tests="1" name="testCases.TC_029_WalidacjaNazwyStrony_Tees_Kobiety_MainMenu" time="4.727" errors="0" timestamp="2024-08-25T12:11:35 CEST" skipped="0">
  <testcase classname="testCases.TC_029_WalidacjaNazwyStrony_Tees_Kobiety_MainMenu" name="WalidacjaNazwyStrony_Tees_Kobiety_MainMenu" time="4.727"/>
  <system-out/>
</testsuite> <!-- testCases.TC_029_WalidacjaNazwyStrony_Tees_Kobiety_MainMenu -->
