<?xml version="1.0" encoding="UTF-8"?>
<!-- Generated by org.testng.reporters.JUnitReportReporter -->
<testsuite hostname="DESKTOP-5OD0AA6" failures="0" tests="1" name="testCases.TC_065_WalidacjaPrzeglądaniaZdjęć_RightArrow_PageProduct" time="5.550" errors="0" timestamp="2024-11-01T06:47:27 CET" skipped="0">
  <testcase classname="testCases.TC_065_WalidacjaPrzeglądaniaZdjęć_RightArrow_PageProduct" name="WalidacjaPrzeglądaniaZdjęć_RightArrow_PageProduct" time="5.550"/>
  <system-out/>
</testsuite> <!-- testCases.TC_065_WalidacjaPrzeglądaniaZdjęć_RightArrow_PageProduct -->
