<?xml version="1.0" encoding="UTF-8"?>
<!-- Generated by org.testng.reporters.JUnitReportReporter -->
<testsuite hostname="DESKTOP-5OD0AA6" failures="0" tests="1" name="testCases.TC_066_WalidacjaModułuSzczegóły_PageProduct" time="4.785" errors="0" timestamp="2024-09-01T15:52:33 CEST" skipped="0">
  <testcase classname="testCases.TC_066_WalidacjaModułuSzczegóły_PageProduct" name="WalidacjaPrzeglądaniaZdjęć_RightArrow_PageProduct" time="4.785"/>
  <system-out/>
</testsuite> <!-- testCases.TC_066_WalidacjaModułuSzczegóły_PageProduct -->
