<?xml version="1.0" encoding="UTF-8"?>
<!-- Generated by org.testng.reporters.JUnitReportReporter -->
<testsuite hostname="DESKTOP-5OD0AA6" failures="0" tests="1" name="testCases.TC_099_WalidacjaFunkcjonalności_LinkuService_FooterPage" time="6.394" errors="0" timestamp="2024-09-06T08:36:42 CEST" skipped="0">
  <testcase classname="testCases.TC_099_WalidacjaFunkcjonalności_LinkuService_FooterPage" name="WalidacjaFunkcjonalności_LinkuService_FooterPage" time="6.394"/>
  <system-out/>
</testsuite> <!-- testCases.TC_099_WalidacjaFunkcjonalności_LinkuService_FooterPage -->
