<?xml version="1.0" encoding="UTF-8"?>
<!-- Generated by org.testng.reporters.JUnitReportReporter -->
<testsuite hostname="DESKTOP-5OD0AA6" failures="0" tests="29" name="testCases.TC_002_WalidacjaNiepoprawnejRejestracji_TDD" time="265.117" errors="0" timestamp="2024-10-30T11:42:50 CET" skipped="0">
  <testcase classname="testCases.TC_002_WalidacjaNiepoprawnejRejestracji_TDD" name="WalidacjaRejestracji_TDD" time="9.271"/>
  <system-out/>
  <testcase classname="testCases.TC_002_WalidacjaNiepoprawnejRejestracji_TDD" name="WalidacjaRejestracji_TDD" time="11.045"/>
  <system-out/>
  <testcase classname="testCases.TC_002_WalidacjaNiepoprawnejRejestracji_TDD" name="WalidacjaRejestracji_TDD" time="8.914"/>
  <system-out/>
  <testcase classname="testCases.TC_002_WalidacjaNiepoprawnejRejestracji_TDD" name="WalidacjaRejestracji_TDD" time="9.077"/>
  <system-out/>
  <testcase classname="testCases.TC_002_WalidacjaNiepoprawnejRejestracji_TDD" name="WalidacjaRejestracji_TDD" time="8.960"/>
  <system-out/>
  <testcase classname="testCases.TC_002_WalidacjaNiepoprawnejRejestracji_TDD" name="WalidacjaRejestracji_TDD" time="9.398"/>
  <system-out/>
  <testcase classname="testCases.TC_002_WalidacjaNiepoprawnejRejestracji_TDD" name="WalidacjaRejestracji_TDD" time="8.887"/>
  <system-out/>
  <testcase classname="testCases.TC_002_WalidacjaNiepoprawnejRejestracji_TDD" name="WalidacjaRejestracji_TDD" time="9.011"/>
  <system-out/>
  <testcase classname="testCases.TC_002_WalidacjaNiepoprawnejRejestracji_TDD" name="WalidacjaRejestracji_TDD" time="8.968"/>
  <system-out/>
  <testcase classname="testCases.TC_002_WalidacjaNiepoprawnejRejestracji_TDD" name="WalidacjaRejestracji_TDD" time="9.606"/>
  <system-out/>
  <testcase classname="testCases.TC_002_WalidacjaNiepoprawnejRejestracji_TDD" name="WalidacjaRejestracji_TDD" time="8.825"/>
  <system-out/>
  <testcase classname="testCases.TC_002_WalidacjaNiepoprawnejRejestracji_TDD" name="WalidacjaRejestracji_TDD" time="9.043"/>
  <system-out/>
  <testcase classname="testCases.TC_002_WalidacjaNiepoprawnejRejestracji_TDD" name="WalidacjaRejestracji_TDD" time="9.028"/>
  <system-out/>
  <testcase classname="testCases.TC_002_WalidacjaNiepoprawnejRejestracji_TDD" name="WalidacjaRejestracji_TDD" time="8.884"/>
  <system-out/>
  <testcase classname="testCases.TC_002_WalidacjaNiepoprawnejRejestracji_TDD" name="WalidacjaRejestracji_TDD" time="8.953"/>
  <system-out/>
  <testcase classname="testCases.TC_002_WalidacjaNiepoprawnejRejestracji_TDD" name="WalidacjaRejestracji_TDD" time="8.909"/>
  <system-out/>
  <testcase classname="testCases.TC_002_WalidacjaNiepoprawnejRejestracji_TDD" name="WalidacjaRejestracji_TDD" time="9.265"/>
  <system-out/>
  <testcase classname="testCases.TC_002_WalidacjaNiepoprawnejRejestracji_TDD" name="WalidacjaRejestracji_TDD" time="8.974"/>
  <system-out/>
  <testcase classname="testCases.TC_002_WalidacjaNiepoprawnejRejestracji_TDD" name="WalidacjaRejestracji_TDD" time="8.943"/>
  <system-out/>
  <testcase classname="testCases.TC_002_WalidacjaNiepoprawnejRejestracji_TDD" name="WalidacjaRejestracji_TDD" time="9.672"/>
  <system-out/>
  <testcase classname="testCases.TC_002_WalidacjaNiepoprawnejRejestracji_TDD" name="WalidacjaRejestracji_TDD" time="9.243"/>
  <system-out/>
  <testcase classname="testCases.TC_002_WalidacjaNiepoprawnejRejestracji_TDD" name="WalidacjaRejestracji_TDD" time="8.976"/>
  <system-out/>
  <testcase classname="testCases.TC_002_WalidacjaNiepoprawnejRejestracji_TDD" name="WalidacjaRejestracji_TDD" time="9.441"/>
  <system-out/>
  <testcase classname="testCases.TC_002_WalidacjaNiepoprawnejRejestracji_TDD" name="WalidacjaRejestracji_TDD" time="8.846"/>
  <system-out/>
  <testcase classname="testCases.TC_002_WalidacjaNiepoprawnejRejestracji_TDD" name="WalidacjaRejestracji_TDD" time="9.017"/>
  <system-out/>
  <testcase classname="testCases.TC_002_WalidacjaNiepoprawnejRejestracji_TDD" name="WalidacjaRejestracji_TDD" time="9.013"/>
  <system-out/>
  <testcase classname="testCases.TC_002_WalidacjaNiepoprawnejRejestracji_TDD" name="WalidacjaRejestracji_TDD" time="9.064"/>
  <system-out/>
  <testcase classname="testCases.TC_002_WalidacjaNiepoprawnejRejestracji_TDD" name="WalidacjaRejestracji_TDD" time="8.939"/>
  <system-out/>
  <testcase classname="testCases.TC_002_WalidacjaNiepoprawnejRejestracji_TDD" name="WalidacjaRejestracji_TDD" time="8.945"/>
  <system-out/>
</testsuite> <!-- testCases.TC_002_WalidacjaNiepoprawnejRejestracji_TDD -->
