<?xml version="1.0" encoding="UTF-8"?>
<!-- Generated by org.testng.reporters.JUnitReportReporter -->
<testsuite hostname="DESKTOP-5OD0AA6" failures="0" tests="1" name="testCases.TC_208_WalidacjaOpcjiWCeny_TopsPage_M" time="11.626" errors="0" timestamp="2024-09-27T12:20:20 CEST" skipped="0">
  <testcase classname="testCases.TC_208_WalidacjaOpcjiWCeny_TopsPage_M" name="WalidacjaOpcjiWCeny_TopsPage_M" time="11.626"/>
  <system-out/>
</testsuite> <!-- testCases.TC_208_WalidacjaOpcjiWCeny_TopsPage_M -->
