<?xml version="1.0" encoding="UTF-8"?>
<!-- Generated by org.testng.reporters.JUnitReportReporter -->
<testsuite hostname="DESKTOP-5OD0AA6" failures="0" tests="1" name="testCases.TC_143_WalidacjaWyświetlaniaTekstuKsiążkaAdresowa_MyAccountPage" time="6.112" errors="0" timestamp="2024-09-25T12:32:10 CEST" skipped="0">
  <testcase classname="testCases.TC_143_WalidacjaWyświetlaniaTekstuKsiążkaAdresowa_MyAccountPage" name="WalidacjaWyświetlaniaTekstuKsiążkaAdresowa_MyAccountPage" time="6.112"/>
  <system-out/>
</testsuite> <!-- testCases.TC_143_WalidacjaWyświetlaniaTekstuKsiążkaAdresowa_MyAccountPage -->
