<?xml version="1.0" encoding="UTF-8"?>
<!-- Generated by org.testng.reporters.JUnitReportReporter -->
<testsuite hostname="DESKTOP-5OD0AA6" failures="0" tests="1" name="testCases.TC_061_WalidacjaRozmiarówProduktów_KartaZProduktem" time="4.972" errors="0" timestamp="2024-08-31T12:44:55 CEST" skipped="0">
  <testcase classname="testCases.TC_061_WalidacjaRozmiarówProduktów_KartaZProduktem" name="WalidacjaRozmiarówProduktów_KartaZProduktem" time="4.972"/>
  <system-out/>
</testsuite> <!-- testCases.TC_061_WalidacjaRozmiarówProduktów_KartaZProduktem -->
