<?xml version="1.0" encoding="UTF-8"?>
<!-- Generated by org.testng.reporters.JUnitReportReporter -->
<testsuite hostname="DESKTOP-5OD0AA6" failures="0" tests="1" name="testCases.TC_063_PoprawneDodawanieProduktu_ProductPage" time="6.025" errors="0" timestamp="2024-11-07T22:03:39 CET" skipped="0">
  <testcase classname="testCases.TC_063_PoprawneDodawanieProduktu_ProductPage" name="PoprawneDodawanieProduktu_ProductPage" time="6.025"/>
  <system-out/>
</testsuite> <!-- testCases.TC_063_PoprawneDodawanieProduktu_ProductPage -->
