<?xml version="1.0" encoding="UTF-8"?>
<!-- Generated by org.testng.reporters.JUnitReportReporter -->
<testsuite hostname="DESKTOP-5OD0AA6" failures="0" tests="1" name="testCases.TC_060_WalidacjaCenyProduktu_KartaZProduktem" time="4.932" errors="0" timestamp="2024-09-02T11:23:17 CEST" skipped="0">
  <testcase classname="testCases.TC_060_WalidacjaCenyProduktu_KartaZProduktem" name="WalidacjaCenyProduktu" time="4.932"/>
  <system-out/>
</testsuite> <!-- testCases.TC_060_WalidacjaCenyProduktu_KartaZProduktem -->
