<?xml version="1.0" encoding="UTF-8"?>
<!-- Generated by org.testng.reporters.JUnitReportReporter -->
<testsuite hostname="DESKTOP-5OD0AA6" failures="0" tests="1" name="testCases.TC_153_WalidacjaTekstuOstatnieZam贸wienia_MyAccountPage" time="5.340" errors="0" timestamp="2024-09-24T13:30:20 CEST" skipped="0">
  <testcase classname="testCases.TC_153_WalidacjaTekstuOstatnieZam贸wienia_MyAccountPage" name="WalidacjaTekstuOstatnieZam贸wienia_MyAccountPage" time="5.340"/>
  <system-out/>
</testsuite> <!-- testCases.TC_153_WalidacjaTekstuOstatnieZam贸wienia_MyAccountPage -->
