<?xml version="1.0" encoding="UTF-8"?>
<!-- Generated by org.testng.reporters.JUnitReportReporter -->
<testsuite hostname="DESKTOP-5OD0AA6" failures="0" tests="1" name="testCases.TC_062_WalidacjaKolorówProduktów_KartaZProduktem" time="4.976" errors="0" timestamp="2024-08-31T13:14:15 CEST" skipped="0">
  <testcase classname="testCases.TC_062_WalidacjaKolorówProduktów_KartaZProduktem" name="WalidacjaKolorówProduktów_KartaZProduktem" time="4.976"/>
  <system-out/>
</testsuite> <!-- testCases.TC_062_WalidacjaKolorówProduktów_KartaZProduktem -->
