<?xml version="1.0" encoding="UTF-8"?>
<!-- Generated by org.testng.reporters.JUnitReportReporter -->
<testsuite hostname="DESKTOP-5OD0AA6" failures="0" tests="33" name="testCases.TC_219_WalidacjaZakładkiEdytujInformacjeKontaTDD_MainAccountPage" time="458.072" errors="0" timestamp="2024-10-13T11:27:40 CEST" skipped="0">
  <testcase classname="testCases.TC_219_WalidacjaZakładkiEdytujInformacjeKontaTDD_MainAccountPage" name="WalidacjaZakładkiEdytujInformacjeKontaTDD_MainAccountPage" time="15.574"/>
  <system-out/>
  <testcase classname="testCases.TC_219_WalidacjaZakładkiEdytujInformacjeKontaTDD_MainAccountPage" name="WalidacjaZakładkiEdytujInformacjeKontaTDD_MainAccountPage" time="6.062"/>
  <system-out/>
  <testcase classname="testCases.TC_219_WalidacjaZakładkiEdytujInformacjeKontaTDD_MainAccountPage" name="WalidacjaZakładkiEdytujInformacjeKontaTDD_MainAccountPage" time="15.416"/>
  <system-out/>
  <testcase classname="testCases.TC_219_WalidacjaZakładkiEdytujInformacjeKontaTDD_MainAccountPage" name="WalidacjaZakładkiEdytujInformacjeKontaTDD_MainAccountPage" time="15.459"/>
  <system-out/>
  <testcase classname="testCases.TC_219_WalidacjaZakładkiEdytujInformacjeKontaTDD_MainAccountPage" name="WalidacjaZakładkiEdytujInformacjeKontaTDD_MainAccountPage" time="15.574"/>
  <system-out/>
  <testcase classname="testCases.TC_219_WalidacjaZakładkiEdytujInformacjeKontaTDD_MainAccountPage" name="WalidacjaZakładkiEdytujInformacjeKontaTDD_MainAccountPage" time="6.363"/>
  <system-out/>
  <testcase classname="testCases.TC_219_WalidacjaZakładkiEdytujInformacjeKontaTDD_MainAccountPage" name="WalidacjaZakładkiEdytujInformacjeKontaTDD_MainAccountPage" time="15.487"/>
  <system-out/>
  <testcase classname="testCases.TC_219_WalidacjaZakładkiEdytujInformacjeKontaTDD_MainAccountPage" name="WalidacjaZakładkiEdytujInformacjeKontaTDD_MainAccountPage" time="15.575"/>
  <system-out/>
  <testcase classname="testCases.TC_219_WalidacjaZakładkiEdytujInformacjeKontaTDD_MainAccountPage" name="WalidacjaZakładkiEdytujInformacjeKontaTDD_MainAccountPage" time="6.084"/>
  <system-out/>
  <testcase classname="testCases.TC_219_WalidacjaZakładkiEdytujInformacjeKontaTDD_MainAccountPage" name="WalidacjaZakładkiEdytujInformacjeKontaTDD_MainAccountPage" time="15.744"/>
  <system-out/>
  <testcase classname="testCases.TC_219_WalidacjaZakładkiEdytujInformacjeKontaTDD_MainAccountPage" name="WalidacjaZakładkiEdytujInformacjeKontaTDD_MainAccountPage" time="15.598"/>
  <system-out/>
  <testcase classname="testCases.TC_219_WalidacjaZakładkiEdytujInformacjeKontaTDD_MainAccountPage" name="WalidacjaZakładkiEdytujInformacjeKontaTDD_MainAccountPage" time="15.457"/>
  <system-out/>
  <testcase classname="testCases.TC_219_WalidacjaZakładkiEdytujInformacjeKontaTDD_MainAccountPage" name="WalidacjaZakładkiEdytujInformacjeKontaTDD_MainAccountPage" time="15.964"/>
  <system-out/>
  <testcase classname="testCases.TC_219_WalidacjaZakładkiEdytujInformacjeKontaTDD_MainAccountPage" name="WalidacjaZakładkiEdytujInformacjeKontaTDD_MainAccountPage" time="6.102"/>
  <system-out/>
  <testcase classname="testCases.TC_219_WalidacjaZakładkiEdytujInformacjeKontaTDD_MainAccountPage" name="WalidacjaZakładkiEdytujInformacjeKontaTDD_MainAccountPage" time="15.586"/>
  <system-out/>
  <testcase classname="testCases.TC_219_WalidacjaZakładkiEdytujInformacjeKontaTDD_MainAccountPage" name="WalidacjaZakładkiEdytujInformacjeKontaTDD_MainAccountPage" time="15.579"/>
  <system-out/>
  <testcase classname="testCases.TC_219_WalidacjaZakładkiEdytujInformacjeKontaTDD_MainAccountPage" name="WalidacjaZakładkiEdytujInformacjeKontaTDD_MainAccountPage" time="15.622"/>
  <system-out/>
  <testcase classname="testCases.TC_219_WalidacjaZakładkiEdytujInformacjeKontaTDD_MainAccountPage" name="WalidacjaZakładkiEdytujInformacjeKontaTDD_MainAccountPage" time="15.594"/>
  <system-out/>
  <testcase classname="testCases.TC_219_WalidacjaZakładkiEdytujInformacjeKontaTDD_MainAccountPage" name="WalidacjaZakładkiEdytujInformacjeKontaTDD_MainAccountPage" time="15.736"/>
  <system-out/>
  <testcase classname="testCases.TC_219_WalidacjaZakładkiEdytujInformacjeKontaTDD_MainAccountPage" name="WalidacjaZakładkiEdytujInformacjeKontaTDD_MainAccountPage" time="15.556"/>
  <system-out/>
  <testcase classname="testCases.TC_219_WalidacjaZakładkiEdytujInformacjeKontaTDD_MainAccountPage" name="WalidacjaZakładkiEdytujInformacjeKontaTDD_MainAccountPage" time="15.511"/>
  <system-out/>
  <testcase classname="testCases.TC_219_WalidacjaZakładkiEdytujInformacjeKontaTDD_MainAccountPage" name="WalidacjaZakładkiEdytujInformacjeKontaTDD_MainAccountPage" time="15.524"/>
  <system-out/>
  <testcase classname="testCases.TC_219_WalidacjaZakładkiEdytujInformacjeKontaTDD_MainAccountPage" name="WalidacjaZakładkiEdytujInformacjeKontaTDD_MainAccountPage" time="15.585"/>
  <system-out/>
  <testcase classname="testCases.TC_219_WalidacjaZakładkiEdytujInformacjeKontaTDD_MainAccountPage" name="WalidacjaZakładkiEdytujInformacjeKontaTDD_MainAccountPage" time="15.374"/>
  <system-out/>
  <testcase classname="testCases.TC_219_WalidacjaZakładkiEdytujInformacjeKontaTDD_MainAccountPage" name="WalidacjaZakładkiEdytujInformacjeKontaTDD_MainAccountPage" time="5.963"/>
  <system-out/>
  <testcase classname="testCases.TC_219_WalidacjaZakładkiEdytujInformacjeKontaTDD_MainAccountPage" name="WalidacjaZakładkiEdytujInformacjeKontaTDD_MainAccountPage" time="15.647"/>
  <system-out/>
  <testcase classname="testCases.TC_219_WalidacjaZakładkiEdytujInformacjeKontaTDD_MainAccountPage" name="WalidacjaZakładkiEdytujInformacjeKontaTDD_MainAccountPage" time="15.490"/>
  <system-out/>
  <testcase classname="testCases.TC_219_WalidacjaZakładkiEdytujInformacjeKontaTDD_MainAccountPage" name="WalidacjaZakładkiEdytujInformacjeKontaTDD_MainAccountPage" time="6.237"/>
  <system-out/>
  <testcase classname="testCases.TC_219_WalidacjaZakładkiEdytujInformacjeKontaTDD_MainAccountPage" name="WalidacjaZakładkiEdytujInformacjeKontaTDD_MainAccountPage" time="15.732"/>
  <system-out/>
  <testcase classname="testCases.TC_219_WalidacjaZakładkiEdytujInformacjeKontaTDD_MainAccountPage" name="WalidacjaZakładkiEdytujInformacjeKontaTDD_MainAccountPage" time="15.695"/>
  <system-out/>
  <testcase classname="testCases.TC_219_WalidacjaZakładkiEdytujInformacjeKontaTDD_MainAccountPage" name="WalidacjaZakładkiEdytujInformacjeKontaTDD_MainAccountPage" time="15.484"/>
  <system-out/>
  <testcase classname="testCases.TC_219_WalidacjaZakładkiEdytujInformacjeKontaTDD_MainAccountPage" name="WalidacjaZakładkiEdytujInformacjeKontaTDD_MainAccountPage" time="16.083"/>
  <system-out/>
  <testcase classname="testCases.TC_219_WalidacjaZakładkiEdytujInformacjeKontaTDD_MainAccountPage" name="WalidacjaZakładkiEdytujInformacjeKontaTDD_MainAccountPage" time="15.615"/>
  <system-out/>
</testsuite> <!-- testCases.TC_219_WalidacjaZakładkiEdytujInformacjeKontaTDD_MainAccountPage -->
