<?xml version="1.0" encoding="UTF-8"?>
<!-- Generated by org.testng.reporters.JUnitReportReporter -->
<testsuite hostname="DESKTOP-5OD0AA6" failures="0" tests="1" name="testCases.TC_111_WalidacjaWyświetlaniaNagłówków_h2_CustomerServicePage" time="4.648" errors="0" timestamp="2024-09-08T14:00:27 CEST" skipped="0">
  <testcase classname="testCases.TC_111_WalidacjaWyświetlaniaNagłówków_h2_CustomerServicePage" name="WalidacjaWyświetlaniaNagłówków_h2_CustomerServicePage" time="4.648"/>
  <system-out/>
</testsuite> <!-- testCases.TC_111_WalidacjaWyświetlaniaNagłówków_h2_CustomerServicePage -->
