<?xml version="1.0" encoding="UTF-8"?>
<!-- Generated by org.testng.reporters.JUnitReportReporter -->
<testsuite hostname="DESKTOP-5OD0AA6" failures="0" tests="1" name="testCases.TC_105_WalidacjaWyświetlaniaTekstu_AboutUsPage" time="4.465" errors="0" timestamp="2024-10-30T09:43:06 CET" skipped="0">
  <testcase classname="testCases.TC_105_WalidacjaWyświetlaniaTekstu_AboutUsPage" name="WalidacjaWyświetlaniaTekstu_AboutUs" time="4.465"/>
  <system-out/>
</testsuite> <!-- testCases.TC_105_WalidacjaWyświetlaniaTekstu_AboutUsPage -->
