<?xml version="1.0" encoding="UTF-8"?>
<!-- Generated by org.testng.reporters.JUnitReportReporter -->
<testsuite hostname="DESKTOP-5OD0AA6" failures="0" tests="1" name="testCases.TC_067_WalidacjaZakładkiWięcejInfo_PageProduct" time="9.806" errors="0" timestamp="2024-09-01T16:11:36 CEST" skipped="0">
  <testcase classname="testCases.TC_067_WalidacjaZakładkiWięcejInfo_PageProduct" name="WalidacjaModułuWięcejInfo_PageProduct" time="9.806"/>
  <system-out/>
</testsuite> <!-- testCases.TC_067_WalidacjaZakładkiWięcejInfo_PageProduct -->
