<?xml version="1.0" encoding="UTF-8"?>
<!-- Generated by org.testng.reporters.JUnitReportReporter -->
<testsuite hostname="DESKTOP-5OD0AA6" failures="0" tests="1" name="testCases.TC_178_WalidacjaPrzyciskuDodajDoKoszyka_MyAccountPage" time="7.101" errors="0" timestamp="2024-09-25T09:36:51 CEST" skipped="0">
  <testcase classname="testCases.TC_178_WalidacjaPrzyciskuDodajDoKoszyka_MyAccountPage" name="WalidacjaPrzyciskuDodajDoKoszyka_MyAccountPage" time="7.101"/>
  <system-out/>
</testsuite> <!-- testCases.TC_178_WalidacjaPrzyciskuDodajDoKoszyka_MyAccountPage -->
