<?xml version="1.0" encoding="UTF-8"?>
<!-- Generated by org.testng.reporters.JUnitReportReporter -->
<testsuite hostname="DESKTOP-5OD0AA6" failures="0" tests="18" name="testCases.TC_004_WalidacjaNiepoprawnegoLogowania_TDD" time="270.526" errors="0" timestamp="2024-11-08T07:30:19 CET" skipped="0">
  <testcase classname="testCases.TC_004_WalidacjaNiepoprawnegoLogowania_TDD" name="WalidacjaLogowania_TDD" time="14.559"/>
  <system-out/>
  <testcase classname="testCases.TC_004_WalidacjaNiepoprawnegoLogowania_TDD" name="WalidacjaLogowania_TDD" time="14.777"/>
  <system-out/>
  <testcase classname="testCases.TC_004_WalidacjaNiepoprawnegoLogowania_TDD" name="WalidacjaLogowania_TDD" time="14.998"/>
  <system-out/>
  <testcase classname="testCases.TC_004_WalidacjaNiepoprawnegoLogowania_TDD" name="WalidacjaLogowania_TDD" time="15.353"/>
  <system-out/>
  <testcase classname="testCases.TC_004_WalidacjaNiepoprawnegoLogowania_TDD" name="WalidacjaLogowania_TDD" time="15.215"/>
  <system-out/>
  <testcase classname="testCases.TC_004_WalidacjaNiepoprawnegoLogowania_TDD" name="WalidacjaLogowania_TDD" time="15.201"/>
  <system-out/>
  <testcase classname="testCases.TC_004_WalidacjaNiepoprawnegoLogowania_TDD" name="WalidacjaLogowania_TDD" time="15.055"/>
  <system-out/>
  <testcase classname="testCases.TC_004_WalidacjaNiepoprawnegoLogowania_TDD" name="WalidacjaLogowania_TDD" time="14.949"/>
  <system-out/>
  <testcase classname="testCases.TC_004_WalidacjaNiepoprawnegoLogowania_TDD" name="WalidacjaLogowania_TDD" time="14.703"/>
  <system-out/>
  <testcase classname="testCases.TC_004_WalidacjaNiepoprawnegoLogowania_TDD" name="WalidacjaLogowania_TDD" time="14.889"/>
  <system-out/>
  <testcase classname="testCases.TC_004_WalidacjaNiepoprawnegoLogowania_TDD" name="WalidacjaLogowania_TDD" time="15.630"/>
  <system-out/>
  <testcase classname="testCases.TC_004_WalidacjaNiepoprawnegoLogowania_TDD" name="WalidacjaLogowania_TDD" time="15.376"/>
  <system-out/>
  <testcase classname="testCases.TC_004_WalidacjaNiepoprawnegoLogowania_TDD" name="WalidacjaLogowania_TDD" time="15.291"/>
  <system-out/>
  <testcase classname="testCases.TC_004_WalidacjaNiepoprawnegoLogowania_TDD" name="WalidacjaLogowania_TDD" time="14.744"/>
  <system-out/>
  <testcase classname="testCases.TC_004_WalidacjaNiepoprawnegoLogowania_TDD" name="WalidacjaLogowania_TDD" time="15.007"/>
  <system-out/>
  <testcase classname="testCases.TC_004_WalidacjaNiepoprawnegoLogowania_TDD" name="WalidacjaLogowania_TDD" time="15.013"/>
  <system-out/>
  <testcase classname="testCases.TC_004_WalidacjaNiepoprawnegoLogowania_TDD" name="WalidacjaLogowania_TDD" time="14.939"/>
  <system-out/>
  <testcase classname="testCases.TC_004_WalidacjaNiepoprawnegoLogowania_TDD" name="WalidacjaLogowania_TDD" time="14.827"/>
  <system-out/>
</testsuite> <!-- testCases.TC_004_WalidacjaNiepoprawnegoLogowania_TDD -->
