<?xml version="1.0" encoding="UTF-8"?>
<!-- Generated by org.testng.reporters.JUnitReportReporter -->
<testsuite hostname="DESKTOP-5OD0AA6" failures="0" tests="1" name="testCases.TC_082_WalidacjaTworzeniaKomentarza_ProductPage" time="12.673" errors="0" timestamp="2024-09-03T12:21:57 CEST" skipped="0">
  <testcase classname="testCases.TC_082_WalidacjaTworzeniaKomentarza_ProductPage" name="WalidacjaKomuniaktÃ³wTworzeniaKomentarza_ProductPage" time="12.673"/>
  <system-out/>
</testsuite> <!-- testCases.TC_082_WalidacjaTworzeniaKomentarza_ProductPage -->
