<?xml version="1.0" encoding="UTF-8"?>
<!-- Generated by org.testng.reporters.JUnitReportReporter -->
<testsuite hostname="DESKTOP-5OD0AA6" failures="0" tests="1" name="testCases.TC_007_WalidacjaNazwyStrony_Hoodies_WhatsNew_F" time="4.872" errors="0" timestamp="2024-10-31T12:42:38 CET" skipped="0">
  <testcase classname="testCases.TC_007_WalidacjaNazwyStrony_Hoodies_WhatsNew_F" name="WalidacjaNazwyStrony_Hoodies_WhatsNew_F" time="4.872"/>
  <system-out/>
</testsuite> <!-- testCases.TC_007_WalidacjaNazwyStrony_Hoodies_WhatsNew_F -->
