<?xml version="1.0" encoding="UTF-8"?>
<!-- Generated by org.testng.reporters.JUnitReportReporter -->
<testsuite hostname="DESKTOP-5OD0AA6" failures="0" tests="22" name="testCases.TC_081_WalidacjaKomuniaktówTworzeniaKomentarza_ProductPage" time="137.777" errors="0" timestamp="2024-09-03T11:57:33 CEST" skipped="0">
  <testcase classname="testCases.TC_081_WalidacjaKomuniaktówTworzeniaKomentarza_ProductPage" name="WalidacjaKomuniaktówTworzeniaKomentarza_ProductPage" time="8.024"/>
  <system-out/>
  <testcase classname="testCases.TC_081_WalidacjaKomuniaktówTworzeniaKomentarza_ProductPage" name="WalidacjaKomuniaktówTworzeniaKomentarza_ProductPage" time="7.839"/>
  <system-out/>
  <testcase classname="testCases.TC_081_WalidacjaKomuniaktówTworzeniaKomentarza_ProductPage" name="WalidacjaKomuniaktówTworzeniaKomentarza_ProductPage" time="4.731"/>
  <system-out/>
  <testcase classname="testCases.TC_081_WalidacjaKomuniaktówTworzeniaKomentarza_ProductPage" name="WalidacjaKomuniaktówTworzeniaKomentarza_ProductPage" time="4.710"/>
  <system-out/>
  <testcase classname="testCases.TC_081_WalidacjaKomuniaktówTworzeniaKomentarza_ProductPage" name="WalidacjaKomuniaktówTworzeniaKomentarza_ProductPage" time="7.864"/>
  <system-out/>
  <testcase classname="testCases.TC_081_WalidacjaKomuniaktówTworzeniaKomentarza_ProductPage" name="WalidacjaKomuniaktówTworzeniaKomentarza_ProductPage" time="4.744"/>
  <system-out/>
  <testcase classname="testCases.TC_081_WalidacjaKomuniaktówTworzeniaKomentarza_ProductPage" name="WalidacjaKomuniaktówTworzeniaKomentarza_ProductPage" time="4.812"/>
  <system-out/>
  <testcase classname="testCases.TC_081_WalidacjaKomuniaktówTworzeniaKomentarza_ProductPage" name="WalidacjaKomuniaktówTworzeniaKomentarza_ProductPage" time="4.831"/>
  <system-out/>
  <testcase classname="testCases.TC_081_WalidacjaKomuniaktówTworzeniaKomentarza_ProductPage" name="WalidacjaKomuniaktówTworzeniaKomentarza_ProductPage" time="8.068"/>
  <system-out/>
  <testcase classname="testCases.TC_081_WalidacjaKomuniaktówTworzeniaKomentarza_ProductPage" name="WalidacjaKomuniaktówTworzeniaKomentarza_ProductPage" time="4.733"/>
  <system-out/>
  <testcase classname="testCases.TC_081_WalidacjaKomuniaktówTworzeniaKomentarza_ProductPage" name="WalidacjaKomuniaktówTworzeniaKomentarza_ProductPage" time="4.826"/>
  <system-out/>
  <testcase classname="testCases.TC_081_WalidacjaKomuniaktówTworzeniaKomentarza_ProductPage" name="WalidacjaKomuniaktówTworzeniaKomentarza_ProductPage" time="7.926"/>
  <system-out/>
  <testcase classname="testCases.TC_081_WalidacjaKomuniaktówTworzeniaKomentarza_ProductPage" name="WalidacjaKomuniaktówTworzeniaKomentarza_ProductPage" time="11.182"/>
  <system-out/>
  <testcase classname="testCases.TC_081_WalidacjaKomuniaktówTworzeniaKomentarza_ProductPage" name="WalidacjaKomuniaktówTworzeniaKomentarza_ProductPage" time="4.933"/>
  <system-out/>
  <testcase classname="testCases.TC_081_WalidacjaKomuniaktówTworzeniaKomentarza_ProductPage" name="WalidacjaKomuniaktówTworzeniaKomentarza_ProductPage" time="4.962"/>
  <system-out/>
  <testcase classname="testCases.TC_081_WalidacjaKomuniaktówTworzeniaKomentarza_ProductPage" name="WalidacjaKomuniaktówTworzeniaKomentarza_ProductPage" time="4.857"/>
  <system-out/>
  <testcase classname="testCases.TC_081_WalidacjaKomuniaktówTworzeniaKomentarza_ProductPage" name="WalidacjaKomuniaktówTworzeniaKomentarza_ProductPage" time="4.819"/>
  <system-out/>
  <testcase classname="testCases.TC_081_WalidacjaKomuniaktówTworzeniaKomentarza_ProductPage" name="WalidacjaKomuniaktówTworzeniaKomentarza_ProductPage" time="4.842"/>
  <system-out/>
  <testcase classname="testCases.TC_081_WalidacjaKomuniaktówTworzeniaKomentarza_ProductPage" name="WalidacjaKomuniaktówTworzeniaKomentarza_ProductPage" time="13.995"/>
  <system-out/>
  <testcase classname="testCases.TC_081_WalidacjaKomuniaktówTworzeniaKomentarza_ProductPage" name="WalidacjaKomuniaktówTworzeniaKomentarza_ProductPage" time="4.797"/>
  <system-out/>
  <testcase classname="testCases.TC_081_WalidacjaKomuniaktówTworzeniaKomentarza_ProductPage" name="WalidacjaKomuniaktówTworzeniaKomentarza_ProductPage" time="5.291"/>
  <system-out/>
  <testcase classname="testCases.TC_081_WalidacjaKomuniaktówTworzeniaKomentarza_ProductPage" name="WalidacjaKomuniaktówTworzeniaKomentarza_ProductPage" time="4.991"/>
  <system-out/>
</testsuite> <!-- testCases.TC_081_WalidacjaKomuniaktówTworzeniaKomentarza_ProductPage -->
