<?xml version="1.0" encoding="UTF-8"?>
<!-- Generated by org.testng.reporters.JUnitReportReporter -->
<testsuite hostname="DESKTOP-5OD0AA6" failures="0" tests="1" name="testCases.TC_105_WalidacjaWyświetlaniaTekstu_AboutUs" time="4.772" errors="0" timestamp="2024-09-07T14:14:04 CEST" skipped="0">
  <testcase classname="testCases.TC_105_WalidacjaWyświetlaniaTekstu_AboutUs" name="WalidacjaWyświetlaniaTekstu_AboutUs" time="4.772"/>
  <system-out/>
</testsuite> <!-- testCases.TC_105_WalidacjaWyświetlaniaTekstu_AboutUs -->
