<?xml version="1.0" encoding="UTF-8"?>
<!-- Generated by org.testng.reporters.JUnitReportReporter -->
<testsuite hostname="DESKTOP-5OD0AA6" failures="0" tests="1" name="testCases.TC_192_WalidacjWyświetlaniaKomuniaktuWZapamiętaneMetodyPłatnościa_MyAccountPage" time="7.024" errors="0" timestamp="2024-09-25T15:02:09 CEST" skipped="0">
  <testcase classname="testCases.TC_192_WalidacjWyświetlaniaKomuniaktuWZapamiętaneMetodyPłatnościa_MyAccountPage" name="WalidacjWyświetlaniaKomuniaktuWZapamiętaneMetodyPłatnościa_MyAccountPage" time="7.024"/>
  <system-out/>
</testsuite> <!-- testCases.TC_192_WalidacjWyświetlaniaKomuniaktuWZapamiętaneMetodyPłatnościa_MyAccountPage -->
