<?xml version="1.0" encoding="UTF-8"?>
<!-- Generated by org.testng.reporters.JUnitReportReporter -->
<testsuite hostname="DESKTOP-5OD0AA6" failures="0" tests="1" name="testCases.TC_157_WalidacjaWyświetlaniaInfoAdressDostawy_MyAccountPage" time="5.219" errors="0" timestamp="2024-09-24T13:56:07 CEST" skipped="0">
  <testcase classname="testCases.TC_157_WalidacjaWyświetlaniaInfoAdressDostawy_MyAccountPage" name="WalidacjaWyświetlaniaInfoAdressDostawy_MyAccountPage" time="5.219"/>
  <system-out/>
</testsuite> <!-- testCases.TC_157_WalidacjaWyświetlaniaInfoAdressDostawy_MyAccountPage -->
