<?xml version="1.0" encoding="UTF-8"?>
<!-- Generated by org.testng.reporters.JUnitReportReporter -->
<testsuite hostname="DESKTOP-5OD0AA6" failures="0" tests="1" name="testCases.TC_162_WalidacjaLinkuZarządzajAdresami_MyAccountPage" time="8.096" errors="0" timestamp="2024-09-24T18:58:05 CEST" skipped="0">
  <testcase classname="testCases.TC_162_WalidacjaLinkuZarządzajAdresami_MyAccountPage" name="WalidacjaLinkuZarządzajAdresami_MyAccountPage" time="8.096"/>
  <system-out/>
</testsuite> <!-- testCases.TC_162_WalidacjaLinkuZarządzajAdresami_MyAccountPage -->
