<?xml version="1.0" encoding="UTF-8"?>
<!-- Generated by org.testng.reporters.JUnitReportReporter -->
<testsuite hostname="DESKTOP-FE26MCT" failures="0" tests="1" name="testCases.TC_028_WalidacjaNazwyStrony_HoodiesAndSweatshirts_Kobiety_MainMenu" time="4.822" errors="0" timestamp="2024-08-25T12:08:00 CEST" skipped="0">
  <testcase classname="testCases.TC_028_WalidacjaNazwyStrony_HoodiesAndSweatshirts_Kobiety_MainMenu" name="WalidacjaNazwyStrony_HoodiesAndSweatshirts_Kobiety_MainMenu" time="4.822"/>
  <system-out/>
</testsuite> <!-- testCases.TC_028_WalidacjaNazwyStrony_HoodiesAndSweatshirts_Kobiety_MainMenu -->
