<?xml version="1.0" encoding="UTF-8"?>
<!-- Generated by org.testng.reporters.JUnitReportReporter -->
<testsuite hostname="DESKTOP-5OD0AA6" failures="0" tests="1" name="testCases.TC_146_WalidacjaWyświetlaniaTekstuOstatnieZamówienia_MyAccountPage" time="6.347" errors="0" timestamp="2024-09-25T12:37:34 CEST" skipped="0">
  <testcase classname="testCases.TC_146_WalidacjaWyświetlaniaTekstuOstatnieZamówienia_MyAccountPage" name="WalidacjaWyświetlaniaTekstuOstatnieZamówienia_MyAccountPage" time="6.347"/>
  <system-out/>
</testsuite> <!-- testCases.TC_146_WalidacjaWyświetlaniaTekstuOstatnieZamówienia_MyAccountPage -->
