<?xml version="1.0" encoding="UTF-8"?>
<!-- Generated by org.testng.reporters.JUnitReportReporter -->
<testsuite hostname="DESKTOP-5OD0AA6" failures="0" tests="1" name="testCases.TC_077_WalidacjaKlikalnościTekstLinku_Opinie_ProductPage" time="10.289" errors="0" timestamp="2024-09-03T09:21:40 CEST" skipped="0">
  <testcase classname="testCases.TC_077_WalidacjaKlikalnościTekstLinku_Opinie_ProductPage" name="WalidacjaPrzyciskuDodajDoListy_ProductPage" time="10.289"/>
  <system-out/>
</testsuite> <!-- testCases.TC_077_WalidacjaKlikalnościTekstLinku_Opinie_ProductPage -->
