<?xml version="1.0" encoding="UTF-8"?>
<!-- Generated by org.testng.reporters.JUnitReportReporter -->
<testsuite hostname="DESKTOP-FE26MCT" failures="0" tests="1" name="testCases.TC_020_WalidacjaNazwyStrony_Women" time="3.630" errors="0" timestamp="2024-08-24T17:47:13 CEST" skipped="0">
  <testcase classname="testCases.TC_020_WalidacjaNazwyStrony_Women" name="WalidacjaNazwyStrony_Women" time="3.630"/>
  <system-out/>
</testsuite> <!-- testCases.TC_020_WalidacjaNazwyStrony_Women -->
