<?xml version="1.0" encoding="UTF-8"?>
<!-- Generated by org.testng.reporters.JUnitReportReporter -->
<testsuite hostname="DESKTOP-FE26MCT" failures="0" tests="1" name="testCases.TC_038_WalidacjaNazwyStrony_Tanks_M_MainMenu" time="6.534" errors="0" timestamp="2024-08-25T13:22:59 CEST" skipped="0">
  <testcase classname="testCases.TC_038_WalidacjaNazwyStrony_Tanks_M_MainMenu" name="WalidacjaNazwyStrony_Tees_Kobiety_MainMenu" time="6.534"/>
  <system-out/>
</testsuite> <!-- testCases.TC_038_WalidacjaNazwyStrony_Tanks_M_MainMenu -->
