<?xml version="1.0" encoding="UTF-8"?>
<!-- Generated by org.testng.reporters.JUnitReportReporter -->
<testsuite hostname="DESKTOP-5OD0AA6" failures="0" tests="1" name="testCases.TC_155_WalidacjaWyświetlaniaStatusNewsletter_MyAccountPage" time="5.293" errors="0" timestamp="2024-09-24T13:47:23 CEST" skipped="0">
  <testcase classname="testCases.TC_155_WalidacjaWyświetlaniaStatusNewsletter_MyAccountPage" name="WalidacjaWyświetlaniaStatusNewsletter_MyAccountPage" time="5.293"/>
  <system-out/>
</testsuite> <!-- testCases.TC_155_WalidacjaWyświetlaniaStatusNewsletter_MyAccountPage -->
