<?xml version="1.0" encoding="UTF-8"?>
<!-- Generated by org.testng.reporters.JUnitReportReporter -->
<testsuite hostname="DESKTOP-FE26MCT" failures="0" tests="1" name="testCases.TC_008_WalidacjaNazwyStrony_Jacket_Kobiety" time="4.139" errors="0" timestamp="2024-08-24T17:47:13 CEST" skipped="0">
  <testcase classname="testCases.TC_008_WalidacjaNazwyStrony_Jacket_Kobiety" name="WalidacjaNazwyStrony_Jacket_Kobiety" time="4.139"/>
  <system-out/>
</testsuite> <!-- testCases.TC_008_WalidacjaNazwyStrony_Jacket_Kobiety -->
