<?xml version="1.0" encoding="UTF-8"?>
<!-- Generated by org.testng.reporters.JUnitReportReporter -->
<testsuite hostname="DESKTOP-FE26MCT" failures="0" tests="1" name="testCases.TC_050_WalidacjaNazwyStrony_Eco" time="5.932" errors="0" timestamp="2024-08-26T17:17:12 CEST" skipped="0">
  <testcase classname="testCases.TC_050_WalidacjaNazwyStrony_Eco" name="WalidacjaNazwyStrony_Eco" time="5.932"/>
  <system-out/>
</testsuite> <!-- testCases.TC_050_WalidacjaNazwyStrony_Eco -->
