<?xml version="1.0" encoding="UTF-8"?>
<!-- Generated by org.testng.reporters.JUnitReportReporter -->
<testsuite hostname="DESKTOP-FE26MCT" failures="0" tests="1" name="testCases.TC_041_WalidacjaNazwyStrony_Bags_MainMenu" time="7.364" errors="0" timestamp="2024-08-25T16:27:43 CEST" skipped="0">
  <testcase classname="testCases.TC_041_WalidacjaNazwyStrony_Bags_MainMenu" name="WalidacjaNazwyStrony_Shorts_MainMenu_M" time="7.364"/>
  <system-out/>
</testsuite> <!-- testCases.TC_041_WalidacjaNazwyStrony_Bags_MainMenu -->
