<?xml version="1.0" encoding="UTF-8"?>
<!-- Generated by org.testng.reporters.JUnitReportReporter -->
<testsuite hostname="DESKTOP-5OD0AA6" failures="0" tests="1" name="testCases.TC_209_WalidacjaOpcjiWMateriał_TopsPage_M" time="22.740" errors="0" timestamp="2024-09-27T12:30:59 CEST" skipped="0">
  <testcase classname="testCases.TC_209_WalidacjaOpcjiWMateriał_TopsPage_M" name="WalidacjaOpcjiWMateriał_TopsPage_M" time="22.740"/>
  <system-out/>
</testsuite> <!-- testCases.TC_209_WalidacjaOpcjiWMateriał_TopsPage_M -->
