<?xml version="1.0" encoding="UTF-8"?>
<!-- Generated by org.testng.reporters.JUnitReportReporter -->
<testsuite hostname="DESKTOP-5OD0AA6" failures="0" tests="1" name="testCases.TC_102_WalidacjaFunkcjonalności_LinkuAdvanceSearch_FooterPage" time="11.501" errors="0" timestamp="2024-09-06T11:22:26 CEST" skipped="0">
  <testcase classname="testCases.TC_102_WalidacjaFunkcjonalności_LinkuAdvanceSearch_FooterPage" name="WalidacjaFunkcjonalności_LinkuSearch_FooterPage" time="11.501"/>
  <system-out/>
</testsuite> <!-- testCases.TC_102_WalidacjaFunkcjonalności_LinkuAdvanceSearch_FooterPage -->
