<?xml version="1.0" encoding="UTF-8"?>
<!-- Generated by org.testng.reporters.JUnitReportReporter -->
<testsuite hostname="DESKTOP-5OD0AA6" failures="0" tests="1" name="testCases.TC_180_WalidacjaOpisuBrakProdktówWLiścieŻyczeń_MyAccountPage" time="6.306" errors="0" timestamp="2024-09-25T09:56:54 CEST" skipped="0">
  <testcase classname="testCases.TC_180_WalidacjaOpisuBrakProdktówWLiścieŻyczeń_MyAccountPage" name="WalidacjaOpisuBrakProdktówWLiścieŻyczeń_MyAccountPage" time="6.306"/>
  <system-out/>
</testsuite> <!-- testCases.TC_180_WalidacjaOpisuBrakProdktówWLiścieŻyczeń_MyAccountPage -->
