<?xml version="1.0" encoding="UTF-8"?>
<!-- Generated by org.testng.reporters.JUnitReportReporter -->
<testsuite hostname="DESKTOP-5OD0AA6" failures="0" tests="1" name="testCases.TC_208_ValidationOfOptionsInPrices_TopsPage_M" time="12.248" errors="0" timestamp="2025-01-04T13:46:43 CET" skipped="0">
  <testcase classname="testCases.TC_208_ValidationOfOptionsInPrices_TopsPage_M" name="ValidationOfOptionsInPrices_TopsPage_M" time="12.248"/>
  <system-out/>
</testsuite> <!-- testCases.TC_208_ValidationOfOptionsInPrices_TopsPage_M -->
