<?xml version="1.0" encoding="UTF-8"?>
<!-- Generated by org.testng.reporters.JUnitReportReporter -->
<testsuite hostname="DESKTOP-FE26MCT" failures="0" tests="1" name="testCases.TC_008_WalidacjaKategorii_WhatsNew_WJackets" time="4.895" errors="0" timestamp="2024-08-24T11:36:18 CEST" skipped="0">
  <testcase classname="testCases.TC_008_WalidacjaKategorii_WhatsNew_WJackets" name="WalidacjaKategorii_WhatsNew_WJackets" time="4.895"/>
  <system-out/>
</testsuite> <!-- testCases.TC_008_WalidacjaKategorii_WhatsNew_WJackets -->
