<?xml version="1.0" encoding="UTF-8"?>
<!-- Generated by org.testng.reporters.JUnitReportReporter -->
<testsuite hostname="DESKTOP-5OD0AA6" failures="0" tests="1" name="testCases.TC_092_WalidacjaTekstu_LinkuService_FooterPage" time="10.468" errors="0" timestamp="2024-09-05T11:55:59 CEST" skipped="0">
  <testcase classname="testCases.TC_092_WalidacjaTekstu_LinkuService_FooterPage" name="WalidacjaTekstu_LinkuAboutUs_FooterPage" time="10.468"/>
  <system-out/>
</testsuite> <!-- testCases.TC_092_WalidacjaTekstu_LinkuService_FooterPage -->
