<?xml version="1.0" encoding="UTF-8"?>
<!-- Generated by org.testng.reporters.JUnitReportReporter -->
<testsuite hostname="DESKTOP-FE26MCT" failures="0" tests="1" name="testCases.TC_026_WalidacjaNazwyStrony_Bottom_Kobiety" time="4.736" errors="0" timestamp="2024-08-25T11:43:06 CEST" skipped="0">
  <testcase classname="testCases.TC_026_WalidacjaNazwyStrony_Bottom_Kobiety" name="WalidacjaNazwyStrony_Training" time="4.736"/>
  <system-out/>
</testsuite> <!-- testCases.TC_026_WalidacjaNazwyStrony_Bottom_Kobiety -->
