<?xml version="1.0" encoding="UTF-8"?>
<!-- Generated by org.testng.reporters.JUnitReportReporter -->
<testsuite hostname="DESKTOP-5OD0AA6" failures="0" tests="1" name="testCases.TC_213_ValidationOfOptionsInNew_TopsPage_M" time="7.112" errors="0" timestamp="2025-01-04T13:59:49 CET" skipped="0">
  <testcase classname="testCases.TC_213_ValidationOfOptionsInNew_TopsPage_M" name="ValidationOfOptionsInNew_TopsPage_M" time="7.112"/>
  <system-out/>
</testsuite> <!-- testCases.TC_213_ValidationOfOptionsInNew_TopsPage_M -->
