<?xml version="1.0" encoding="UTF-8"?>
<!-- Generated by org.testng.reporters.JUnitReportReporter -->
<testsuite hostname="DESKTOP-5OD0AA6" failures="0" tests="1" name="testCases.TC_084_WalidacjaLinkuAboutUs_FooterPage" time="4.982" errors="0" timestamp="2024-09-04T10:12:22 CEST" skipped="0">
  <testcase classname="testCases.TC_084_WalidacjaLinkuAboutUs_FooterPage" name="WalidacjaLinkuAboutUs_FooterPage" time="4.982"/>
  <system-out/>
</testsuite> <!-- testCases.TC_084_WalidacjaLinkuAboutUs_FooterPage -->
