<?xml version="1.0" encoding="UTF-8"?>
<!-- Generated by org.testng.reporters.JUnitReportReporter -->
<testsuite hostname="DESKTOP-5OD0AA6" failures="0" tests="1" name="testCases.TC_114_WalidacjaWyświetlaniaDanychWTabeli_CustomerServicePage" time="5.544" errors="0" timestamp="2024-09-08T14:04:04 CEST" skipped="0">
  <testcase classname="testCases.TC_114_WalidacjaWyświetlaniaDanychWTabeli_CustomerServicePage" name="WalidacjaWyświetlaniaDanychWTabeli_CustomerServicePage" time="5.544"/>
  <system-out/>
</testsuite> <!-- testCases.TC_114_WalidacjaWyświetlaniaDanychWTabeli_CustomerServicePage -->
