<?xml version="1.0" encoding="UTF-8"?>
<!-- Generated by org.testng.reporters.JUnitReportReporter -->
<testsuite hostname="DESKTOP-5OD0AA6" failures="0" tests="1" name="testCases.TC_171_WalidacjaZakładkiZapamiętaneMetodyPłatności_MyAccountPage" time="8.714" errors="0" timestamp="2024-09-24T20:20:36 CEST" skipped="0">
  <testcase classname="testCases.TC_171_WalidacjaZakładkiZapamiętaneMetodyPłatności_MyAccountPage" name="WalidacjaZakładkiZapamiętaneMetodyPłatności_MyAccountPage" time="8.714"/>
  <system-out/>
</testsuite> <!-- testCases.TC_171_WalidacjaZakładkiZapamiętaneMetodyPłatności_MyAccountPage -->
