<?xml version="1.0" encoding="UTF-8"?>
<!-- Generated by org.testng.reporters.JUnitReportReporter -->
<testsuite hostname="DESKTOP-5OD0AA6" failures="0" tests="1" name="testCases.TC_211_WalidacjaOpcjiWPerformanceFabric_TopsPage_M" time="7.118" errors="0" timestamp="2024-09-29T11:31:21 CEST" skipped="0">
  <testcase classname="testCases.TC_211_WalidacjaOpcjiWPerformanceFabric_TopsPage_M" name="WalidacjaOpcjiWPerformanceFabric_TopsPage_M" time="7.118"/>
  <system-out/>
</testsuite> <!-- testCases.TC_211_WalidacjaOpcjiWPerformanceFabric_TopsPage_M -->
