<?xml version="1.0" encoding="UTF-8"?>
<!-- Generated by org.testng.reporters.JUnitReportReporter -->
<testsuite hostname="DESKTOP-5OD0AA6" failures="0" tests="1" name="testCases.TC_217_ValidationOfOptionsInColor_TopsPage_M" time="12.895" errors="0" timestamp="2025-01-04T14:25:26 CET" skipped="0">
  <testcase classname="testCases.TC_217_ValidationOfOptionsInColor_TopsPage_M" name="ValidationOfOptionsInColor_TopsPage_M" time="12.895"/>
  <system-out/>
</testsuite> <!-- testCases.TC_217_ValidationOfOptionsInColor_TopsPage_M -->
