<?xml version="1.0" encoding="UTF-8"?>
<!-- Generated by org.testng.reporters.JUnitReportReporter -->
<testsuite hostname="DESKTOP-5OD0AA6" failures="0" tests="1" name="testCases.TC_127_WalidacjaWyświetlaniaTekstu_sendToThisMail_contactPage" time="5.843" errors="0" timestamp="2024-09-12T17:49:00 CEST" skipped="0">
  <testcase classname="testCases.TC_127_WalidacjaWyświetlaniaTekstu_sendToThisMail_contactPage" name="WalidacjaWyświetlaniaTekstu_sendToThisMail_contactPage" time="5.843"/>
  <system-out/>
</testsuite> <!-- testCases.TC_127_WalidacjaWyświetlaniaTekstu_sendToThisMail_contactPage -->
