<?xml version="1.0" encoding="UTF-8"?>
<!-- Generated by org.testng.reporters.JUnitReportReporter -->
<testsuite hostname="DESKTOP-5OD0AA6" failures="0" tests="1" name="testCases.TC_187_WalidacjaWyświetlaniaProduktówWLiścieŻyczeń_MyAccountPage" time="9.251" errors="0" timestamp="2024-09-25T13:47:24 CEST" skipped="0">
  <testcase classname="testCases.TC_187_WalidacjaWyświetlaniaProduktówWLiścieŻyczeń_MyAccountPage" name="WalidacjaWyświetlaniaProduktówWLiścieŻyczeń_MyAccountPage" time="9.251"/>
  <system-out/>
</testsuite> <!-- testCases.TC_187_WalidacjaWyświetlaniaProduktówWLiścieŻyczeń_MyAccountPage -->
