<?xml version="1.0" encoding="UTF-8"?>
<!-- Generated by org.testng.reporters.JUnitReportReporter -->
<testsuite hostname="DESKTOP-5OD0AA6" failures="0" tests="1" name="testCases.TC_163_WalidacjaLinkuZmieńAdresRozliczeniowy_MyAccountPage" time="6.723" errors="0" timestamp="2024-09-25T12:43:28 CEST" skipped="0">
  <testcase classname="testCases.TC_163_WalidacjaLinkuZmieńAdresRozliczeniowy_MyAccountPage" name="WalidacjaLinkuZmieńAdresRozliczeniowy_MyAccountPage" time="6.723"/>
  <system-out/>
</testsuite> <!-- testCases.TC_163_WalidacjaLinkuZmieńAdresRozliczeniowy_MyAccountPage -->
