<?xml version="1.0" encoding="UTF-8"?>
<!-- Generated by org.testng.reporters.JUnitReportReporter -->
<testsuite hostname="DESKTOP-5OD0AA6" failures="0" tests="1" name="testCases.TC_140_WalidacjaWyświetlaniaTekstuDaneKonta_MyAccountPage" time="6.289" errors="0" timestamp="2024-09-25T12:29:24 CEST" skipped="0">
  <testcase classname="testCases.TC_140_WalidacjaWyświetlaniaTekstuDaneKonta_MyAccountPage" name="WalidacjaWyświetlaniaTekstuDaneKonta_MyAccountPage" time="6.289"/>
  <system-out/>
</testsuite> <!-- testCases.TC_140_WalidacjaWyświetlaniaTekstuDaneKonta_MyAccountPage -->
