<?xml version="1.0" encoding="UTF-8"?>
<!-- Generated by org.testng.reporters.JUnitReportReporter -->
<testsuite hostname="DESKTOP-5OD0AA6" failures="0" tests="1" name="testCases.TC_188_WalidacjaWyświetlaniaAktualizacjaListyŻyczeń_MyAccountPage" time="9.576" errors="0" timestamp="2024-09-25T13:57:58 CEST" skipped="0">
  <testcase classname="testCases.TC_188_WalidacjaWyświetlaniaAktualizacjaListyŻyczeń_MyAccountPage" name="WalidacjaWyświetlaniaAktualizacjaListyŻyczeń_MyAccountPage" time="9.576"/>
  <system-out/>
</testsuite> <!-- testCases.TC_188_WalidacjaWyświetlaniaAktualizacjaListyŻyczeń_MyAccountPage -->
