<?xml version="1.0" encoding="UTF-8"?>
<!-- Generated by org.testng.reporters.JUnitReportReporter -->
<testsuite hostname="DESKTOP-5OD0AA6" failures="0" tests="1" name="testCases.TC_148_WalidacjaTekstuInformacjekontaktowe_MyAccountPage" time="6.310" errors="0" timestamp="2024-09-24T12:36:26 CEST" skipped="0">
  <testcase classname="testCases.TC_148_WalidacjaTekstuInformacjekontaktowe_MyAccountPage" name="WalidacjaTekstuDaneKonta_MyAccountPage" time="6.310"/>
  <system-out/>
</testsuite> <!-- testCases.TC_148_WalidacjaTekstuInformacjekontaktowe_MyAccountPage -->
