<?xml version="1.0" encoding="UTF-8"?>
<!-- Generated by org.testng.reporters.JUnitReportReporter -->
<testsuite hostname="DESKTOP-FE26MCT" failures="0" tests="1" name="testCases.TC_049_WalidacjaNazwyStrony_Performence" time="5.910" errors="0" timestamp="2024-08-26T17:08:33 CEST" skipped="0">
  <testcase classname="testCases.TC_049_WalidacjaNazwyStrony_Performence" name="WalidacjaNazwyStrony_Performence" time="5.910"/>
  <system-out/>
</testsuite> <!-- testCases.TC_049_WalidacjaNazwyStrony_Performence -->
