<?xml version="1.0" encoding="UTF-8"?>
<!-- Generated by org.testng.reporters.JUnitReportReporter -->
<testsuite hostname="DESKTOP-5OD0AA6" failures="0" tests="1" name="testCases.TC_107_WalidacjaKlikalnonościLinkuServiceLuma_AboutUsPage" time="9.567" errors="0" timestamp="2024-09-08T10:10:54 CEST" skipped="0">
  <testcase classname="testCases.TC_107_WalidacjaKlikalnonościLinkuServiceLuma_AboutUsPage" name="WalidacjaKlikalnonościLinkuServiceLuma_AboutUsPage" time="9.567"/>
  <system-out/>
</testsuite> <!-- testCases.TC_107_WalidacjaKlikalnonościLinkuServiceLuma_AboutUsPage -->
