<?xml version="1.0" encoding="UTF-8"?>
<!-- Generated by org.testng.reporters.JUnitReportReporter -->
<testsuite hostname="DESKTOP-5OD0AA6" failures="0" tests="1" name="testCases.TC_110_WalidacjaWyświetlaniaTekstów_CustomerServicePage" time="4.514" errors="0" timestamp="2024-09-08T11:20:20 CEST" skipped="0">
  <testcase classname="testCases.TC_110_WalidacjaWyświetlaniaTekstów_CustomerServicePage" name="WalidacjaWyświetlaniaTekstów_CustomerServicePage" time="4.514"/>
  <system-out/>
</testsuite> <!-- testCases.TC_110_WalidacjaWyświetlaniaTekstów_CustomerServicePage -->
