<?xml version="1.0" encoding="UTF-8"?>
<!-- Generated by org.testng.reporters.JUnitReportReporter -->
<testsuite hostname="DESKTOP-5OD0AA6" failures="0" tests="1" name="testCases.TC_194_WalidacjTekstuOpcjeSubskrypcji_MyAccountPage" time="7.813" errors="0" timestamp="2024-09-25T15:43:04 CEST" skipped="0">
  <testcase classname="testCases.TC_194_WalidacjTekstuOpcjeSubskrypcji_MyAccountPage" name="WalidacjTekstuOpcjeSubskrypcji_MyAccountPage" time="7.813"/>
  <system-out/>
</testsuite> <!-- testCases.TC_194_WalidacjTekstuOpcjeSubskrypcji_MyAccountPage -->
