<?xml version="1.0" encoding="UTF-8"?>
<!-- Generated by org.testng.reporters.JUnitReportReporter -->
<testsuite hostname="DESKTOP-5OD0AA6" failures="0" tests="1" name="testCases.TC_175_WalidacjaTekstyBrakProduktówDoPorównania_MyAccountPage" time="6.343" errors="0" timestamp="2024-09-25T08:02:50 CEST" skipped="0">
  <testcase classname="testCases.TC_175_WalidacjaTekstyBrakProduktówDoPorównania_MyAccountPage" name="WalidacjaTekstyBrakProduktówDoPorównania_MyAccountPage" time="6.343"/>
  <system-out/>
</testsuite> <!-- testCases.TC_175_WalidacjaTekstyBrakProduktówDoPorównania_MyAccountPage -->
