<?xml version="1.0" encoding="UTF-8"?>
<!-- Generated by org.testng.reporters.JUnitReportReporter -->
<testsuite hostname="DESKTOP-5OD0AA6" failures="0" tests="1" name="testCases.TC_168_WalidacjaZakładkiMojaListaŻyczeń_MyAccountPage" time="6.330" errors="0" timestamp="2024-09-24T20:01:18 CEST" skipped="0">
  <testcase classname="testCases.TC_168_WalidacjaZakładkiMojaListaŻyczeń_MyAccountPage" name="WalidacjaZakładkiMojaListaŻyczeń_MyAccountPage" time="6.330"/>
  <system-out/>
</testsuite> <!-- testCases.TC_168_WalidacjaZakładkiMojaListaŻyczeń_MyAccountPage -->
