<?xml version="1.0" encoding="UTF-8"?>
<!-- Generated by org.testng.reporters.JUnitReportReporter -->
<testsuite hostname="DESKTOP-5OD0AA6" failures="0" tests="1" name="testCases.TC_061_WalidacjaRozmiarówProduktów_ProductPage" time="5.853" errors="0" timestamp="2024-09-02T11:27:09 CEST" skipped="0">
  <testcase classname="testCases.TC_061_WalidacjaRozmiarówProduktów_ProductPage" name="WalidacjaRozmiarówProduktów_ProductPage" time="5.853"/>
  <system-out/>
</testsuite> <!-- testCases.TC_061_WalidacjaRozmiarówProduktów_ProductPage -->
