<?xml version="1.0" encoding="UTF-8"?>
<!-- Generated by org.testng.reporters.JUnitReportReporter -->
<testsuite hostname="DESKTOP-5OD0AA6" failures="0" tests="1" name="testCases.TC_059_WalidacjaFunkcjonalnościPrzycisku_DodajDoKoszyka_HSeller" time="4.545" errors="0" timestamp="2024-08-29T19:41:29 CEST" skipped="0">
  <testcase classname="testCases.TC_059_WalidacjaFunkcjonalnościPrzycisku_DodajDoKoszyka_HSeller" name="WalidacjaFunkcjonalnościPrzycisku_DodajDoKoszyka_HSeller" time="4.545"/>
  <system-out/>
</testsuite> <!-- testCases.TC_059_WalidacjaFunkcjonalnościPrzycisku_DodajDoKoszyka_HSeller -->
