<?xml version="1.0" encoding="UTF-8"?>
<!-- Generated by org.testng.reporters.JUnitReportReporter -->
<testsuite hostname="DESKTOP-5OD0AA6" failures="0" tests="1" name="testCases.TC_151_WalidacjaTekstuAdresRozliczeniowy_MyAccountPage" time="5.581" errors="0" timestamp="2024-09-24T13:25:57 CEST" skipped="0">
  <testcase classname="testCases.TC_151_WalidacjaTekstuAdresRozliczeniowy_MyAccountPage" name="WalidacjaTekstuAdresRozliczeniowy_MyAccountPage" time="5.581"/>
  <system-out/>
</testsuite> <!-- testCases.TC_151_WalidacjaTekstuAdresRozliczeniowy_MyAccountPage -->
