<?xml version="1.0" encoding="UTF-8"?>
<!-- Generated by org.testng.reporters.JUnitReportReporter -->
<testsuite hostname="DESKTOP-5OD0AA6" failures="0" tests="22" name="testCases.TC_081_WalidacjaKomuniaktówTworzeniaKomentarza_ProductPage_TDD" time="171.346" errors="0" timestamp="2024-11-07T22:03:39 CET" skipped="0">
  <testcase classname="testCases.TC_081_WalidacjaKomuniaktówTworzeniaKomentarza_ProductPage_TDD" name="WalidacjaKomuniaktówTworzeniaKomentarza_ProductPage" time="5.438"/>
  <system-out/>
  <testcase classname="testCases.TC_081_WalidacjaKomuniaktówTworzeniaKomentarza_ProductPage_TDD" name="WalidacjaKomuniaktówTworzeniaKomentarza_ProductPage" time="10.825"/>
  <system-out/>
  <testcase classname="testCases.TC_081_WalidacjaKomuniaktówTworzeniaKomentarza_ProductPage_TDD" name="WalidacjaKomuniaktówTworzeniaKomentarza_ProductPage" time="5.349"/>
  <system-out/>
  <testcase classname="testCases.TC_081_WalidacjaKomuniaktówTworzeniaKomentarza_ProductPage_TDD" name="WalidacjaKomuniaktówTworzeniaKomentarza_ProductPage" time="5.732"/>
  <system-out/>
  <testcase classname="testCases.TC_081_WalidacjaKomuniaktówTworzeniaKomentarza_ProductPage_TDD" name="WalidacjaKomuniaktówTworzeniaKomentarza_ProductPage" time="5.423"/>
  <system-out/>
  <testcase classname="testCases.TC_081_WalidacjaKomuniaktówTworzeniaKomentarza_ProductPage_TDD" name="WalidacjaKomuniaktówTworzeniaKomentarza_ProductPage" time="20.583"/>
  <system-out/>
  <testcase classname="testCases.TC_081_WalidacjaKomuniaktówTworzeniaKomentarza_ProductPage_TDD" name="WalidacjaKomuniaktówTworzeniaKomentarza_ProductPage" time="10.581"/>
  <system-out/>
  <testcase classname="testCases.TC_081_WalidacjaKomuniaktówTworzeniaKomentarza_ProductPage_TDD" name="WalidacjaKomuniaktówTworzeniaKomentarza_ProductPage" time="5.565"/>
  <system-out/>
  <testcase classname="testCases.TC_081_WalidacjaKomuniaktówTworzeniaKomentarza_ProductPage_TDD" name="WalidacjaKomuniaktówTworzeniaKomentarza_ProductPage" time="5.175"/>
  <system-out/>
  <testcase classname="testCases.TC_081_WalidacjaKomuniaktówTworzeniaKomentarza_ProductPage_TDD" name="WalidacjaKomuniaktówTworzeniaKomentarza_ProductPage" time="5.547"/>
  <system-out/>
  <testcase classname="testCases.TC_081_WalidacjaKomuniaktówTworzeniaKomentarza_ProductPage_TDD" name="WalidacjaKomuniaktówTworzeniaKomentarza_ProductPage" time="5.397"/>
  <system-out/>
  <testcase classname="testCases.TC_081_WalidacjaKomuniaktówTworzeniaKomentarza_ProductPage_TDD" name="WalidacjaKomuniaktówTworzeniaKomentarza_ProductPage" time="10.361"/>
  <system-out/>
  <testcase classname="testCases.TC_081_WalidacjaKomuniaktówTworzeniaKomentarza_ProductPage_TDD" name="WalidacjaKomuniaktówTworzeniaKomentarza_ProductPage" time="15.855"/>
  <system-out/>
  <testcase classname="testCases.TC_081_WalidacjaKomuniaktówTworzeniaKomentarza_ProductPage_TDD" name="WalidacjaKomuniaktówTworzeniaKomentarza_ProductPage" time="5.563"/>
  <system-out/>
  <testcase classname="testCases.TC_081_WalidacjaKomuniaktówTworzeniaKomentarza_ProductPage_TDD" name="WalidacjaKomuniaktówTworzeniaKomentarza_ProductPage" time="5.577"/>
  <system-out/>
  <testcase classname="testCases.TC_081_WalidacjaKomuniaktówTworzeniaKomentarza_ProductPage_TDD" name="WalidacjaKomuniaktówTworzeniaKomentarza_ProductPage" time="5.401"/>
  <system-out/>
  <testcase classname="testCases.TC_081_WalidacjaKomuniaktówTworzeniaKomentarza_ProductPage_TDD" name="WalidacjaKomuniaktówTworzeniaKomentarza_ProductPage" time="5.585"/>
  <system-out/>
  <testcase classname="testCases.TC_081_WalidacjaKomuniaktówTworzeniaKomentarza_ProductPage_TDD" name="WalidacjaKomuniaktówTworzeniaKomentarza_ProductPage" time="10.533"/>
  <system-out/>
  <testcase classname="testCases.TC_081_WalidacjaKomuniaktówTworzeniaKomentarza_ProductPage_TDD" name="WalidacjaKomuniaktówTworzeniaKomentarza_ProductPage" time="5.732"/>
  <system-out/>
  <testcase classname="testCases.TC_081_WalidacjaKomuniaktówTworzeniaKomentarza_ProductPage_TDD" name="WalidacjaKomuniaktówTworzeniaKomentarza_ProductPage" time="10.427"/>
  <system-out/>
  <testcase classname="testCases.TC_081_WalidacjaKomuniaktówTworzeniaKomentarza_ProductPage_TDD" name="WalidacjaKomuniaktówTworzeniaKomentarza_ProductPage" time="5.433"/>
  <system-out/>
  <testcase classname="testCases.TC_081_WalidacjaKomuniaktówTworzeniaKomentarza_ProductPage_TDD" name="WalidacjaKomuniaktówTworzeniaKomentarza_ProductPage" time="5.264"/>
  <system-out/>
</testsuite> <!-- testCases.TC_081_WalidacjaKomuniaktówTworzeniaKomentarza_ProductPage_TDD -->
