<?xml version="1.0" encoding="UTF-8"?>
<!-- Generated by org.testng.reporters.JUnitReportReporter -->
<testsuite hostname="DESKTOP-5OD0AA6" failures="0" tests="1" name="testCases.TC_095_WalidacjaTekstu_LinkuAdvancedSearch_FooterPage" time="4.148" errors="0" timestamp="2024-09-05T12:02:45 CEST" skipped="0">
  <testcase classname="testCases.TC_095_WalidacjaTekstu_LinkuAdvancedSearch_FooterPage" name="WalidacjaTekstu_LinkuAboutUs_FooterPage" time="4.148"/>
  <system-out/>
</testsuite> <!-- testCases.TC_095_WalidacjaTekstu_LinkuAdvancedSearch_FooterPage -->
