<?xml version="1.0" encoding="UTF-8"?>
<!-- Generated by org.testng.reporters.JUnitReportReporter -->
<testsuite hostname="DESKTOP-FE26MCT" failures="0" tests="1" name="testCases.TC_048_WalidacjaNazwyStrony_Erin_Rec" time="6.403" errors="0" timestamp="2024-08-26T17:04:32 CEST" skipped="0">
  <testcase classname="testCases.TC_048_WalidacjaNazwyStrony_Erin_Rec" name="WalidacjaNazwyStrony_Erin_Rec" time="6.403"/>
  <system-out/>
</testsuite> <!-- testCases.TC_048_WalidacjaNazwyStrony_Erin_Rec -->
