<?xml version="1.0" encoding="UTF-8"?>
<!-- Generated by org.testng.reporters.JUnitReportReporter -->
<testsuite hostname="DESKTOP-5OD0AA6" failures="0" tests="1" name="testCases.TC_095_WalidacjaTekstu_LinkuAdvancedSearch_FooterPage" time="4.049" errors="0" timestamp="2024-11-07T22:03:39 CET" skipped="0">
  <testcase classname="testCases.TC_095_WalidacjaTekstu_LinkuAdvancedSearch_FooterPage" name="WalidacjaTekstu_LinkuAdvancedSearch_FooterPage" time="4.049"/>
  <system-out/>
</testsuite> <!-- testCases.TC_095_WalidacjaTekstu_LinkuAdvancedSearch_FooterPage -->
