<?xml version="1.0" encoding="UTF-8"?>
<!-- Generated by org.testng.reporters.JUnitReportReporter -->
<testsuite hostname="DESKTOP-5OD0AA6" failures="0" tests="1" name="testCases.TC_179_WalidacjaTekstuMojaListŻyczeń_MyAccountPage" time="6.138" errors="0" timestamp="2024-09-25T12:45:20 CEST" skipped="0">
  <testcase classname="testCases.TC_179_WalidacjaTekstuMojaListŻyczeń_MyAccountPage" name="WalidacjaTekstuMojaListŻyczeń_MyAccountPage" time="6.138"/>
  <system-out/>
</testsuite> <!-- testCases.TC_179_WalidacjaTekstuMojaListŻyczeń_MyAccountPage -->
