<?xml version="1.0" encoding="UTF-8"?>
<!-- Generated by org.testng.reporters.JUnitReportReporter -->
<testsuite hostname="DESKTOP-5OD0AA6" failures="0" tests="1" name="testCases.TC_174_WalidacjaTekstuPor贸wnajProduktyMyAccountPage" time="6.490" errors="0" timestamp="2024-09-25T07:53:14 CEST" skipped="0">
  <testcase classname="testCases.TC_174_WalidacjaTekstuPor贸wnajProduktyMyAccountPage" name="WalidacjaTekstuPor贸wnajProduktyMyAccountPage" time="6.490"/>
  <system-out/>
</testsuite> <!-- testCases.TC_174_WalidacjaTekstuPor贸wnajProduktyMyAccountPage -->
