<?xml version="1.0" encoding="UTF-8"?>
<!-- Generated by org.testng.reporters.JUnitReportReporter -->
<testsuite hostname="DESKTOP-5OD0AA6" failures="0" tests="1" name="testCases.TC_214_WalidacjaOpcjiWSprzedaż_TopsPage_M" time="6.541" errors="0" timestamp="2024-09-29T11:57:46 CEST" skipped="0">
  <testcase classname="testCases.TC_214_WalidacjaOpcjiWSprzedaż_TopsPage_M" name="WalidacjaOpcjiWSprzedaż_TopsPage_M" time="6.541"/>
  <system-out/>
</testsuite> <!-- testCases.TC_214_WalidacjaOpcjiWSprzedaż_TopsPage_M -->
