<?xml version="1.0" encoding="UTF-8"?>
<!-- Generated by org.testng.reporters.JUnitReportReporter -->
<testsuite hostname="DESKTOP-FE26MCT" failures="0" tests="1" name="testCases.TC_019_WalidacjaKategorii_WhatsNew_MShorts" time="4.184" errors="0" timestamp="2024-08-24T14:34:55 CEST" skipped="0">
  <testcase classname="testCases.TC_019_WalidacjaKategorii_WhatsNew_MShorts" name="WalidacjaKategorii_WhatsNew_MShorts" time="4.184"/>
  <system-out/>
</testsuite> <!-- testCases.TC_019_WalidacjaKategorii_WhatsNew_MShorts -->
