<?xml version="1.0" encoding="UTF-8"?>
<!-- Generated by org.testng.reporters.JUnitReportReporter -->
<testsuite hostname="DESKTOP-5OD0AA6" failures="0" tests="1" name="testCases.TC_058_WalidacjaWyświetlaniaPrzycisku_DodajDoKoszyka_HSeller" time="4.979" errors="0" timestamp="2024-10-30T09:37:50 CET" skipped="0">
  <testcase classname="testCases.TC_058_WalidacjaWyświetlaniaPrzycisku_DodajDoKoszyka_HSeller" name="WalidacjaWyświetlaniaPrzycisku_DodajDoKoszyka_HSeller" time="4.979"/>
  <system-out/>
</testsuite> <!-- testCases.TC_058_WalidacjaWyświetlaniaPrzycisku_DodajDoKoszyka_HSeller -->
