<?xml version="1.0" encoding="UTF-8"?>
<!-- Generated by org.testng.reporters.JUnitReportReporter -->
<testsuite hostname="DESKTOP-FE26MCT" failures="0" tests="1" name="testCases.TC_046_WalidacjaNazwyStrony_Pants" time="4.500" errors="0" timestamp="2024-08-25T18:55:44 CEST" skipped="0">
  <testcase classname="testCases.TC_046_WalidacjaNazwyStrony_Pants" name="WalidacjaNazwyStrony_Yoga" time="4.500"/>
  <system-out/>
</testsuite> <!-- testCases.TC_046_WalidacjaNazwyStrony_Pants -->
