<?xml version="1.0" encoding="UTF-8"?>
<!-- Generated by org.testng.reporters.JUnitReportReporter -->
<testsuite hostname="DESKTOP-5OD0AA6" failures="0" tests="1" name="testCases.TC_120_WalidacjaKomunikatu_PopularSearchPage" time="6.495" errors="0" timestamp="2024-09-08T16:05:57 CEST" skipped="0">
  <testcase classname="testCases.TC_120_WalidacjaKomunikatu_PopularSearchPage" name="WalidacjaKomunikatu_PopularSearchPage" time="6.495"/>
  <system-out/>
</testsuite> <!-- testCases.TC_120_WalidacjaKomunikatu_PopularSearchPage -->
