<?xml version="1.0" encoding="UTF-8"?>
<!-- Generated by org.testng.reporters.JUnitReportReporter -->
<testsuite hostname="DESKTOP-5OD0AA6" failures="0" tests="1" name="testCases.TC_166_WalidacjaZakładkiZamówienia_MyAccountPage" time="6.497" errors="0" timestamp="2024-09-24T19:54:44 CEST" skipped="0">
  <testcase classname="testCases.TC_166_WalidacjaZakładkiZamówienia_MyAccountPage" name="WalidacjaZakładkiZamówienia_MyAccountPage" time="6.497"/>
  <system-out/>
</testsuite> <!-- testCases.TC_166_WalidacjaZakładkiZamówienia_MyAccountPage -->
