<?xml version="1.0" encoding="UTF-8"?>
<!-- Generated by org.testng.reporters.JUnitReportReporter -->
<testsuite hostname="DESKTOP-FE26MCT" failures="0" tests="1" name="testCases.TC_007_WalidacjaNazwyStrony_Hoodies_Kobiety" time="5.051" errors="0" timestamp="2024-08-24T17:47:13 CEST" skipped="0">
  <testcase classname="testCases.TC_007_WalidacjaNazwyStrony_Hoodies_Kobiety" name="WalidacjaNazwyStrony_Hoodies_Kobiety" time="5.051"/>
  <system-out/>
</testsuite> <!-- testCases.TC_007_WalidacjaNazwyStrony_Hoodies_Kobiety -->
