<?xml version="1.0" encoding="UTF-8"?>
<!-- Generated by org.testng.reporters.JUnitReportReporter -->
<testsuite hostname="DESKTOP-5OD0AA6" failures="0" tests="1" name="testCases.TC_074_WalidacjaPrzyciskuPor贸wnaj_ProductPage" time="5.290" errors="0" timestamp="2024-09-02T09:21:42 CEST" skipped="0">
  <testcase classname="testCases.TC_074_WalidacjaPrzyciskuPor贸wnaj_ProductPage" name="WalidacjaPrzyciskuPor贸wnaj_ProductPage" time="5.290"/>
  <system-out/>
</testsuite> <!-- testCases.TC_074_WalidacjaPrzyciskuPor贸wnaj_ProductPage -->
