<?xml version="1.0" encoding="UTF-8"?>
<!-- Generated by org.testng.reporters.JUnitReportReporter -->
<testsuite hostname="DESKTOP-5OD0AA6" failures="0" tests="1" name="testCases.TC_207_ValidationOfOptionsInStyles_TopsPage_M" time="15.340" errors="0" timestamp="2025-01-04T13:40:36 CET" skipped="0">
  <testcase classname="testCases.TC_207_ValidationOfOptionsInStyles_TopsPage_M" name="ValidationOfOptionsInStyles_TopsPage_M" time="15.340"/>
  <system-out/>
</testsuite> <!-- testCases.TC_207_ValidationOfOptionsInStyles_TopsPage_M -->
