<?xml version="1.0" encoding="UTF-8"?>
<!-- Generated by org.testng.reporters.JUnitReportReporter -->
<testsuite hostname="DESKTOP-5OD0AA6" failures="0" tests="1" name="testCases.TC_074_WalidacjaDodajDoListyŻyczeń_Produktów_ProductPage" time="7.511" errors="0" timestamp="2024-09-01T19:24:36 CEST" skipped="0">
  <testcase classname="testCases.TC_074_WalidacjaDodajDoListyŻyczeń_Produktów_ProductPage" name="WalidacjaDodajDoListyŻyczeń_Produktów_ProductPage" time="7.511"/>
  <system-out/>
</testsuite> <!-- testCases.TC_074_WalidacjaDodajDoListyŻyczeń_Produktów_ProductPage -->
