<?xml version="1.0" encoding="UTF-8"?>
<!-- Generated by org.testng.reporters.JUnitReportReporter -->
<testsuite hostname="DESKTOP-5OD0AA6" failures="0" tests="1" name="testCases.TC_070_WalidacjaTekstuInneProdukty2_PageProduct" time="11.102" errors="0" timestamp="2024-10-31T06:23:32 CET" skipped="0">
  <testcase classname="testCases.TC_070_WalidacjaTekstuInneProdukty2_PageProduct" name="WalidacjaTekstuInneProdukty2_PageProduct" time="11.102"/>
  <system-out/>
</testsuite> <!-- testCases.TC_070_WalidacjaTekstuInneProdukty2_PageProduct -->
