<?xml version="1.0" encoding="UTF-8"?>
<!-- Generated by org.testng.reporters.JUnitReportReporter -->
<testsuite hostname="DESKTOP-5OD0AA6" failures="0" tests="1" name="testCases.TC_063_PoprawneDodawanieProduktu_KartaZProduktem" time="6.392" errors="0" timestamp="2024-08-31T15:24:38 CEST" skipped="0">
  <testcase classname="testCases.TC_063_PoprawneDodawanieProduktu_KartaZProduktem" name="WalidacjaKolorówProduktów_KartaZProduktem" time="6.392"/>
  <system-out/>
</testsuite> <!-- testCases.TC_063_PoprawneDodawanieProduktu_KartaZProduktem -->
