<?xml version="1.0" encoding="UTF-8"?>
<!-- Generated by org.testng.reporters.JUnitReportReporter -->
<testsuite hostname="DESKTOP-5OD0AA6" failures="0" tests="1" name="testCases.TC_167_WalidacjaZakładkiProduktyDoPobrania_MyAccountPage" time="10.094" errors="0" timestamp="2024-09-24T19:58:02 CEST" skipped="0">
  <testcase classname="testCases.TC_167_WalidacjaZakładkiProduktyDoPobrania_MyAccountPage" name="WalidacjaZakładkiProduktyDoPobrania_MyAccountPage" time="10.094"/>
  <system-out/>
</testsuite> <!-- testCases.TC_167_WalidacjaZakładkiProduktyDoPobrania_MyAccountPage -->
