<?xml version="1.0" encoding="UTF-8"?>
<!-- Generated by org.testng.reporters.JUnitReportReporter -->
<testsuite hostname="DESKTOP-5OD0AA6" failures="0" tests="1" name="testCases.TC_139_WalidacjaFunkcjonalnościPrzyciskuZmianyJęzyka" time="13.739" errors="0" timestamp="2024-09-21T13:41:03 CEST" skipped="0">
  <testcase classname="testCases.TC_139_WalidacjaFunkcjonalnościPrzyciskuZmianyJęzyka" name="WalidacjaFunkcjonalnościPrzyciskuZmianyJęzyka" time="13.739"/>
  <system-out/>
</testsuite> <!-- testCases.TC_139_WalidacjaFunkcjonalnościPrzyciskuZmianyJęzyka -->
