<?xml version="1.0" encoding="UTF-8"?>
<!-- Generated by org.testng.reporters.JUnitReportReporter -->
<testsuite hostname="DESKTOP-5OD0AA6" failures="0" tests="18" name="testCases.TC_004_WalidacjaLogowania_TDD" time="254.344" errors="0" timestamp="2024-10-30T10:35:46 CET" skipped="0">
  <testcase classname="testCases.TC_004_WalidacjaLogowania_TDD" name="WalidacjaLogowania_TDD" time="14.052"/>
  <system-out/>
  <testcase classname="testCases.TC_004_WalidacjaLogowania_TDD" name="WalidacjaLogowania_TDD" time="13.870"/>
  <system-out/>
  <testcase classname="testCases.TC_004_WalidacjaLogowania_TDD" name="WalidacjaLogowania_TDD" time="14.139"/>
  <system-out/>
  <testcase classname="testCases.TC_004_WalidacjaLogowania_TDD" name="WalidacjaLogowania_TDD" time="14.147"/>
  <system-out/>
  <testcase classname="testCases.TC_004_WalidacjaLogowania_TDD" name="WalidacjaLogowania_TDD" time="14.130"/>
  <system-out/>
  <testcase classname="testCases.TC_004_WalidacjaLogowania_TDD" name="WalidacjaLogowania_TDD" time="13.876"/>
  <system-out/>
  <testcase classname="testCases.TC_004_WalidacjaLogowania_TDD" name="WalidacjaLogowania_TDD" time="14.293"/>
  <system-out/>
  <testcase classname="testCases.TC_004_WalidacjaLogowania_TDD" name="WalidacjaLogowania_TDD" time="14.263"/>
  <system-out/>
  <testcase classname="testCases.TC_004_WalidacjaLogowania_TDD" name="WalidacjaLogowania_TDD" time="14.842"/>
  <system-out/>
  <testcase classname="testCases.TC_004_WalidacjaLogowania_TDD" name="WalidacjaLogowania_TDD" time="14.154"/>
  <system-out/>
  <testcase classname="testCases.TC_004_WalidacjaLogowania_TDD" name="WalidacjaLogowania_TDD" time="14.083"/>
  <system-out/>
  <testcase classname="testCases.TC_004_WalidacjaLogowania_TDD" name="WalidacjaLogowania_TDD" time="14.028"/>
  <system-out/>
  <testcase classname="testCases.TC_004_WalidacjaLogowania_TDD" name="WalidacjaLogowania_TDD" time="13.897"/>
  <system-out/>
  <testcase classname="testCases.TC_004_WalidacjaLogowania_TDD" name="WalidacjaLogowania_TDD" time="14.090"/>
  <system-out/>
  <testcase classname="testCases.TC_004_WalidacjaLogowania_TDD" name="WalidacjaLogowania_TDD" time="14.259"/>
  <system-out/>
  <testcase classname="testCases.TC_004_WalidacjaLogowania_TDD" name="WalidacjaLogowania_TDD" time="13.747"/>
  <system-out/>
  <testcase classname="testCases.TC_004_WalidacjaLogowania_TDD" name="WalidacjaLogowania_TDD" time="14.282"/>
  <system-out/>
  <testcase classname="testCases.TC_004_WalidacjaLogowania_TDD" name="WalidacjaLogowania_TDD" time="14.192"/>
  <system-out/>
</testsuite> <!-- testCases.TC_004_WalidacjaLogowania_TDD -->
