<?xml version="1.0" encoding="UTF-8"?>
<!-- Generated by org.testng.reporters.JUnitReportReporter -->
<testsuite hostname="DESKTOP-5OD0AA6" failures="0" tests="1" name="testCases.TC_206_WalidacjaOpcjiWKategoria_TopsPage_M" time="7.227" errors="0" timestamp="2024-09-27T11:48:31 CEST" skipped="0">
  <testcase classname="testCases.TC_206_WalidacjaOpcjiWKategoria_TopsPage_M" name="WalidacjaOpcjiWKategoria_TopsPage_M" time="7.227"/>
  <system-out/>
</testsuite> <!-- testCases.TC_206_WalidacjaOpcjiWKategoria_TopsPage_M -->
