<?xml version="1.0" encoding="UTF-8"?>
<!-- Generated by org.testng.reporters.JUnitReportReporter -->
<testsuite hostname="DESKTOP-FE26MCT" failures="0" tests="1" name="testCases.TC_033_WalidacjaNazwyStrony_Tops_M" time="5.059" errors="0" timestamp="2024-08-25T13:01:48 CEST" skipped="0">
  <testcase classname="testCases.TC_033_WalidacjaNazwyStrony_Tops_M" name="WalidacjaNazwyStrony_Training" time="5.059"/>
  <system-out/>
</testsuite> <!-- testCases.TC_033_WalidacjaNazwyStrony_Tops_M -->
