<?xml version="1.0" encoding="UTF-8"?>
<!-- Generated by org.testng.reporters.JUnitReportReporter -->
<testsuite hostname="DESKTOP-5OD0AA6" failures="0" tests="1" name="testCases.TC_113_WalidacjaWyświetlaniaDanychWTabeli_CustomerServicePage" time="5.071" errors="0" timestamp="2024-09-08T12:53:50 CEST" skipped="0">
  <testcase classname="testCases.TC_113_WalidacjaWyświetlaniaDanychWTabeli_CustomerServicePage" name="WalidacjaWyświetlaniaDanychWTabeli_CustomerServicePage" time="5.071"/>
  <system-out/>
</testsuite> <!-- testCases.TC_113_WalidacjaWyświetlaniaDanychWTabeli_CustomerServicePage -->
