<?xml version="1.0" encoding="UTF-8"?>
<!-- Generated by org.testng.reporters.JUnitReportReporter -->
<testsuite hostname="DESKTOP-5OD0AA6" failures="0" tests="1" name="testCases.TC_046_WalidacjaNazwyStrony_Pants" time="5.210" errors="0" timestamp="2024-11-07T22:03:39 CET" skipped="0">
  <testcase classname="testCases.TC_046_WalidacjaNazwyStrony_Pants" name="WalidacjaNazwyStrony_Yoga" time="5.210"/>
  <system-out/>
</testsuite> <!-- testCases.TC_046_WalidacjaNazwyStrony_Pants -->
