<?xml version="1.0" encoding="UTF-8"?>
<!-- Generated by org.testng.reporters.JUnitReportReporter -->
<testsuite hostname="DESKTOP-5OD0AA6" failures="0" tests="1" name="testCases.TC_075_Walidacjabtn_PorównaniaPrzedmiotówProduktów_ProductPage" time="7.893" errors="0" timestamp="2024-09-01T19:33:16 CEST" skipped="0">
  <testcase classname="testCases.TC_075_Walidacjabtn_PorównaniaPrzedmiotówProduktów_ProductPage" name="Walidacjabtn_PorównaniaPrzedmiotówProduktów_ProductPage" time="7.893"/>
  <system-out/>
</testsuite> <!-- testCases.TC_075_Walidacjabtn_PorównaniaPrzedmiotówProduktów_ProductPage -->
