<?xml version="1.0" encoding="UTF-8"?>
<!-- Generated by org.testng.reporters.JUnitReportReporter -->
<testsuite hostname="DESKTOP-FE26MCT" failures="0" tests="1" name="testCases.TC_045_WalidacjaNazwyStrony_Yoga" time="5.141" errors="0" timestamp="2024-08-25T18:48:49 CEST" skipped="0">
  <testcase classname="testCases.TC_045_WalidacjaNazwyStrony_Yoga" name="WalidacjaNazwyStrony_Yoga" time="5.141"/>
  <system-out/>
</testsuite> <!-- testCases.TC_045_WalidacjaNazwyStrony_Yoga -->
