<?xml version="1.0" encoding="UTF-8"?>
<!-- Generated by org.testng.reporters.JUnitReportReporter -->
<testsuite hostname="DESKTOP-5OD0AA6" failures="0" tests="1" name="testCases.TC_154_WalidacjaWyświetlaniaNazwyIEmailUżytkownika_MyAccountPage" time="5.367" errors="0" timestamp="2024-09-24T13:38:34 CEST" skipped="0">
  <testcase classname="testCases.TC_154_WalidacjaWyświetlaniaNazwyIEmailUżytkownika_MyAccountPage" name="WalidacjaWyświetlaniaNazwyIEmailUżytkownika_MyAccountPage" time="5.367"/>
  <system-out/>
</testsuite> <!-- testCases.TC_154_WalidacjaWyświetlaniaNazwyIEmailUżytkownika_MyAccountPage -->
