<?xml version="1.0" encoding="UTF-8"?>
<!-- Generated by org.testng.reporters.JUnitReportReporter -->
<testsuite hostname="DESKTOP-5OD0AA6" failures="0" tests="1" name="testCases.TC_071_WalidacjaObrazówProduktów_ProductPage" time="5.598" errors="0" timestamp="2024-09-01T19:12:32 CEST" skipped="0">
  <testcase classname="testCases.TC_071_WalidacjaObrazówProduktów_ProductPage" name="WalidacjaObrazówProduktów_ProductPage" time="5.598"/>
  <system-out/>
</testsuite> <!-- testCases.TC_071_WalidacjaObrazówProduktów_ProductPage -->
