<?xml version="1.0" encoding="UTF-8"?>
<!-- Generated by org.testng.reporters.JUnitReportReporter -->
<testsuite hostname="DESKTOP-5OD0AA6" failures="0" tests="1" name="testCases.TC_103_WalidacjaFunkcjonalności_LinkuZwroty_FooterPage" time="4.576" errors="0" timestamp="2024-09-06T11:33:39 CEST" skipped="0">
  <testcase classname="testCases.TC_103_WalidacjaFunkcjonalności_LinkuZwroty_FooterPage" name="WalidacjaFunkcjonalności_LinkuZwroty_FooterPage" time="4.576"/>
  <system-out/>
</testsuite> <!-- testCases.TC_103_WalidacjaFunkcjonalności_LinkuZwroty_FooterPage -->
