<?xml version="1.0" encoding="UTF-8"?>
<!-- Generated by org.testng.reporters.JUnitReportReporter -->
<testsuite hostname="DESKTOP-5OD0AA6" failures="0" tests="1" name="testCases.TC_080_WalidacjaTekstuKomentarza_ProductPage" time="5.244" errors="0" timestamp="2024-09-03T09:47:51 CEST" skipped="0">
  <testcase classname="testCases.TC_080_WalidacjaTekstuKomentarza_ProductPage" name="WalidacjaTekstuKomentarza_ProductPage" time="5.244"/>
  <system-out/>
</testsuite> <!-- testCases.TC_080_WalidacjaTekstuKomentarza_ProductPage -->
