<?xml version="1.0" encoding="UTF-8"?>
<!-- Generated by org.testng.reporters.JUnitReportReporter -->
<testsuite hostname="DESKTOP-5OD0AA6" failures="0" tests="1" name="testCases.TC_198_WalidacjaCheckBoxZmieńHasło_MyAccountPage" time="7.163" errors="0" timestamp="2024-09-25T19:17:01 CEST" skipped="0">
  <testcase classname="testCases.TC_198_WalidacjaCheckBoxZmieńHasło_MyAccountPage" name="WalidacjaCheckBoxZmieńHasło_MyAccountPage" time="7.163"/>
  <system-out/>
</testsuite> <!-- testCases.TC_198_WalidacjaCheckBoxZmieńHasło_MyAccountPage -->
