<?xml version="1.0" encoding="UTF-8"?>
<!-- Generated by org.testng.reporters.JUnitReportReporter -->
<testsuite hostname="DESKTOP-5OD0AA6" failures="0" tests="1" name="testCases.TC_163_WalidacjaLinkuZmieńAdresRozliczeniowy_MyAccountPage" time="11.224" errors="0" timestamp="2024-11-07T22:03:39 CET" skipped="0">
  <testcase classname="testCases.TC_163_WalidacjaLinkuZmieńAdresRozliczeniowy_MyAccountPage" name="WalidacjaLinkuZmieńAdresRozliczeniowy_MyAccountPage" time="11.224"/>
  <system-out/>
</testsuite> <!-- testCases.TC_163_WalidacjaLinkuZmieńAdresRozliczeniowy_MyAccountPage -->
