<?xml version="1.0" encoding="UTF-8"?>
<!-- Generated by org.testng.reporters.JUnitReportReporter -->
<testsuite hostname="DESKTOP-5OD0AA6" failures="0" tests="1" name="testCases.TC_215_ValidationOfOptionsInPattern_TopsPage_M" time="8.424" errors="0" timestamp="2025-01-04T14:03:51 CET" skipped="0">
  <testcase classname="testCases.TC_215_ValidationOfOptionsInPattern_TopsPage_M" name="ValidationOfOptionsInPattern_TopsPage_M" time="8.424"/>
  <system-out/>
</testsuite> <!-- testCases.TC_215_ValidationOfOptionsInPattern_TopsPage_M -->
