<?xml version="1.0" encoding="UTF-8"?>
<!-- Generated by org.testng.reporters.JUnitReportReporter -->
<testsuite hostname="DESKTOP-5OD0AA6" failures="0" tests="1" name="testCases.TC_134_WalidacjaTekstu_InfoBar" time="10.318" errors="0" timestamp="2024-09-17T10:47:20 CEST" skipped="0">
  <testcase classname="testCases.TC_134_WalidacjaTekstu_InfoBar" name="WalidacjaWyÅ›wietlaniaTekstu_InfoBar" time="10.318"/>
  <system-out/>
</testsuite> <!-- testCases.TC_134_WalidacjaTekstu_InfoBar -->
