<?xml version="1.0" encoding="UTF-8"?>
<!-- Generated by org.testng.reporters.JUnitReportReporter -->
<testsuite hostname="DESKTOP-5OD0AA6" failures="0" tests="1" name="testCases.TC_191_WalidacjWyświetlaniaKomuniaktuWProduktyDoPobrania_MyAccountPage" time="7.236" errors="0" timestamp="2024-09-25T14:49:27 CEST" skipped="0">
  <testcase classname="testCases.TC_191_WalidacjWyświetlaniaKomuniaktuWProduktyDoPobrania_MyAccountPage" name="WalidacjWyświetlaniaKomuniaktuWProduktyDoPobrania_MyAccountPage" time="7.236"/>
  <system-out/>
</testsuite> <!-- testCases.TC_191_WalidacjWyświetlaniaKomuniaktuWProduktyDoPobrania_MyAccountPage -->
