<?xml version="1.0" encoding="UTF-8"?>
<!-- Generated by org.testng.reporters.JUnitReportReporter -->
<testsuite hostname="DESKTOP-5OD0AA6" failures="0" tests="1" name="testCases.TC_068_WalidacjaZakładkiOpinie_PageProduct" time="5.210" errors="0" timestamp="2024-09-03T08:35:37 CEST" skipped="0">
  <testcase classname="testCases.TC_068_WalidacjaZakładkiOpinie_PageProduct" name="WalidacjaModułuWięcejInfo_PageProduct" time="5.210"/>
  <system-out/>
</testsuite> <!-- testCases.TC_068_WalidacjaZakładkiOpinie_PageProduct -->
