<?xml version="1.0" encoding="UTF-8"?>
<!-- Generated by org.testng.reporters.JUnitReportReporter -->
<testsuite hostname="DESKTOP-5OD0AA6" failures="0" tests="1" name="testCases.TC_133_WalidacjaWyświetlaniaTekstu_InfoBar" time="2.874" errors="0" timestamp="2024-09-17T10:42:15 CEST" skipped="0">
  <testcase classname="testCases.TC_133_WalidacjaWyświetlaniaTekstu_InfoBar" name="WalidacjaWyświetlaniaTekstu_InfoBar" time="2.874"/>
  <system-out/>
</testsuite> <!-- testCases.TC_133_WalidacjaWyświetlaniaTekstu_InfoBar -->
