<?xml version="1.0" encoding="UTF-8"?>
<!-- Generated by org.testng.reporters.JUnitReportReporter -->
<testsuite hostname="DESKTOP-5OD0AA6" failures="0" tests="1" name="testCases.TC_164_WalidacjaLinkuZmieńAdresDostawy_MyAccountPage" time="7.379" errors="0" timestamp="2024-09-24T19:04:23 CEST" skipped="0">
  <testcase classname="testCases.TC_164_WalidacjaLinkuZmieńAdresDostawy_MyAccountPage" name="WalidacjaLinkuZmieńAdresDostawy_MyAccountPage" time="7.379"/>
  <system-out/>
</testsuite> <!-- testCases.TC_164_WalidacjaLinkuZmieńAdresDostawy_MyAccountPage -->
