<?xml version="1.0" encoding="UTF-8"?>
<!-- Generated by org.testng.reporters.JUnitReportReporter -->
<testsuite hostname="DESKTOP-5OD0AA6" failures="0" tests="1" name="testCases.TC_184_WalidacjaFunkcjonalnościOpcjiWyświetlaniaIlościProduktówWZakładceZamówieniaOpcja50_MyAccountPage" time="13.150" errors="0" timestamp="2024-11-07T22:03:39 CET" skipped="0">
  <testcase classname="testCases.TC_184_WalidacjaFunkcjonalnościOpcjiWyświetlaniaIlościProduktówWZakładceZamówieniaOpcja50_MyAccountPage" name="WalidacjaFunkcjonalnościOpcjiWyświetlaniaIlościProduktówWZakładceZamówieniaOpcja50_MyAccountPage" time="13.150"/>
  <system-out/>
</testsuite> <!-- testCases.TC_184_WalidacjaFunkcjonalnościOpcjiWyświetlaniaIlościProduktówWZakładceZamówieniaOpcja50_MyAccountPage -->
