<?xml version="1.0" encoding="UTF-8"?>
<!-- Generated by org.testng.reporters.JUnitReportReporter -->
<testsuite hostname="DESKTOP-5OD0AA6" failures="0" tests="1" name="testCases.TC_056_WalidacjaCenaPrzedmiot贸w_HSeller" time="11.643" errors="0" timestamp="2024-09-02T11:12:41 CEST" skipped="0">
  <testcase classname="testCases.TC_056_WalidacjaCenaPrzedmiot贸w_HSeller" name="WalidacjaRozmiarPrzedmiot贸w_HSelle" time="11.643"/>
  <system-out/>
</testsuite> <!-- testCases.TC_056_WalidacjaCenaPrzedmiot贸w_HSeller -->
