<?xml version="1.0" encoding="UTF-8"?>
<!-- Generated by org.testng.reporters.JUnitReportReporter -->
<testsuite hostname="DESKTOP-5OD0AA6" failures="0" tests="1" name="testCases.TC_083_WalidacjaLoga_MainPage" time="18.746" errors="0" timestamp="2024-09-03T13:12:50 CEST" skipped="0">
  <testcase classname="testCases.TC_083_WalidacjaLoga_MainPage" name="WalidacjaLoga_MainPage" time="18.746"/>
  <system-out/>
</testsuite> <!-- testCases.TC_083_WalidacjaLoga_MainPage -->
