<?xml version="1.0" encoding="UTF-8"?>
<!-- Generated by org.testng.reporters.JUnitReportReporter -->
<testsuite hostname="DESKTOP-5OD0AA6" failures="0" tests="1" name="testCases.TC_076_WalidacjaPrzyciskuDodajDoListy_ProductPage" time="8.912" errors="0" timestamp="2024-09-02T13:53:36 CEST" skipped="0">
  <testcase classname="testCases.TC_076_WalidacjaPrzyciskuDodajDoListy_ProductPage" name="WalidacjaPrzyciskuDodajDoListy_ProductPage" time="8.912"/>
  <system-out/>
</testsuite> <!-- testCases.TC_076_WalidacjaPrzyciskuDodajDoListy_ProductPage -->
