<?xml version="1.0" encoding="UTF-8"?>
<!-- Generated by org.testng.reporters.JUnitReportReporter -->
<testsuite hostname="DESKTOP-FE26MCT" failures="0" tests="1" name="testCases.TC_012_WalidacjaNazwyStrony_Shorts_Kobiety" time="4.065" errors="0" timestamp="2024-08-24T17:47:13 CEST" skipped="0">
  <testcase classname="testCases.TC_012_WalidacjaNazwyStrony_Shorts_Kobiety" name="WalidacjaKategorii_WhatsNew_WShorts" time="4.065"/>
  <system-out/>
</testsuite> <!-- testCases.TC_012_WalidacjaNazwyStrony_Shorts_Kobiety -->
