<?xml version="1.0" encoding="UTF-8"?>
<!-- Generated by org.testng.reporters.JUnitReportReporter -->
<testsuite hostname="DESKTOP-5OD0AA6" failures="0" tests="1" name="testCases.TC_190_WalidacjaFunkcjonalnościDodajWszystkoDoKoszyka_MyAccountPage" time="9.870" errors="0" timestamp="2024-09-25T14:15:47 CEST" skipped="0">
  <testcase classname="testCases.TC_190_WalidacjaFunkcjonalnościDodajWszystkoDoKoszyka_MyAccountPage" name="WalidacjaFunkcjonalnościDodajWszystkoDoKoszyka_MyAccountPage" time="9.870"/>
  <system-out/>
</testsuite> <!-- testCases.TC_190_WalidacjaFunkcjonalnościDodajWszystkoDoKoszyka_MyAccountPage -->
