<?xml version="1.0" encoding="UTF-8"?>
<!-- Generated by org.testng.reporters.JUnitReportReporter -->
<testsuite hostname="DESKTOP-5OD0AA6" failures="0" tests="1" name="testCases.TC_203_WalidacjaFunkcjonalnościDropDownSelektorOpcja_Pozycja_Tops_M" time="8.520" errors="0" timestamp="2024-11-07T22:03:39 CET" skipped="0">
  <testcase classname="testCases.TC_203_WalidacjaFunkcjonalnościDropDownSelektorOpcja_Pozycja_Tops_M" name="WalidacjaFunkcjonalnościDropDownSelektorOpcja_Pozycja_Tops_M" time="8.520"/>
  <system-out/>
</testsuite> <!-- testCases.TC_203_WalidacjaFunkcjonalnościDropDownSelektorOpcja_Pozycja_Tops_M -->
