<?xml version="1.0" encoding="UTF-8"?>
<!-- Generated by org.testng.reporters.JUnitReportReporter -->
<testsuite hostname="DESKTOP-5OD0AA6" failures="0" tests="1" name="testCases.TC_130_WalidacjaWyświetlaniaTekstu_LeaveMsg_contactPage" time="6.326" errors="0" timestamp="2024-09-16T10:07:35 CEST" skipped="0">
  <testcase classname="testCases.TC_130_WalidacjaWyświetlaniaTekstu_LeaveMsg_contactPage" name="WalidacjaWyświetlaniaTekstu_LeaveMsg_contactPage" time="6.326"/>
  <system-out/>
</testsuite> <!-- testCases.TC_130_WalidacjaWyświetlaniaTekstu_LeaveMsg_contactPage -->
