<?xml version="1.0" encoding="UTF-8"?>
<!-- Generated by org.testng.reporters.JUnitReportReporter -->
<testsuite hostname="DESKTOP-FE26MCT" failures="0" tests="1" name="testCases.TC_058_WalidacjaOpcji_DodajDoKoszyka_HSeller" time="5.107" errors="0" timestamp="2024-08-27T17:56:26 CEST" skipped="0">
  <testcase classname="testCases.TC_058_WalidacjaOpcji_DodajDoKoszyka_HSeller" name="WalidacjaOpcji_DodajDoKoszyka_HSeller" time="5.107"/>
  <system-out/>
</testsuite> <!-- testCases.TC_058_WalidacjaOpcji_DodajDoKoszyka_HSeller -->
