<?xml version="1.0" encoding="UTF-8"?>
<!-- Generated by org.testng.reporters.JUnitReportReporter -->
<testsuite hostname="DESKTOP-FE26MCT" failures="0" tests="1" name="testCases.TC_010_WalidacjaKategorii_WhatsNew_WBrasAndTanks" time="5.481" errors="0" timestamp="2024-08-24T12:17:58 CEST" skipped="0">
  <testcase classname="testCases.TC_010_WalidacjaKategorii_WhatsNew_WBrasAndTanks" name="WalidacjaKategorii_WhatsNew_WBrasAndTanks" time="5.481"/>
  <system-out/>
</testsuite> <!-- testCases.TC_010_WalidacjaKategorii_WhatsNew_WBrasAndTanks -->
