<?xml version="1.0" encoding="UTF-8"?>
<!-- Generated by org.testng.reporters.JUnitReportReporter -->
<testsuite hostname="DESKTOP-5OD0AA6" failures="0" tests="1" name="testCases.TC_136_WalidacjaLinkTekstu_InfoBar" time="4.268" errors="0" timestamp="2024-09-17T10:53:11 CEST" skipped="0">
  <testcase classname="testCases.TC_136_WalidacjaLinkTekstu_InfoBar" name="WalidacjaLinkTekstu_InfoBar" time="4.268"/>
  <system-out/>
</testsuite> <!-- testCases.TC_136_WalidacjaLinkTekstu_InfoBar -->
