<?xml version="1.0" encoding="UTF-8"?>
<!-- Generated by org.testng.reporters.JUnitReportReporter -->
<testsuite hostname="DESKTOP-5OD0AA6" failures="0" tests="1" name="testCases.TC_122_WalidacjaTekstu_WeLoveHearing_contactPage" time="5.088" errors="0" timestamp="2024-09-12T17:02:12 CEST" skipped="0">
  <testcase classname="testCases.TC_122_WalidacjaTekstu_WeLoveHearing_contactPage" name="WalidacjaTekstu_WeLoveHearing_contactPage" time="5.088"/>
  <system-out/>
</testsuite> <!-- testCases.TC_122_WalidacjaTekstu_WeLoveHearing_contactPage -->
