<?xml version="1.0" encoding="UTF-8"?>
<!-- Generated by org.testng.reporters.JUnitReportReporter -->
<testsuite hostname="DESKTOP-5OD0AA6" failures="0" tests="1" name="testCases.TC_170_WalidacjaZakładkiDaneKonta_MyAccountPage" time="6.057" errors="0" timestamp="2024-09-24T20:05:06 CEST" skipped="0">
  <testcase classname="testCases.TC_170_WalidacjaZakładkiDaneKonta_MyAccountPage" name="WalidacjaZakładkiDaneKonta_MyAccountPage" time="6.057"/>
  <system-out/>
</testsuite> <!-- testCases.TC_170_WalidacjaZakładkiDaneKonta_MyAccountPage -->
