<?xml version="1.0" encoding="UTF-8"?>
<!-- Generated by org.testng.reporters.JUnitReportReporter -->
<testsuite hostname="DESKTOP-5OD0AA6" failures="0" tests="1" name="testCases.TC_205_WalidacjaFunkcjonalnościDropDownSelektor_Ceny_Tops_M" time="5.126" errors="0" timestamp="2024-09-26T16:07:13 CEST" skipped="0">
  <testcase classname="testCases.TC_205_WalidacjaFunkcjonalnościDropDownSelektor_Ceny_Tops_M" name="WalidacjaFunkcjonalnościDropDownSelektor_Ceny_Tops_M" time="5.126"/>
  <system-out/>
</testsuite> <!-- testCases.TC_205_WalidacjaFunkcjonalnościDropDownSelektor_Ceny_Tops_M -->
