<?xml version="1.0" encoding="UTF-8"?>
<!-- Generated by org.testng.reporters.JUnitReportReporter -->
<testsuite hostname="DESKTOP-5OD0AA6" failures="0" tests="7" name="testCases.TC_138_WalidacjaMailBox_FooterPage_TDD" time="117.646" errors="0" timestamp="2024-10-30T11:03:27 CET" skipped="0">
  <testcase classname="testCases.TC_138_WalidacjaMailBox_FooterPage_TDD" name="WalidacjaMailBox_FooterPage" time="24.470"/>
  <system-out/>
  <testcase classname="testCases.TC_138_WalidacjaMailBox_FooterPage_TDD" name="WalidacjaMailBox_FooterPage" time="13.575"/>
  <system-out/>
  <testcase classname="testCases.TC_138_WalidacjaMailBox_FooterPage_TDD" name="WalidacjaMailBox_FooterPage" time="23.695"/>
  <system-out/>
  <testcase classname="testCases.TC_138_WalidacjaMailBox_FooterPage_TDD" name="WalidacjaMailBox_FooterPage" time="13.639"/>
  <system-out/>
  <testcase classname="testCases.TC_138_WalidacjaMailBox_FooterPage_TDD" name="WalidacjaMailBox_FooterPage" time="23.938"/>
  <system-out/>
  <testcase classname="testCases.TC_138_WalidacjaMailBox_FooterPage_TDD" name="WalidacjaMailBox_FooterPage" time="13.693"/>
  <system-out/>
  <testcase classname="testCases.TC_138_WalidacjaMailBox_FooterPage_TDD" name="WalidacjaMailBox_FooterPage" time="4.636"/>
  <system-out/>
</testsuite> <!-- testCases.TC_138_WalidacjaMailBox_FooterPage_TDD -->
