<?xml version="1.0" encoding="UTF-8"?>
<!-- Generated by org.testng.reporters.JUnitReportReporter -->
<testsuite hostname="DESKTOP-5OD0AA6" failures="0" tests="1" name="testCases.TC_090_WalidacjaWyświetlaniaLinkuKontakt_FooterPage" time="5.106" errors="0" timestamp="2024-09-04T10:26:20 CEST" skipped="0">
  <testcase classname="testCases.TC_090_WalidacjaWyświetlaniaLinkuKontakt_FooterPage" name="WalidacjaWyświetlaniaLinkuKontakt_FooterPage" time="5.106"/>
  <system-out/>
</testsuite> <!-- testCases.TC_090_WalidacjaWyświetlaniaLinkuKontakt_FooterPage -->
