<?xml version="1.0" encoding="UTF-8"?>
<!-- Generated by org.testng.reporters.JUnitReportReporter -->
<testsuite hostname="DESKTOP-5OD0AA6" failures="0" tests="1" name="testCases.TC_184_WalidacjaFunkcjonalnościOpcjiWyświetlaniaIlościProduktówWZakładceZamówieniaOpcja50_MyAccountPage" time="7.382" errors="0" timestamp="2024-09-25T12:09:44 CEST" skipped="0">
  <testcase classname="testCases.TC_184_WalidacjaFunkcjonalnościOpcjiWyświetlaniaIlościProduktówWZakładceZamówieniaOpcja50_MyAccountPage" name="WalidacjaWyświetlaniaDrugiegoProduktuWZakładceZamówienia_MyAccountPage" time="7.382"/>
  <system-out/>
</testsuite> <!-- testCases.TC_184_WalidacjaFunkcjonalnościOpcjiWyświetlaniaIlościProduktówWZakładceZamówieniaOpcja50_MyAccountPage -->
