<?xml version="1.0" encoding="UTF-8"?>
<!-- Generated by org.testng.reporters.JUnitReportReporter -->
<testsuite hostname="DESKTOP-5OD0AA6" failures="0" tests="1" name="testCases.TC_158_WalidacjaWyświetlaniaNazwKolumnZamówień_MyAccountPage" time="5.468" errors="0" timestamp="2024-09-24T14:13:27 CEST" skipped="0">
  <testcase classname="testCases.TC_158_WalidacjaWyświetlaniaNazwKolumnZamówień_MyAccountPage" name="WalidacjaWyświetlaniaNazwKolumnZamówień_MyAccountPage" time="5.468"/>
  <system-out/>
</testsuite> <!-- testCases.TC_158_WalidacjaWyświetlaniaNazwKolumnZamówień_MyAccountPage -->
