<?xml version="1.0" encoding="UTF-8"?>
<!-- Generated by org.testng.reporters.JUnitReportReporter -->
<testsuite hostname="DESKTOP-5OD0AA6" failures="0" tests="1" name="testCases.TC_183_WalidacjaFunkcjonalnościOpcjiWyświetlaniaIlościProduktówWZakładceZamówienia_MyAccountPage2" time="7.805" errors="0" timestamp="2024-09-25T11:35:05 CEST" skipped="0">
  <testcase classname="testCases.TC_183_WalidacjaFunkcjonalnościOpcjiWyświetlaniaIlościProduktówWZakładceZamówienia_MyAccountPage2" name="WalidacjaWyświetlaniaDrugiegoProduktuWZakładceZamówienia_MyAccountPage" time="7.805"/>
  <system-out/>
</testsuite> <!-- testCases.TC_183_WalidacjaFunkcjonalnościOpcjiWyświetlaniaIlościProduktówWZakładceZamówienia_MyAccountPage2 -->
