<?xml version="1.0" encoding="UTF-8"?>
<!-- Generated by org.testng.reporters.JUnitReportReporter -->
<testsuite hostname="DESKTOP-FE26MCT" failures="0" tests="1" name="testCases.TC_007_WalidacjaKategorii_WhatsNew_Hoodies_Sweatshirts" time="5.053" errors="0" timestamp="2024-08-24T11:26:14 CEST" skipped="0">
  <testcase classname="testCases.TC_007_WalidacjaKategorii_WhatsNew_Hoodies_Sweatshirts" name="WalidacjaKategorii_WhatsNew_Hoodies_Sweatshirts" time="5.053"/>
  <system-out/>
</testsuite> <!-- testCases.TC_007_WalidacjaKategorii_WhatsNew_Hoodies_Sweatshirts -->
