<?xml version="1.0" encoding="UTF-8"?>
<!-- Generated by org.testng.reporters.JUnitReportReporter -->
<testsuite hostname="DESKTOP-5OD0AA6" failures="0" tests="1" name="testCases.TC_119_WalidacjaLinkuContactUs_PrivacyPage" time="14.319" errors="0" timestamp="2024-09-08T15:36:09 CEST" skipped="0">
  <testcase classname="testCases.TC_119_WalidacjaLinkuContactUs_PrivacyPage" name="WalidacjaLinkuContactUs_PrivacyPage" time="14.319"/>
  <system-out/>
</testsuite> <!-- testCases.TC_119_WalidacjaLinkuContactUs_PrivacyPage -->
