<?xml version="1.0" encoding="UTF-8"?>
<!-- Generated by org.testng.reporters.JUnitReportReporter -->
<testsuite hostname="DESKTOP-5OD0AA6" failures="0" tests="1" name="testCases.TC_125_WalidacjaWyświetlaniaNagłówka_DesignInquiriesDesc_contactPage" time="6.604" errors="0" timestamp="2024-09-12T17:38:35 CEST" skipped="0">
  <testcase classname="testCases.TC_125_WalidacjaWyświetlaniaNagłówka_DesignInquiriesDesc_contactPage" name="WalidacjaWyświetlaniaNagłówka_DesignInquiriesDesc_contactPage" time="6.604"/>
  <system-out/>
</testsuite> <!-- testCases.TC_125_WalidacjaWyświetlaniaNagłówka_DesignInquiriesDesc_contactPage -->
