<?xml version="1.0" encoding="UTF-8"?>
<!-- Generated by org.testng.reporters.JUnitReportReporter -->
<testsuite hostname="DESKTOP-FE26MCT" failures="0" tests="1" name="testCases.TC_006_WalidacjaKategorii_WhatsNew_NewInWomen" time="6.460" errors="0" timestamp="2024-08-23T11:32:48 CEST" skipped="0">
  <testcase classname="testCases.TC_006_WalidacjaKategorii_WhatsNew_NewInWomen" name="WalidacjaKategorii_WhatsNew_NewInWomen" time="6.460"/>
  <system-out/>
</testsuite> <!-- testCases.TC_006_WalidacjaKategorii_WhatsNew_NewInWomen -->
