<?xml version="1.0" encoding="UTF-8"?>
<!-- Generated by org.testng.reporters.JUnitReportReporter -->
<testsuite hostname="DESKTOP-5OD0AA6" failures="0" tests="1" name="testCases.TC_063_WalidacjaIlościProduktu_KartaZProduktem" time="44.845" errors="0" timestamp="2024-08-31T13:46:03 CEST" skipped="0">
  <testcase classname="testCases.TC_063_WalidacjaIlościProduktu_KartaZProduktem" name="WalidacjaKolorówProduktów_KartaZProduktem" time="44.845"/>
  <system-out/>
</testsuite> <!-- testCases.TC_063_WalidacjaIlościProduktu_KartaZProduktem -->
