<?xml version="1.0" encoding="UTF-8"?>
<!-- Generated by org.testng.reporters.JUnitReportReporter -->
<testsuite hostname="DESKTOP-5OD0AA6" failures="0" tests="1" name="testCases.TC_088_WalidacjaWyświetlaniaLinkuZaawansowaneWyszukiwanie_FooterPage" time="5.191" errors="0" timestamp="2024-09-04T10:20:30 CEST" skipped="0">
  <testcase classname="testCases.TC_088_WalidacjaWyświetlaniaLinkuZaawansowaneWyszukiwanie_FooterPage" name="WalidacjaLinkuAboutUs_FooterPage" time="5.191"/>
  <system-out/>
</testsuite> <!-- testCases.TC_088_WalidacjaWyświetlaniaLinkuZaawansowaneWyszukiwanie_FooterPage -->
