<?xml version="1.0" encoding="UTF-8"?>
<!-- Generated by org.testng.reporters.JUnitReportReporter -->
<testsuite hostname="DESKTOP-5OD0AA6" failures="0" tests="1" name="testCases.TC_123_ValidationOfPhoneNumberDisplay_contactPage" time="5.482" errors="0" timestamp="2025-01-05T11:50:32 CET" skipped="0">
  <testcase classname="testCases.TC_123_ValidationOfPhoneNumberDisplay_contactPage" name="ValidationOfPhoneNumberDisplay_contactPage" time="5.482"/>
  <system-out/>
</testsuite> <!-- testCases.TC_123_ValidationOfPhoneNumberDisplay_contactPage -->
