<?xml version="1.0" encoding="UTF-8"?>
<!-- Generated by org.testng.reporters.JUnitReportReporter -->
<testsuite hostname="DESKTOP-5OD0AA6" failures="0" tests="1" name="testCases.TC_193_WalidacjWyświetlaniaKomuniaktuOBrakuRecenzji_MyAccountPage" time="7.028" errors="0" timestamp="2024-09-25T15:06:06 CEST" skipped="0">
  <testcase classname="testCases.TC_193_WalidacjWyświetlaniaKomuniaktuOBrakuRecenzji_MyAccountPage" name="WalidacjWyświetlaniaKomuniaktuOBrakuRecenzji_MyAccountPage" time="7.028"/>
  <system-out/>
</testsuite> <!-- testCases.TC_193_WalidacjWyświetlaniaKomuniaktuOBrakuRecenzji_MyAccountPage -->
