<?xml version="1.0" encoding="UTF-8"?>
<!-- Generated by org.testng.reporters.JUnitReportReporter -->
<testsuite hostname="DESKTOP-5OD0AA6" failures="0" tests="1" name="testCases.TC_141_WalidacjaWyświetlaniaTekstuInformacjeKontaktowe_MyAccountPage" time="6.294" errors="0" timestamp="2024-09-25T12:29:52 CEST" skipped="0">
  <testcase classname="testCases.TC_141_WalidacjaWyświetlaniaTekstuInformacjeKontaktowe_MyAccountPage" name="WalidacjaWyświetlaniaTekstuInformacjeKontaktowe_MyAccountPage" time="6.294"/>
  <system-out/>
</testsuite> <!-- testCases.TC_141_WalidacjaWyświetlaniaTekstuInformacjeKontaktowe_MyAccountPage -->
