<?xml version="1.0" encoding="UTF-8"?>
<!-- Generated by org.testng.reporters.JUnitReportReporter -->
<testsuite hostname="DESKTOP-5OD0AA6" failures="0" tests="1" name="testCases.TC_195_WalidacjaPrzyciskuZapiszWNewsletter_MyAccountPage" time="7.753" errors="0" timestamp="2024-09-25T15:47:57 CEST" skipped="0">
  <testcase classname="testCases.TC_195_WalidacjaPrzyciskuZapiszWNewsletter_MyAccountPage" name="WalidacjaPrzyciskuZapiszWNewsletter_MyAccountPage" time="7.753"/>
  <system-out/>
</testsuite> <!-- testCases.TC_195_WalidacjaPrzyciskuZapiszWNewsletter_MyAccountPage -->
