<?xml version="1.0" encoding="UTF-8"?>
<!-- Generated by org.testng.reporters.JUnitReportReporter -->
<testsuite hostname="DESKTOP-5OD0AA6" failures="0" tests="1" name="testCases.TC_051_WalidacjaNazwy_HotSeller" time="4.509" errors="0" timestamp="2024-10-22T13:24:39 CEST" skipped="0">
  <testcase classname="testCases.TC_051_WalidacjaNazwy_HotSeller" name="WalidacjaNazwy_HotSeller" time="4.509"/>
  <system-out/>
</testsuite> <!-- testCases.TC_051_WalidacjaNazwy_HotSeller -->
