<?xml version="1.0" encoding="UTF-8"?>
<!-- Generated by org.testng.reporters.JUnitReportReporter -->
<testsuite hostname="DESKTOP-5OD0AA6" failures="0" tests="1" name="testCases.TC_172_WalidacjaZakładkiMojeOpinie_MyAccountPage" time="8.910" errors="0" timestamp="2024-09-24T20:22:46 CEST" skipped="0">
  <testcase classname="testCases.TC_172_WalidacjaZakładkiMojeOpinie_MyAccountPage" name="WalidacjaZakładkiMojeOpinie_MyAccountPage" time="8.910"/>
  <system-out/>
</testsuite> <!-- testCases.TC_172_WalidacjaZakładkiMojeOpinie_MyAccountPage -->
