<?xml version="1.0" encoding="UTF-8"?>
<!-- Generated by org.testng.reporters.JUnitReportReporter -->
<testsuite hostname="DESKTOP-FE26MCT" failures="0" tests="1" name="testCases.TC_022_WalidacjaNazwyStrony_Gear" time="4.699" errors="0" timestamp="2024-08-25T09:11:10 CEST" skipped="0">
  <testcase classname="testCases.TC_022_WalidacjaNazwyStrony_Gear" name="WalidacjaNazwyStrony_Gear" time="4.699"/>
  <system-out/>
</testsuite> <!-- testCases.TC_022_WalidacjaNazwyStrony_Gear -->
