<?xml version="1.0" encoding="UTF-8"?>
<!-- Generated by org.testng.reporters.JUnitReportReporter -->
<testsuite hostname="DESKTOP-5OD0AA6" failures="0" tests="1" name="testCases.TC_126_WalidacjaWyświetlaniaTekstu_WeAreAvaliable_contactPage" time="9.532" errors="0" timestamp="2024-09-12T17:41:28 CEST" skipped="0">
  <testcase classname="testCases.TC_126_WalidacjaWyświetlaniaTekstu_WeAreAvaliable_contactPage" name="WalidacjaWyświetlaniaTekstu_WeAreAvaliable_contactPage" time="9.532"/>
  <system-out/>
</testsuite> <!-- testCases.TC_126_WalidacjaWyświetlaniaTekstu_WeAreAvaliable_contactPage -->
