<?xml version="1.0" encoding="UTF-8"?>
<!-- Generated by org.testng.reporters.JUnitReportReporter -->
<testsuite hostname="DESKTOP-5OD0AA6" failures="0" tests="1" name="testCases.TC_097_WalidacjaTekstu_Linkukontakty_FooterPage" time="4.409" errors="0" timestamp="2024-09-05T12:08:03 CEST" skipped="0">
  <testcase classname="testCases.TC_097_WalidacjaTekstu_Linkukontakty_FooterPage" name="WalidacjaTekstu_Linkukontakty_FooterPage" time="4.409"/>
  <system-out/>
</testsuite> <!-- testCases.TC_097_WalidacjaTekstu_Linkukontakty_FooterPage -->
