<?xml version="1.0" encoding="UTF-8"?>
<!-- Generated by org.testng.reporters.JUnitReportReporter -->
<testsuite hostname="DESKTOP-FE26MCT" failures="0" tests="1" name="testCases.TC_014_WalidacjaKategorii_WhatsNew_MHoodies_Sweatshirts" time="4.905" errors="0" timestamp="2024-08-24T14:34:55 CEST" skipped="0">
  <testcase classname="testCases.TC_014_WalidacjaKategorii_WhatsNew_MHoodies_Sweatshirts" name="WalidacjaKategorii_WhatsNew_Hoodies_Sweatshirts" time="4.905"/>
  <system-out/>
</testsuite> <!-- testCases.TC_014_WalidacjaKategorii_WhatsNew_MHoodies_Sweatshirts -->
