<?xml version="1.0" encoding="UTF-8"?>
<!-- Generated by org.testng.reporters.JUnitReportReporter -->
<testsuite hostname="DESKTOP-FE26MCT" failures="0" tests="1" name="testCases.TC_036_WalidacjaNazwyStrony_HoodiesAndSweatshirts_M_MainMenu" time="4.982" errors="0" timestamp="2024-08-25T13:10:53 CEST" skipped="0">
  <testcase classname="testCases.TC_036_WalidacjaNazwyStrony_HoodiesAndSweatshirts_M_MainMenu" name="WalidacjaNazwyStrony_HoodiesAndSweatshirts_M_MainMenu" time="4.982"/>
  <system-out/>
</testsuite> <!-- testCases.TC_036_WalidacjaNazwyStrony_HoodiesAndSweatshirts_M_MainMenu -->
