<?xml version="1.0" encoding="UTF-8"?>
<!-- Generated by org.testng.reporters.JUnitReportReporter -->
<testsuite hostname="DESKTOP-5OD0AA6" failures="0" tests="33" name="testCases.TC_219_WalidacjaZakładkiEdytujInformacjeKontaTDD_MainAccountPage" time="532.909" errors="0" timestamp="2024-11-07T22:03:39 CET" skipped="0">
  <testcase classname="testCases.TC_219_WalidacjaZakładkiEdytujInformacjeKontaTDD_MainAccountPage" name="WalidacjaZakładkiEdytujInformacjeKontaTDD_MainAccountPage" time="14.458"/>
  <system-out/>
  <testcase classname="testCases.TC_219_WalidacjaZakładkiEdytujInformacjeKontaTDD_MainAccountPage" name="WalidacjaZakładkiEdytujInformacjeKontaTDD_MainAccountPage" time="15.661"/>
  <system-out/>
  <testcase classname="testCases.TC_219_WalidacjaZakładkiEdytujInformacjeKontaTDD_MainAccountPage" name="WalidacjaZakładkiEdytujInformacjeKontaTDD_MainAccountPage" time="17.698"/>
  <system-out/>
  <testcase classname="testCases.TC_219_WalidacjaZakładkiEdytujInformacjeKontaTDD_MainAccountPage" name="WalidacjaZakładkiEdytujInformacjeKontaTDD_MainAccountPage" time="18.002"/>
  <system-out/>
  <testcase classname="testCases.TC_219_WalidacjaZakładkiEdytujInformacjeKontaTDD_MainAccountPage" name="WalidacjaZakładkiEdytujInformacjeKontaTDD_MainAccountPage" time="9.907"/>
  <system-out/>
  <testcase classname="testCases.TC_219_WalidacjaZakładkiEdytujInformacjeKontaTDD_MainAccountPage" name="WalidacjaZakładkiEdytujInformacjeKontaTDD_MainAccountPage" time="18.777"/>
  <system-out/>
  <testcase classname="testCases.TC_219_WalidacjaZakładkiEdytujInformacjeKontaTDD_MainAccountPage" name="WalidacjaZakładkiEdytujInformacjeKontaTDD_MainAccountPage" time="14.475"/>
  <system-out/>
  <testcase classname="testCases.TC_219_WalidacjaZakładkiEdytujInformacjeKontaTDD_MainAccountPage" name="WalidacjaZakładkiEdytujInformacjeKontaTDD_MainAccountPage" time="16.821"/>
  <system-out/>
  <testcase classname="testCases.TC_219_WalidacjaZakładkiEdytujInformacjeKontaTDD_MainAccountPage" name="WalidacjaZakładkiEdytujInformacjeKontaTDD_MainAccountPage" time="17.454"/>
  <system-out/>
  <testcase classname="testCases.TC_219_WalidacjaZakładkiEdytujInformacjeKontaTDD_MainAccountPage" name="WalidacjaZakładkiEdytujInformacjeKontaTDD_MainAccountPage" time="17.996"/>
  <system-out/>
  <testcase classname="testCases.TC_219_WalidacjaZakładkiEdytujInformacjeKontaTDD_MainAccountPage" name="WalidacjaZakładkiEdytujInformacjeKontaTDD_MainAccountPage" time="16.848"/>
  <system-out/>
  <testcase classname="testCases.TC_219_WalidacjaZakładkiEdytujInformacjeKontaTDD_MainAccountPage" name="WalidacjaZakładkiEdytujInformacjeKontaTDD_MainAccountPage" time="18.486"/>
  <system-out/>
  <testcase classname="testCases.TC_219_WalidacjaZakładkiEdytujInformacjeKontaTDD_MainAccountPage" name="WalidacjaZakładkiEdytujInformacjeKontaTDD_MainAccountPage" time="18.383"/>
  <system-out/>
  <testcase classname="testCases.TC_219_WalidacjaZakładkiEdytujInformacjeKontaTDD_MainAccountPage" name="WalidacjaZakładkiEdytujInformacjeKontaTDD_MainAccountPage" time="16.695"/>
  <system-out/>
  <testcase classname="testCases.TC_219_WalidacjaZakładkiEdytujInformacjeKontaTDD_MainAccountPage" name="WalidacjaZakładkiEdytujInformacjeKontaTDD_MainAccountPage" time="17.602"/>
  <system-out/>
  <testcase classname="testCases.TC_219_WalidacjaZakładkiEdytujInformacjeKontaTDD_MainAccountPage" name="WalidacjaZakładkiEdytujInformacjeKontaTDD_MainAccountPage" time="19.371"/>
  <system-out/>
  <testcase classname="testCases.TC_219_WalidacjaZakładkiEdytujInformacjeKontaTDD_MainAccountPage" name="WalidacjaZakładkiEdytujInformacjeKontaTDD_MainAccountPage" time="17.669"/>
  <system-out/>
  <testcase classname="testCases.TC_219_WalidacjaZakładkiEdytujInformacjeKontaTDD_MainAccountPage" name="WalidacjaZakładkiEdytujInformacjeKontaTDD_MainAccountPage" time="12.800"/>
  <system-out/>
  <testcase classname="testCases.TC_219_WalidacjaZakładkiEdytujInformacjeKontaTDD_MainAccountPage" name="WalidacjaZakładkiEdytujInformacjeKontaTDD_MainAccountPage" time="16.053"/>
  <system-out/>
  <testcase classname="testCases.TC_219_WalidacjaZakładkiEdytujInformacjeKontaTDD_MainAccountPage" name="WalidacjaZakładkiEdytujInformacjeKontaTDD_MainAccountPage" time="16.686"/>
  <system-out/>
  <testcase classname="testCases.TC_219_WalidacjaZakładkiEdytujInformacjeKontaTDD_MainAccountPage" name="WalidacjaZakładkiEdytujInformacjeKontaTDD_MainAccountPage" time="13.506"/>
  <system-out/>
  <testcase classname="testCases.TC_219_WalidacjaZakładkiEdytujInformacjeKontaTDD_MainAccountPage" name="WalidacjaZakładkiEdytujInformacjeKontaTDD_MainAccountPage" time="13.687"/>
  <system-out/>
  <testcase classname="testCases.TC_219_WalidacjaZakładkiEdytujInformacjeKontaTDD_MainAccountPage" name="WalidacjaZakładkiEdytujInformacjeKontaTDD_MainAccountPage" time="19.829"/>
  <system-out/>
  <testcase classname="testCases.TC_219_WalidacjaZakładkiEdytujInformacjeKontaTDD_MainAccountPage" name="WalidacjaZakładkiEdytujInformacjeKontaTDD_MainAccountPage" time="18.266"/>
  <system-out/>
  <testcase classname="testCases.TC_219_WalidacjaZakładkiEdytujInformacjeKontaTDD_MainAccountPage" name="WalidacjaZakładkiEdytujInformacjeKontaTDD_MainAccountPage" time="18.320"/>
  <system-out/>
  <testcase classname="testCases.TC_219_WalidacjaZakładkiEdytujInformacjeKontaTDD_MainAccountPage" name="WalidacjaZakładkiEdytujInformacjeKontaTDD_MainAccountPage" time="15.864"/>
  <system-out/>
  <testcase classname="testCases.TC_219_WalidacjaZakładkiEdytujInformacjeKontaTDD_MainAccountPage" name="WalidacjaZakładkiEdytujInformacjeKontaTDD_MainAccountPage" time="15.531"/>
  <system-out/>
  <testcase classname="testCases.TC_219_WalidacjaZakładkiEdytujInformacjeKontaTDD_MainAccountPage" name="WalidacjaZakładkiEdytujInformacjeKontaTDD_MainAccountPage" time="14.217"/>
  <system-out/>
  <testcase classname="testCases.TC_219_WalidacjaZakładkiEdytujInformacjeKontaTDD_MainAccountPage" name="WalidacjaZakładkiEdytujInformacjeKontaTDD_MainAccountPage" time="13.220"/>
  <system-out/>
  <testcase classname="testCases.TC_219_WalidacjaZakładkiEdytujInformacjeKontaTDD_MainAccountPage" name="WalidacjaZakładkiEdytujInformacjeKontaTDD_MainAccountPage" time="13.878"/>
  <system-out/>
  <testcase classname="testCases.TC_219_WalidacjaZakładkiEdytujInformacjeKontaTDD_MainAccountPage" name="WalidacjaZakładkiEdytujInformacjeKontaTDD_MainAccountPage" time="16.501"/>
  <system-out/>
  <testcase classname="testCases.TC_219_WalidacjaZakładkiEdytujInformacjeKontaTDD_MainAccountPage" name="WalidacjaZakładkiEdytujInformacjeKontaTDD_MainAccountPage" time="10.554"/>
  <system-out/>
  <testcase classname="testCases.TC_219_WalidacjaZakładkiEdytujInformacjeKontaTDD_MainAccountPage" name="WalidacjaZakładkiEdytujInformacjeKontaTDD_MainAccountPage" time="17.694"/>
  <system-out/>
</testsuite> <!-- testCases.TC_219_WalidacjaZakładkiEdytujInformacjeKontaTDD_MainAccountPage -->
