<?xml version="1.0" encoding="UTF-8"?>
<!-- Generated by org.testng.reporters.JUnitReportReporter -->
<testsuite hostname="DESKTOP-5OD0AA6" failures="0" tests="1" name="testCases.TC_045_WalidacjaNazwyStrony_Yoga" time="4.830" errors="0" timestamp="2024-11-07T22:03:39 CET" skipped="0">
  <testcase classname="testCases.TC_045_WalidacjaNazwyStrony_Yoga" name="WalidacjaNazwyStrony_Yoga" time="4.830"/>
  <system-out/>
</testsuite> <!-- testCases.TC_045_WalidacjaNazwyStrony_Yoga -->
