<?xml version="1.0" encoding="UTF-8"?>
<!-- Generated by org.testng.reporters.JUnitReportReporter -->
<testsuite hostname="DESKTOP-FE26MCT" failures="0" tests="1" name="testCases.TC_042_WalidacjaNazwyStrony_Fitness_MainMenu" time="4.445" errors="0" timestamp="2024-08-25T16:43:29 CEST" skipped="0">
  <testcase classname="testCases.TC_042_WalidacjaNazwyStrony_Fitness_MainMenu" name="WalidacjaNazwyStrony_Fitness_MainMenu" time="4.445"/>
  <system-out/>
</testsuite> <!-- testCases.TC_042_WalidacjaNazwyStrony_Fitness_MainMenu -->
