<?xml version="1.0" encoding="UTF-8"?>
<!-- Generated by org.testng.reporters.JUnitReportReporter -->
<testsuite hostname="DESKTOP-5OD0AA6" failures="0" tests="1" name="testCases.TC_213_WalidacjaOpcjiWNowy_TopsPage_M" time="6.586" errors="0" timestamp="2024-10-31T06:29:00 CET" skipped="0">
  <testcase classname="testCases.TC_213_WalidacjaOpcjiWNowy_TopsPage_M" name="WalidacjaOpcjiWErinReccomends_TopsPage_M" time="6.586"/>
  <system-out/>
</testsuite> <!-- testCases.TC_213_WalidacjaOpcjiWNowy_TopsPage_M -->
