<?xml version="1.0" encoding="UTF-8"?>
<!-- Generated by org.testng.reporters.JUnitReportReporter -->
<testsuite hostname="DESKTOP-5OD0AA6" failures="0" tests="1" name="testCases.TC_173_WalidacjaZakładkiNewsletterMyAccountPage" time="7.610" errors="0" timestamp="2024-09-25T07:34:27 CEST" skipped="0">
  <testcase classname="testCases.TC_173_WalidacjaZakładkiNewsletterMyAccountPage" name="WalidacjaZakładkiNewsletterMyAccountPage" time="7.610"/>
  <system-out/>
</testsuite> <!-- testCases.TC_173_WalidacjaZakładkiNewsletterMyAccountPage -->
