<?xml version="1.0" encoding="UTF-8"?>
<!-- Generated by org.testng.reporters.JUnitReportReporter -->
<testsuite hostname="DESKTOP-5OD0AA6" failures="3" tests="27" name="testCases.TC_121_WalidacjaFunkcjonalnościAdvanceSearch_TDD" time="242.076" errors="0" timestamp="2024-11-07T22:03:39 CET" skipped="0">
  <testcase classname="testCases.TC_121_WalidacjaFunkcjonalnościAdvanceSearch_TDD" name="WalidacjaFunkcjonalnościAdvanceSearch_TDD" time="9.107"/>
  <system-out/>
  <testcase classname="testCases.TC_121_WalidacjaFunkcjonalnościAdvanceSearch_TDD" name="WalidacjaFunkcjonalnościAdvanceSearch_TDD" time="7.600"/>
  <system-out/>
  <testcase classname="testCases.TC_121_WalidacjaFunkcjonalnościAdvanceSearch_TDD" name="WalidacjaFunkcjonalnościAdvanceSearch_TDD" time="8.212"/>
  <system-out/>
  <testcase classname="testCases.TC_121_WalidacjaFunkcjonalnościAdvanceSearch_TDD" name="WalidacjaFunkcjonalnościAdvanceSearch_TDD" time="13.033">
    <failure message="null" type="java.lang.AssertionError">
      <![CDATA[java.lang.AssertionError: null
at org.testng.Assert.fail(Assert.java:99)
at org.testng.Assert.fail(Assert.java:106)
at testCases.TC_121_WalidacjaFunkcjonalnościAdvanceSearch_TDD.WalidacjaFunkcjonalnościAdvanceSearch_TDD(TC_121_WalidacjaFunkcjonalnościAdvanceSearch_TDD.java:43)
at java.base/jdk.internal.reflect.NativeMethodAccessorImpl.invoke0(Native Method)
at java.base/jdk.internal.reflect.NativeMethodAccessorImpl.invoke(NativeMethodAccessorImpl.java:77)
at java.base/jdk.internal.reflect.DelegatingMethodAccessorImpl.invoke(DelegatingMethodAccessorImpl.java:43)
at java.base/java.lang.reflect.Method.invoke(Method.java:568)
at org.testng.internal.MethodInvocationHelper.invokeMethod(MethodInvocationHelper.java:133)
at org.testng.internal.TestInvoker.invokeMethod(TestInvoker.java:598)
at org.testng.internal.TestInvoker.invokeTestMethod(TestInvoker.java:173)
at org.testng.internal.MethodRunner.runInSequence(MethodRunner.java:46)
at org.testng.internal.TestInvoker$MethodInvocationAgent.invoke(TestInvoker.java:824)
at org.testng.internal.TestInvoker.invokeTestMethods(TestInvoker.java:146)
at org.testng.internal.TestMethodWorker.invokeTestMethods(TestMethodWorker.java:146)
at org.testng.internal.TestMethodWorker.run(TestMethodWorker.java:128)
at java.base/java.util.ArrayList.forEach(ArrayList.java:1511)
at org.testng.TestRunner.privateRun(TestRunner.java:794)
at org.testng.TestRunner.run(TestRunner.java:596)
at org.testng.SuiteRunner.runTest(SuiteRunner.java:377)
at org.testng.SuiteRunner.runSequentially(SuiteRunner.java:371)
at org.testng.SuiteRunner.privateRun(SuiteRunner.java:332)
at org.testng.SuiteRunner.run(SuiteRunner.java:276)
at org.testng.SuiteRunnerWorker.runSuite(SuiteRunnerWorker.java:53)
at org.testng.SuiteRunnerWorker.run(SuiteRunnerWorker.java:96)
at org.testng.TestNG.runSuitesSequentially(TestNG.java:1212)
at org.testng.TestNG.runSuitesLocally(TestNG.java:1134)
at org.testng.TestNG.runSuites(TestNG.java:1063)
at org.testng.TestNG.run(TestNG.java:1031)
at org.testng.remote.AbstractRemoteTestNG.run(AbstractRemoteTestNG.java:115)
at org.testng.remote.RemoteTestNG.initAndRun(RemoteTestNG.java:293)
at org.testng.remote.RemoteTestNG.main(RemoteTestNG.java:91)
]]>
    </failure>
  </testcase> <!-- WalidacjaFunkcjonalnościAdvanceSearch_TDD -->
  <system-out/>
  <testcase classname="testCases.TC_121_WalidacjaFunkcjonalnościAdvanceSearch_TDD" name="WalidacjaFunkcjonalnościAdvanceSearch_TDD" time="7.816"/>
  <system-out/>
  <testcase classname="testCases.TC_121_WalidacjaFunkcjonalnościAdvanceSearch_TDD" name="WalidacjaFunkcjonalnościAdvanceSearch_TDD" time="8.330"/>
  <system-out/>
  <testcase classname="testCases.TC_121_WalidacjaFunkcjonalnościAdvanceSearch_TDD" name="WalidacjaFunkcjonalnościAdvanceSearch_TDD" time="7.971"/>
  <system-out/>
  <testcase classname="testCases.TC_121_WalidacjaFunkcjonalnościAdvanceSearch_TDD" name="WalidacjaFunkcjonalnościAdvanceSearch_TDD" time="13.610">
    <failure message="null" type="java.lang.AssertionError">
      <![CDATA[java.lang.AssertionError: null
at org.testng.Assert.fail(Assert.java:99)
at org.testng.Assert.fail(Assert.java:106)
at testCases.TC_121_WalidacjaFunkcjonalnościAdvanceSearch_TDD.WalidacjaFunkcjonalnościAdvanceSearch_TDD(TC_121_WalidacjaFunkcjonalnościAdvanceSearch_TDD.java:43)
at java.base/jdk.internal.reflect.NativeMethodAccessorImpl.invoke0(Native Method)
at java.base/jdk.internal.reflect.NativeMethodAccessorImpl.invoke(NativeMethodAccessorImpl.java:77)
at java.base/jdk.internal.reflect.DelegatingMethodAccessorImpl.invoke(DelegatingMethodAccessorImpl.java:43)
at java.base/java.lang.reflect.Method.invoke(Method.java:568)
at org.testng.internal.MethodInvocationHelper.invokeMethod(MethodInvocationHelper.java:133)
at org.testng.internal.TestInvoker.invokeMethod(TestInvoker.java:598)
at org.testng.internal.TestInvoker.invokeTestMethod(TestInvoker.java:173)
at org.testng.internal.MethodRunner.runInSequence(MethodRunner.java:46)
at org.testng.internal.TestInvoker$MethodInvocationAgent.invoke(TestInvoker.java:824)
at org.testng.internal.TestInvoker.invokeTestMethods(TestInvoker.java:146)
at org.testng.internal.TestMethodWorker.invokeTestMethods(TestMethodWorker.java:146)
at org.testng.internal.TestMethodWorker.run(TestMethodWorker.java:128)
at java.base/java.util.ArrayList.forEach(ArrayList.java:1511)
at org.testng.TestRunner.privateRun(TestRunner.java:794)
at org.testng.TestRunner.run(TestRunner.java:596)
at org.testng.SuiteRunner.runTest(SuiteRunner.java:377)
at org.testng.SuiteRunner.runSequentially(SuiteRunner.java:371)
at org.testng.SuiteRunner.privateRun(SuiteRunner.java:332)
at org.testng.SuiteRunner.run(SuiteRunner.java:276)
at org.testng.SuiteRunnerWorker.runSuite(SuiteRunnerWorker.java:53)
at org.testng.SuiteRunnerWorker.run(SuiteRunnerWorker.java:96)
at org.testng.TestNG.runSuitesSequentially(TestNG.java:1212)
at org.testng.TestNG.runSuitesLocally(TestNG.java:1134)
at org.testng.TestNG.runSuites(TestNG.java:1063)
at org.testng.TestNG.run(TestNG.java:1031)
at org.testng.remote.AbstractRemoteTestNG.run(AbstractRemoteTestNG.java:115)
at org.testng.remote.RemoteTestNG.initAndRun(RemoteTestNG.java:293)
at org.testng.remote.RemoteTestNG.main(RemoteTestNG.java:91)
]]>
    </failure>
  </testcase> <!-- WalidacjaFunkcjonalnościAdvanceSearch_TDD -->
  <system-out/>
  <testcase classname="testCases.TC_121_WalidacjaFunkcjonalnościAdvanceSearch_TDD" name="WalidacjaFunkcjonalnościAdvanceSearch_TDD" time="7.790"/>
  <system-out/>
  <testcase classname="testCases.TC_121_WalidacjaFunkcjonalnościAdvanceSearch_TDD" name="WalidacjaFunkcjonalnościAdvanceSearch_TDD" time="10.216"/>
  <system-out/>
  <testcase classname="testCases.TC_121_WalidacjaFunkcjonalnościAdvanceSearch_TDD" name="WalidacjaFunkcjonalnościAdvanceSearch_TDD" time="9.078"/>
  <system-out/>
  <testcase classname="testCases.TC_121_WalidacjaFunkcjonalnościAdvanceSearch_TDD" name="WalidacjaFunkcjonalnościAdvanceSearch_TDD" time="9.701"/>
  <system-out/>
  <testcase classname="testCases.TC_121_WalidacjaFunkcjonalnościAdvanceSearch_TDD" name="WalidacjaFunkcjonalnościAdvanceSearch_TDD" time="9.948"/>
  <system-out/>
  <testcase classname="testCases.TC_121_WalidacjaFunkcjonalnościAdvanceSearch_TDD" name="WalidacjaFunkcjonalnościAdvanceSearch_TDD" time="7.830"/>
  <system-out/>
  <testcase classname="testCases.TC_121_WalidacjaFunkcjonalnościAdvanceSearch_TDD" name="WalidacjaFunkcjonalnościAdvanceSearch_TDD" time="10.525"/>
  <system-out/>
  <testcase classname="testCases.TC_121_WalidacjaFunkcjonalnościAdvanceSearch_TDD" name="WalidacjaFunkcjonalnościAdvanceSearch_TDD" time="6.553"/>
  <system-out/>
  <testcase classname="testCases.TC_121_WalidacjaFunkcjonalnościAdvanceSearch_TDD" name="WalidacjaFunkcjonalnościAdvanceSearch_TDD" time="9.485"/>
  <system-out/>
  <testcase classname="testCases.TC_121_WalidacjaFunkcjonalnościAdvanceSearch_TDD" name="WalidacjaFunkcjonalnościAdvanceSearch_TDD" time="6.292"/>
  <system-out/>
  <testcase classname="testCases.TC_121_WalidacjaFunkcjonalnościAdvanceSearch_TDD" name="WalidacjaFunkcjonalnościAdvanceSearch_TDD" time="8.282"/>
  <system-out/>
  <testcase classname="testCases.TC_121_WalidacjaFunkcjonalnościAdvanceSearch_TDD" name="WalidacjaFunkcjonalnościAdvanceSearch_TDD" time="7.023"/>
  <system-out/>
  <testcase classname="testCases.TC_121_WalidacjaFunkcjonalnościAdvanceSearch_TDD" name="WalidacjaFunkcjonalnościAdvanceSearch_TDD" time="8.124"/>
  <system-out/>
  <testcase classname="testCases.TC_121_WalidacjaFunkcjonalnościAdvanceSearch_TDD" name="WalidacjaFunkcjonalnościAdvanceSearch_TDD" time="9.786"/>
  <system-out/>
  <testcase classname="testCases.TC_121_WalidacjaFunkcjonalnościAdvanceSearch_TDD" name="WalidacjaFunkcjonalnościAdvanceSearch_TDD" time="13.903">
    <failure message="null" type="java.lang.AssertionError">
      <![CDATA[java.lang.AssertionError: null
at org.testng.Assert.fail(Assert.java:99)
at org.testng.Assert.fail(Assert.java:106)
at testCases.TC_121_WalidacjaFunkcjonalnościAdvanceSearch_TDD.WalidacjaFunkcjonalnościAdvanceSearch_TDD(TC_121_WalidacjaFunkcjonalnościAdvanceSearch_TDD.java:43)
at java.base/jdk.internal.reflect.NativeMethodAccessorImpl.invoke0(Native Method)
at java.base/jdk.internal.reflect.NativeMethodAccessorImpl.invoke(NativeMethodAccessorImpl.java:77)
at java.base/jdk.internal.reflect.DelegatingMethodAccessorImpl.invoke(DelegatingMethodAccessorImpl.java:43)
at java.base/java.lang.reflect.Method.invoke(Method.java:568)
at org.testng.internal.MethodInvocationHelper.invokeMethod(MethodInvocationHelper.java:133)
at org.testng.internal.TestInvoker.invokeMethod(TestInvoker.java:598)
at org.testng.internal.TestInvoker.invokeTestMethod(TestInvoker.java:173)
at org.testng.internal.MethodRunner.runInSequence(MethodRunner.java:46)
at org.testng.internal.TestInvoker$MethodInvocationAgent.invoke(TestInvoker.java:824)
at org.testng.internal.TestInvoker.invokeTestMethods(TestInvoker.java:146)
at org.testng.internal.TestMethodWorker.invokeTestMethods(TestMethodWorker.java:146)
at org.testng.internal.TestMethodWorker.run(TestMethodWorker.java:128)
at java.base/java.util.ArrayList.forEach(ArrayList.java:1511)
at org.testng.TestRunner.privateRun(TestRunner.java:794)
at org.testng.TestRunner.run(TestRunner.java:596)
at org.testng.SuiteRunner.runTest(SuiteRunner.java:377)
at org.testng.SuiteRunner.runSequentially(SuiteRunner.java:371)
at org.testng.SuiteRunner.privateRun(SuiteRunner.java:332)
at org.testng.SuiteRunner.run(SuiteRunner.java:276)
at org.testng.SuiteRunnerWorker.runSuite(SuiteRunnerWorker.java:53)
at org.testng.SuiteRunnerWorker.run(SuiteRunnerWorker.java:96)
at org.testng.TestNG.runSuitesSequentially(TestNG.java:1212)
at org.testng.TestNG.runSuitesLocally(TestNG.java:1134)
at org.testng.TestNG.runSuites(TestNG.java:1063)
at org.testng.TestNG.run(TestNG.java:1031)
at org.testng.remote.AbstractRemoteTestNG.run(AbstractRemoteTestNG.java:115)
at org.testng.remote.RemoteTestNG.initAndRun(RemoteTestNG.java:293)
at org.testng.remote.RemoteTestNG.main(RemoteTestNG.java:91)
]]>
    </failure>
  </testcase> <!-- WalidacjaFunkcjonalnościAdvanceSearch_TDD -->
  <system-out/>
  <testcase classname="testCases.TC_121_WalidacjaFunkcjonalnościAdvanceSearch_TDD" name="WalidacjaFunkcjonalnościAdvanceSearch_TDD" time="6.447"/>
  <system-out/>
  <testcase classname="testCases.TC_121_WalidacjaFunkcjonalnościAdvanceSearch_TDD" name="WalidacjaFunkcjonalnościAdvanceSearch_TDD" time="7.896"/>
  <system-out/>
  <testcase classname="testCases.TC_121_WalidacjaFunkcjonalnościAdvanceSearch_TDD" name="WalidacjaFunkcjonalnościAdvanceSearch_TDD" time="7.988"/>
  <system-out/>
  <testcase classname="testCases.TC_121_WalidacjaFunkcjonalnościAdvanceSearch_TDD" name="WalidacjaFunkcjonalnościAdvanceSearch_TDD" time="9.530"/>
  <system-out/>
</testsuite> <!-- testCases.TC_121_WalidacjaFunkcjonalnościAdvanceSearch_TDD -->
