<?xml version="1.0" encoding="UTF-8"?>
<!-- Generated by org.testng.reporters.JUnitReportReporter -->
<testsuite hostname="DESKTOP-5OD0AA6" failures="0" tests="1" name="testCases.TC_182_WalidacjaWyświetlaniaDrugiegoProduktuWZakładceZamówienia_MyAccountPage" time="6.788" errors="0" timestamp="2024-09-25T10:51:19 CEST" skipped="0">
  <testcase classname="testCases.TC_182_WalidacjaWyświetlaniaDrugiegoProduktuWZakładceZamówienia_MyAccountPage" name="WalidacjaWyświetlaniaDrugiegoProduktuWZakładceZamówienia_MyAccountPage" time="6.788"/>
  <system-out/>
</testsuite> <!-- testCases.TC_182_WalidacjaWyświetlaniaDrugiegoProduktuWZakładceZamówienia_MyAccountPage -->
