<?xml version="1.0" encoding="UTF-8"?>
<!-- Generated by org.testng.reporters.JUnitReportReporter -->
<testsuite hostname="DESKTOP-5OD0AA6" failures="0" tests="1" name="testCases.TC_116_WalidacjaWyświetlaniaOpisów_p_PrivacyPage" time="4.888" errors="0" timestamp="2024-09-08T14:21:55 CEST" skipped="0">
  <testcase classname="testCases.TC_116_WalidacjaWyświetlaniaOpisów_p_PrivacyPage" name="WalidacjaWyświetlaniaOpisów_p_PrivacyPage" time="4.888"/>
  <system-out/>
</testsuite> <!-- testCases.TC_116_WalidacjaWyświetlaniaOpisów_p_PrivacyPage -->
