<?xml version="1.0" encoding="UTF-8"?>
<!-- Generated by org.testng.reporters.JUnitReportReporter -->
<testsuite hostname="DESKTOP-FE26MCT" failures="0" tests="1" name="testCases.TC_012_WalidacjaKategorii_WhatsNew_WShorts" time="4.977" errors="0" timestamp="2024-08-24T12:48:14 CEST" skipped="0">
  <testcase classname="testCases.TC_012_WalidacjaKategorii_WhatsNew_WShorts" name="WalidacjaKategorii_WhatsNew_WShorts" time="4.977"/>
  <system-out/>
</testsuite> <!-- testCases.TC_012_WalidacjaKategorii_WhatsNew_WShorts -->
