<?xml version="1.0" encoding="UTF-8"?>
<!-- Generated by org.testng.reporters.JUnitReportReporter -->
<testsuite hostname="DESKTOP-5OD0AA6" failures="0" tests="1" name="testCases.TC_199_WalidacjaCheckBoxZmieńAdressEmailIHasło_MyAccountPage" time="10.667" errors="0" timestamp="2024-09-25T19:21:21 CEST" skipped="0">
  <testcase classname="testCases.TC_199_WalidacjaCheckBoxZmieńAdressEmailIHasło_MyAccountPage" name="WalidacjaCheckBoxZmieńAdressEmailIHasło_MyAccountPage" time="10.667"/>
  <system-out/>
</testsuite> <!-- testCases.TC_199_WalidacjaCheckBoxZmieńAdressEmailIHasło_MyAccountPage -->
