<?xml version="1.0" encoding="UTF-8"?>
<!-- Generated by org.testng.reporters.JUnitReportReporter -->
<testsuite hostname="DESKTOP-5OD0AA6" failures="0" tests="1" name="testCases.TC_060_WalidacjaCenyProduktu" time="5.212" errors="0" timestamp="2024-08-31T11:29:15 CEST" skipped="0">
  <testcase classname="testCases.TC_060_WalidacjaCenyProduktu" name="WalidacjaCenyProduktu" time="5.212"/>
  <system-out/>
</testsuite> <!-- testCases.TC_060_WalidacjaCenyProduktu -->
