<?xml version="1.0" encoding="UTF-8"?>
<!-- Generated by org.testng.reporters.JUnitReportReporter -->
<testsuite hostname="DESKTOP-5OD0AA6" failures="0" tests="1" name="testCases.TC_033_ValidationOfPageName_Tops_MainMenu_M" time="4.384" errors="0" timestamp="2025-01-08T21:40:52 CET" skipped="0">
  <testcase classname="testCases.TC_033_ValidationOfPageName_Tops_MainMenu_M" name="ValidationOfPageName_Tops_MainMenu_M" time="4.384"/>
</testsuite> <!-- testCases.TC_033_ValidationOfPageName_Tops_MainMenu_M -->
