<?xml version="1.0" encoding="UTF-8"?>
<!-- Generated by org.testng.reporters.JUnitReportReporter -->
<testsuite hostname="DESKTOP-5OD0AA6" failures="0" tests="1" name="testCases.TC_028_WalidacjaNazwyStrony_HoodiesAndSweatshirts_MainMenu_F" time="13.962" errors="0" timestamp="2024-11-01T16:23:30 CET" skipped="0">
  <testcase classname="testCases.TC_028_WalidacjaNazwyStrony_HoodiesAndSweatshirts_MainMenu_F" name="WalidacjaNazwyStrony_HoodiesAndSweatshirts_MainMenu_F" time="13.962"/>
</testsuite> <!-- testCases.TC_028_WalidacjaNazwyStrony_HoodiesAndSweatshirts_MainMenu_F -->
