<?xml version="1.0" encoding="UTF-8"?>
<!-- Generated by org.testng.reporters.JUnitReportReporter -->
<testsuite hostname="DESKTOP-5OD0AA6" failures="0" tests="33" name="testCases.TC_219_ValidationOfTheEditAccountDataFunctionality_InvalidData_TDD_MainAccountPage" time="344.521" errors="0" timestamp="2025-01-08T21:40:52 CET" skipped="0">
  <testcase classname="testCases.TC_219_ValidationOfTheEditAccountDataFunctionality_InvalidData_TDD_MainAccountPage" name="ValidationOfTheEditAccountDataFunctionality_InvalidData_TDD_MainAccountPage" time="6.708"/>
  <testcase classname="testCases.TC_219_ValidationOfTheEditAccountDataFunctionality_InvalidData_TDD_MainAccountPage" name="ValidationOfTheEditAccountDataFunctionality_InvalidData_TDD_MainAccountPage" time="11.079"/>
  <testcase classname="testCases.TC_219_ValidationOfTheEditAccountDataFunctionality_InvalidData_TDD_MainAccountPage" name="ValidationOfTheEditAccountDataFunctionality_InvalidData_TDD_MainAccountPage" time="11.283"/>
  <testcase classname="testCases.TC_219_ValidationOfTheEditAccountDataFunctionality_InvalidData_TDD_MainAccountPage" name="ValidationOfTheEditAccountDataFunctionality_InvalidData_TDD_MainAccountPage" time="11.620"/>
  <testcase classname="testCases.TC_219_ValidationOfTheEditAccountDataFunctionality_InvalidData_TDD_MainAccountPage" name="ValidationOfTheEditAccountDataFunctionality_InvalidData_TDD_MainAccountPage" time="11.107"/>
  <testcase classname="testCases.TC_219_ValidationOfTheEditAccountDataFunctionality_InvalidData_TDD_MainAccountPage" name="ValidationOfTheEditAccountDataFunctionality_InvalidData_TDD_MainAccountPage" time="6.611"/>
  <testcase classname="testCases.TC_219_ValidationOfTheEditAccountDataFunctionality_InvalidData_TDD_MainAccountPage" name="ValidationOfTheEditAccountDataFunctionality_InvalidData_TDD_MainAccountPage" time="11.076"/>
  <testcase classname="testCases.TC_219_ValidationOfTheEditAccountDataFunctionality_InvalidData_TDD_MainAccountPage" name="ValidationOfTheEditAccountDataFunctionality_InvalidData_TDD_MainAccountPage" time="11.162"/>
  <testcase classname="testCases.TC_219_ValidationOfTheEditAccountDataFunctionality_InvalidData_TDD_MainAccountPage" name="ValidationOfTheEditAccountDataFunctionality_InvalidData_TDD_MainAccountPage" time="6.779"/>
  <testcase classname="testCases.TC_219_ValidationOfTheEditAccountDataFunctionality_InvalidData_TDD_MainAccountPage" name="ValidationOfTheEditAccountDataFunctionality_InvalidData_TDD_MainAccountPage" time="11.511"/>
  <testcase classname="testCases.TC_219_ValidationOfTheEditAccountDataFunctionality_InvalidData_TDD_MainAccountPage" name="ValidationOfTheEditAccountDataFunctionality_InvalidData_TDD_MainAccountPage" time="11.134"/>
  <testcase classname="testCases.TC_219_ValidationOfTheEditAccountDataFunctionality_InvalidData_TDD_MainAccountPage" name="ValidationOfTheEditAccountDataFunctionality_InvalidData_TDD_MainAccountPage" time="11.240"/>
  <testcase classname="testCases.TC_219_ValidationOfTheEditAccountDataFunctionality_InvalidData_TDD_MainAccountPage" name="ValidationOfTheEditAccountDataFunctionality_InvalidData_TDD_MainAccountPage" time="11.277"/>
  <testcase classname="testCases.TC_219_ValidationOfTheEditAccountDataFunctionality_InvalidData_TDD_MainAccountPage" name="ValidationOfTheEditAccountDataFunctionality_InvalidData_TDD_MainAccountPage" time="11.357"/>
  <testcase classname="testCases.TC_219_ValidationOfTheEditAccountDataFunctionality_InvalidData_TDD_MainAccountPage" name="ValidationOfTheEditAccountDataFunctionality_InvalidData_TDD_MainAccountPage" time="11.177"/>
  <testcase classname="testCases.TC_219_ValidationOfTheEditAccountDataFunctionality_InvalidData_TDD_MainAccountPage" name="ValidationOfTheEditAccountDataFunctionality_InvalidData_TDD_MainAccountPage" time="11.168"/>
  <testcase classname="testCases.TC_219_ValidationOfTheEditAccountDataFunctionality_InvalidData_TDD_MainAccountPage" name="ValidationOfTheEditAccountDataFunctionality_InvalidData_TDD_MainAccountPage" time="12.135"/>
  <testcase classname="testCases.TC_219_ValidationOfTheEditAccountDataFunctionality_InvalidData_TDD_MainAccountPage" name="ValidationOfTheEditAccountDataFunctionality_InvalidData_TDD_MainAccountPage" time="11.147"/>
  <testcase classname="testCases.TC_219_ValidationOfTheEditAccountDataFunctionality_InvalidData_TDD_MainAccountPage" name="ValidationOfTheEditAccountDataFunctionality_InvalidData_TDD_MainAccountPage" time="11.079"/>
  <testcase classname="testCases.TC_219_ValidationOfTheEditAccountDataFunctionality_InvalidData_TDD_MainAccountPage" name="ValidationOfTheEditAccountDataFunctionality_InvalidData_TDD_MainAccountPage" time="11.049"/>
  <testcase classname="testCases.TC_219_ValidationOfTheEditAccountDataFunctionality_InvalidData_TDD_MainAccountPage" name="ValidationOfTheEditAccountDataFunctionality_InvalidData_TDD_MainAccountPage" time="11.078"/>
  <testcase classname="testCases.TC_219_ValidationOfTheEditAccountDataFunctionality_InvalidData_TDD_MainAccountPage" name="ValidationOfTheEditAccountDataFunctionality_InvalidData_TDD_MainAccountPage" time="11.095"/>
  <testcase classname="testCases.TC_219_ValidationOfTheEditAccountDataFunctionality_InvalidData_TDD_MainAccountPage" name="ValidationOfTheEditAccountDataFunctionality_InvalidData_TDD_MainAccountPage" time="12.115"/>
  <testcase classname="testCases.TC_219_ValidationOfTheEditAccountDataFunctionality_InvalidData_TDD_MainAccountPage" name="ValidationOfTheEditAccountDataFunctionality_InvalidData_TDD_MainAccountPage" time="11.180"/>
  <testcase classname="testCases.TC_219_ValidationOfTheEditAccountDataFunctionality_InvalidData_TDD_MainAccountPage" name="ValidationOfTheEditAccountDataFunctionality_InvalidData_TDD_MainAccountPage" time="11.129"/>
  <testcase classname="testCases.TC_219_ValidationOfTheEditAccountDataFunctionality_InvalidData_TDD_MainAccountPage" name="ValidationOfTheEditAccountDataFunctionality_InvalidData_TDD_MainAccountPage" time="6.726"/>
  <testcase classname="testCases.TC_219_ValidationOfTheEditAccountDataFunctionality_InvalidData_TDD_MainAccountPage" name="ValidationOfTheEditAccountDataFunctionality_InvalidData_TDD_MainAccountPage" time="10.709"/>
  <testcase classname="testCases.TC_219_ValidationOfTheEditAccountDataFunctionality_InvalidData_TDD_MainAccountPage" name="ValidationOfTheEditAccountDataFunctionality_InvalidData_TDD_MainAccountPage" time="6.729"/>
  <testcase classname="testCases.TC_219_ValidationOfTheEditAccountDataFunctionality_InvalidData_TDD_MainAccountPage" name="ValidationOfTheEditAccountDataFunctionality_InvalidData_TDD_MainAccountPage" time="10.955"/>
  <testcase classname="testCases.TC_219_ValidationOfTheEditAccountDataFunctionality_InvalidData_TDD_MainAccountPage" name="ValidationOfTheEditAccountDataFunctionality_InvalidData_TDD_MainAccountPage" time="6.897"/>
  <testcase classname="testCases.TC_219_ValidationOfTheEditAccountDataFunctionality_InvalidData_TDD_MainAccountPage" name="ValidationOfTheEditAccountDataFunctionality_InvalidData_TDD_MainAccountPage" time="11.265"/>
  <testcase classname="testCases.TC_219_ValidationOfTheEditAccountDataFunctionality_InvalidData_TDD_MainAccountPage" name="ValidationOfTheEditAccountDataFunctionality_InvalidData_TDD_MainAccountPage" time="11.824"/>
  <testcase classname="testCases.TC_219_ValidationOfTheEditAccountDataFunctionality_InvalidData_TDD_MainAccountPage" name="ValidationOfTheEditAccountDataFunctionality_InvalidData_TDD_MainAccountPage" time="11.120"/>
</testsuite> <!-- testCases.TC_219_ValidationOfTheEditAccountDataFunctionality_InvalidData_TDD_MainAccountPage -->
