<?xml version="1.0" encoding="UTF-8"?>
<!-- Generated by org.testng.reporters.JUnitReportReporter -->
<testsuite hostname="DESKTOP-5OD0AA6" failures="0" tests="22" name="testCases.TC_081_MessageValidationAboutCreatingAComment_ProductPage_TDD" time="160.835" errors="0" timestamp="2025-01-08T21:40:52 CET" skipped="0">
  <testcase classname="testCases.TC_081_MessageValidationAboutCreatingAComment_ProductPage_TDD" name="MessageValidationAboutCreatingAComment_ProductPage_TDD" time="20.002"/>
  <testcase classname="testCases.TC_081_MessageValidationAboutCreatingAComment_ProductPage_TDD" name="MessageValidationAboutCreatingAComment_ProductPage_TDD" time="4.880"/>
  <testcase classname="testCases.TC_081_MessageValidationAboutCreatingAComment_ProductPage_TDD" name="MessageValidationAboutCreatingAComment_ProductPage_TDD" time="4.819"/>
  <testcase classname="testCases.TC_081_MessageValidationAboutCreatingAComment_ProductPage_TDD" name="MessageValidationAboutCreatingAComment_ProductPage_TDD" time="5.119"/>
  <testcase classname="testCases.TC_081_MessageValidationAboutCreatingAComment_ProductPage_TDD" name="MessageValidationAboutCreatingAComment_ProductPage_TDD" time="15.622"/>
  <testcase classname="testCases.TC_081_MessageValidationAboutCreatingAComment_ProductPage_TDD" name="MessageValidationAboutCreatingAComment_ProductPage_TDD" time="4.863"/>
  <testcase classname="testCases.TC_081_MessageValidationAboutCreatingAComment_ProductPage_TDD" name="MessageValidationAboutCreatingAComment_ProductPage_TDD" time="4.987"/>
  <testcase classname="testCases.TC_081_MessageValidationAboutCreatingAComment_ProductPage_TDD" name="MessageValidationAboutCreatingAComment_ProductPage_TDD" time="4.906"/>
  <testcase classname="testCases.TC_081_MessageValidationAboutCreatingAComment_ProductPage_TDD" name="MessageValidationAboutCreatingAComment_ProductPage_TDD" time="4.990"/>
  <testcase classname="testCases.TC_081_MessageValidationAboutCreatingAComment_ProductPage_TDD" name="MessageValidationAboutCreatingAComment_ProductPage_TDD" time="4.840"/>
  <testcase classname="testCases.TC_081_MessageValidationAboutCreatingAComment_ProductPage_TDD" name="MessageValidationAboutCreatingAComment_ProductPage_TDD" time="5.000"/>
  <testcase classname="testCases.TC_081_MessageValidationAboutCreatingAComment_ProductPage_TDD" name="MessageValidationAboutCreatingAComment_ProductPage_TDD" time="4.845"/>
  <testcase classname="testCases.TC_081_MessageValidationAboutCreatingAComment_ProductPage_TDD" name="MessageValidationAboutCreatingAComment_ProductPage_TDD" time="10.049"/>
  <testcase classname="testCases.TC_081_MessageValidationAboutCreatingAComment_ProductPage_TDD" name="MessageValidationAboutCreatingAComment_ProductPage_TDD" time="9.880"/>
  <testcase classname="testCases.TC_081_MessageValidationAboutCreatingAComment_ProductPage_TDD" name="MessageValidationAboutCreatingAComment_ProductPage_TDD" time="4.899"/>
  <testcase classname="testCases.TC_081_MessageValidationAboutCreatingAComment_ProductPage_TDD" name="MessageValidationAboutCreatingAComment_ProductPage_TDD" time="4.823"/>
  <testcase classname="testCases.TC_081_MessageValidationAboutCreatingAComment_ProductPage_TDD" name="MessageValidationAboutCreatingAComment_ProductPage_TDD" time="5.321"/>
  <testcase classname="testCases.TC_081_MessageValidationAboutCreatingAComment_ProductPage_TDD" name="MessageValidationAboutCreatingAComment_ProductPage_TDD" time="5.890"/>
  <testcase classname="testCases.TC_081_MessageValidationAboutCreatingAComment_ProductPage_TDD" name="MessageValidationAboutCreatingAComment_ProductPage_TDD" time="10.061"/>
  <testcase classname="testCases.TC_081_MessageValidationAboutCreatingAComment_ProductPage_TDD" name="MessageValidationAboutCreatingAComment_ProductPage_TDD" time="5.041"/>
  <testcase classname="testCases.TC_081_MessageValidationAboutCreatingAComment_ProductPage_TDD" name="MessageValidationAboutCreatingAComment_ProductPage_TDD" time="10.066"/>
  <testcase classname="testCases.TC_081_MessageValidationAboutCreatingAComment_ProductPage_TDD" name="MessageValidationAboutCreatingAComment_ProductPage_TDD" time="9.932"/>
</testsuite> <!-- testCases.TC_081_MessageValidationAboutCreatingAComment_ProductPage_TDD -->
