<?xml version="1.0" encoding="UTF-8"?>
<!-- Generated by org.testng.reporters.JUnitReportReporter -->
<testsuite hostname="DESKTOP-5OD0AA6" failures="0" tests="1" name="testCases.TC_050_ValidationOfPageName_Eco" time="4.372" errors="0" timestamp="2025-01-08T21:40:52 CET" skipped="0">
  <testcase classname="testCases.TC_050_ValidationOfPageName_Eco" name="ValidationOfPageName_Eco" time="4.372"/>
</testsuite> <!-- testCases.TC_050_ValidationOfPageName_Eco -->
