<?xml version="1.0" encoding="UTF-8"?>
<!-- Generated by org.testng.reporters.JUnitReportReporter -->
<testsuite hostname="DESKTOP-5OD0AA6" failures="0" tests="1" name="testCases.TC_003_WalidacjaPoprawnejRejestracji" time="6.447" errors="0" timestamp="2024-11-03T11:28:10 CET" skipped="0">
  <testcase classname="testCases.TC_003_WalidacjaPoprawnejRejestracji" name="WalidacjaPoprawnejRejestracji" time="6.447"/>
</testsuite> <!-- testCases.TC_003_WalidacjaPoprawnejRejestracji -->
