<?xml version="1.0" encoding="UTF-8"?>
<!-- Generated by org.testng.reporters.JUnitReportReporter -->
<testsuite hostname="DESKTOP-5OD0AA6" failures="0" tests="1" name="testCases.TC_204_WalidacjaFunkcjonalnościDropDownSelektor_Nazwa_Tops_M" time="4.380" errors="0" timestamp="2024-11-02T13:12:39 CET" skipped="0">
  <testcase classname="testCases.TC_204_WalidacjaFunkcjonalnościDropDownSelektor_Nazwa_Tops_M" name="WalidacjaFunkcjonalnościDropDownSelektor_Nazwa_Tops_M" time="4.380"/>
</testsuite> <!-- testCases.TC_204_WalidacjaFunkcjonalnościDropDownSelektor_Nazwa_Tops_M -->
