<?xml version="1.0" encoding="UTF-8"?>
<!-- Generated by org.testng.reporters.JUnitReportReporter -->
<testsuite hostname="DESKTOP-5OD0AA6" failures="0" tests="1" name="testCases.TC_210_ValidationOfOptionsInEcoCollection_TopsPage_M" time="5.895" errors="0" timestamp="2025-01-08T21:40:52 CET" skipped="0">
  <testcase classname="testCases.TC_210_ValidationOfOptionsInEcoCollection_TopsPage_M" name="ValidationOfOptionsInEcoCollection_TopsPage_M" time="5.895"/>
</testsuite> <!-- testCases.TC_210_ValidationOfOptionsInEcoCollection_TopsPage_M -->
